#
# There is insufficient memory for the Java Runtime Environment to continue.
# Native memory allocation (malloc) failed to allocate 1048576 bytes. Error detail: AllocateHeap
# Possible reasons:
#   The system is out of physical RAM or swap space
#   This process is running with CompressedOops enabled, and the Java Heap may be blocking the growth of the native heap
# Possible solutions:
#   Reduce memory load on the system
#   Increase physical memory or swap space
#   Check if swap backing store is full
#   Decrease Java heap size (-Xmx/-Xms)
#   Decrease number of Java threads
#   Decrease Java thread stack sizes (-Xss)
#   Set larger code cache with -XX:ReservedCodeCacheSize=
#   JVM is running with Unscaled Compressed Oops mode in which the Java heap is
#     placed in the first 4GB address space. The Java Heap base address is the
#     maximum limit for the native heap growth. Please use -XX:HeapBaseMinAddress
#     to set the Java Heap base and to place the Java Heap above 4GB virtual address.
# This output file may be truncated or incomplete.
#
#  Out of Memory Error (allocation.cpp:44), pid=26788, tid=4512
#
# JRE version: Java(TM) SE Runtime Environment (22.0.2+9) (build 22.0.2+9-70)
# Java VM: Java HotSpot(TM) 64-Bit Server VM (22.0.2+9-70, mixed mode, emulated-client, sharing, tiered, compressed oops, compressed class ptrs, g1 gc, windows-amd64)
# No core dump will be written. Minidumps are not enabled by default on client versions of Windows
#

---------------  S U M M A R Y ------------

Command Line: -XX:TieredStopAtLevel=1 -Dspring.output.ansi.enabled=always -Dcom.sun.management.jmxremote -Dspring.jmx.enabled=true -Dspring.liveBeansView.mbeanDomain -Dspring.application.admin.enabled=true -Dmanagement.endpoints.jmx.exposure.include=* -javaagent:C:\Program Files\JetBrains\IntelliJ IDEA 2024.2.2\lib\idea_rt.jar=56516:C:\Program Files\JetBrains\IntelliJ IDEA 2024.2.2\bin -Dfile.encoding=UTF-8 -Dsun.stdout.encoding=UTF-8 -Dsun.stderr.encoding=UTF-8 vn.fpt.se18.MentorLinking_BackEnd.MentorLinkingBackEndApplication

Host: Intel(R) Core(TM) i7-4810MQ CPU @ 2.80GHz, 8 cores, 7G,  Windows 10 , 64 bit Build 19041 (10.0.19041.5915)
Time: Sun Oct 26 11:20:17 2025 SE Asia Standard Time elapsed time: 1623.008486 seconds (0d 0h 27m 3s)

---------------  T H R E A D  ---------------

Current thread (0x0000021b63980e30):  VMThread "VM Thread"          [id=4512, stack(0x000000bdc7200000,0x000000bdc7300000) (1024K)]

Stack: [0x000000bdc7200000,0x000000bdc7300000]
Native frames: (J=compiled Java code, j=interpreted, Vv=VM code, C=native code)
V  [jvm.dll+0x6e26e9]  (no source info available)
V  [jvm.dll+0x875753]  (no source info available)
V  [jvm.dll+0x877b7e]  (no source info available)
V  [jvm.dll+0x878253]  (no source info available)
V  [jvm.dll+0x27fc86]  (no source info available)
V  [jvm.dll+0xbe877]  (no source info available)
V  [jvm.dll+0x348faf]  (no source info available)
V  [jvm.dll+0x34395e]  (no source info available)
V  [jvm.dll+0x32c01c]  (no source info available)
V  [jvm.dll+0x370394]  (no source info available)
V  [jvm.dll+0x87e0f0]  (no source info available)
V  [jvm.dll+0x87f477]  (no source info available)
V  [jvm.dll+0x87f9f0]  (no source info available)
V  [jvm.dll+0x87fc93]  (no source info available)
V  [jvm.dll+0x81dc0b]  (no source info available)
V  [jvm.dll+0x6e0d85]  (no source info available)
C  [ucrtbase.dll+0x21bb2]  (no source info available)
C  [KERNEL32.DLL+0x17374]  (no source info available)
C  [ntdll.dll+0x4cc91]  (no source info available)

VM_Operation (0x000000bdc68ff010): G1CollectFull, mode: safepoint, requested by thread 0x0000021b49a45f50


---------------  P R O C E S S  ---------------

Threads class SMR info:
_java_thread_list=0x0000021b49c652f0, length=16, elements={
0x0000021b639a0f90, 0x0000021b639a3c00, 0x0000021b639a7620, 0x0000021b639a8080,
0x0000021b639aaaf0, 0x0000021b639b82c0, 0x0000021b639c0d30, 0x0000021b4526beb0,
0x0000021b4526b190, 0x0000021b4526cbd0, 0x0000021b4526d8f0, 0x0000021b4526b820,
0x0000021b47d2fbc0, 0x0000021b47d2ba20, 0x0000021b49a44510, 0x0000021b49a45f50
}

Java Threads: ( => current thread )
  0x0000021b639a0f90 JavaThread "Reference Handler"          daemon [_thread_blocked, id=19620, stack(0x000000bdc7300000,0x000000bdc7400000) (1024K)]
  0x0000021b639a3c00 JavaThread "Finalizer"                  daemon [_thread_blocked, id=22436, stack(0x000000bdc7400000,0x000000bdc7500000) (1024K)]
  0x0000021b639a7620 JavaThread "Signal Dispatcher"          daemon [_thread_blocked, id=31124, stack(0x000000bdc7500000,0x000000bdc7600000) (1024K)]
  0x0000021b639a8080 JavaThread "Attach Listener"            daemon [_thread_blocked, id=27164, stack(0x000000bdc7600000,0x000000bdc7700000) (1024K)]
  0x0000021b639aaaf0 JavaThread "Service Thread"             daemon [_thread_blocked, id=3284, stack(0x000000bdc7700000,0x000000bdc7800000) (1024K)]
  0x0000021b639b82c0 JavaThread "Monitor Deflation Thread"   daemon [_thread_blocked, id=19992, stack(0x000000bdc7800000,0x000000bdc7900000) (1024K)]
  0x0000021b639c0d30 JavaThread "C1 CompilerThread0"         daemon [_thread_blocked, id=11428, stack(0x000000bdc7900000,0x000000bdc7a00000) (1024K)]
  0x0000021b4526beb0 JavaThread "Common-Cleaner"             daemon [_thread_blocked, id=31684, stack(0x000000bdc7a00000,0x000000bdc7b00000) (1024K)]
  0x0000021b4526b190 JavaThread "Monitor Ctrl-Break"         daemon [_thread_in_native, id=5316, stack(0x000000bdc7d00000,0x000000bdc7e00000) (1024K)]
  0x0000021b4526cbd0 JavaThread "Notification Thread"        daemon [_thread_blocked, id=23200, stack(0x000000bdc7e00000,0x000000bdc7f00000) (1024K)]
  0x0000021b4526d8f0 JavaThread "RMI TCP Accept-0"           daemon [_thread_in_native, id=30604, stack(0x000000bdc7f00000,0x000000bdc8000000) (1024K)]
  0x0000021b4526b820 JavaThread "RMI Scheduler(0)"           daemon [_thread_blocked, id=9848, stack(0x000000bdc8900000,0x000000bdc8a00000) (1024K)]
  0x0000021b47d2fbc0 JavaThread "mysql-cj-abandoned-connection-cleanup" daemon [_thread_blocked, id=10008, stack(0x000000bdc8c00000,0x000000bdc8d00000) (1024K)]
  0x0000021b47d2ba20 JavaThread "Live Reload Server"         daemon [_thread_in_native, id=27104, stack(0x000000bdc9500000,0x000000bdc9600000) (1024K)]
  0x0000021b49a44510 JavaThread "DestroyJavaVM"                     [_thread_blocked, id=21548, stack(0x000000bdc6b00000,0x000000bdc6c00000) (1024K)]
  0x0000021b49a45f50 JavaThread "Thread-27"                         [_thread_blocked, id=29944, stack(0x000000bdc6800000,0x000000bdc6900000) (1024K)]
Total: 16

Other Threads:
=>0x0000021b63980e30 VMThread "VM Thread"                           [id=4512, stack(0x000000bdc7200000,0x000000bdc7300000) (1024K)]
  0x0000021b6396c990 WatcherThread "VM Periodic Task Thread"        [id=5064, stack(0x000000bdc7100000,0x000000bdc7200000) (1024K)]
  0x0000021b51390c10 WorkerThread "GC Thread#0"                     [id=10604, stack(0x000000bdc6c00000,0x000000bdc6d00000) (1024K)]
  0x0000021b45cf0bf0 WorkerThread "GC Thread#1"                     [id=26756, stack(0x000000bdc8000000,0x000000bdc8100000) (1024K)]
  0x0000021b45cf0fa0 WorkerThread "GC Thread#2"                     [id=16480, stack(0x000000bdc8100000,0x000000bdc8200000) (1024K)]
  0x0000021b460c0dd0 WorkerThread "GC Thread#3"                     [id=29512, stack(0x000000bdc8200000,0x000000bdc8300000) (1024K)]
  0x0000021b460c5590 WorkerThread "GC Thread#4"                     [id=5128, stack(0x000000bdc8300000,0x000000bdc8400000) (1024K)]
  0x0000021b460c5940 WorkerThread "GC Thread#5"                     [id=16528, stack(0x000000bdc8400000,0x000000bdc8500000) (1024K)]
  0x0000021b460c6100 WorkerThread "GC Thread#6"                     [id=6416, stack(0x000000bdc8500000,0x000000bdc8600000) (1024K)]
  0x0000021b4658eb10 WorkerThread "GC Thread#7"                     [id=13568, stack(0x000000bdc8a00000,0x000000bdc8b00000) (1024K)]
  0x0000021b5120df00 ConcurrentGCThread "G1 Main Marker"            [id=9224, stack(0x000000bdc6d00000,0x000000bdc6e00000) (1024K)]
  0x0000021b5120e920 WorkerThread "G1 Conc#0"                       [id=7056, stack(0x000000bdc6e00000,0x000000bdc6f00000) (1024K)]
  0x0000021b46a01230 WorkerThread "G1 Conc#1"                       [id=21984, stack(0x000000bdc8d00000,0x000000bdc8e00000) (1024K)]
  0x0000021b6382e5d0 ConcurrentGCThread "G1 Refine#0"               [id=28252, stack(0x000000bdc6f00000,0x000000bdc7000000) (1024K)]
  0x0000021b6382fe10 ConcurrentGCThread "G1 Service"                [id=8532, stack(0x000000bdc7000000,0x000000bdc7100000) (1024K)]
Total: 15

Threads with active compile tasks:
C1 CompilerThread0  1623194 21627   !   1       java.util.concurrent.ThreadPoolExecutor::tryTerminate (177 bytes)
Total: 1

VM state: at safepoint (normal execution)

VM Mutex/Monitor currently owned by a thread:  ([mutex/lock_event])
[0x00007ffef27acb80] Threads_lock - owner thread: 0x0000021b63980e30
[0x00007ffef27acc80] Heap_lock - owner thread: 0x0000021b49a45f50

Heap address: 0x0000000081c00000, size: 2020 MB, Compressed Oops mode: 32-bit

CDS archive(s) mapped at: [0x0000021b00000000-0x0000021b00c60000-0x0000021b00c60000), size 12976128, SharedBaseAddress: 0x0000021b00000000, ArchiveRelocationMode: 1.
Compressed class space mapped at: 0x0000021b01000000-0x0000021b41000000, reserved size: 1073741824
Narrow klass base: 0x0000021b00000000, Narrow klass shift: 0, Narrow klass range: 0x41000000

GC Precious Log:
 CardTable entry size: 512
 Card Set container configuration: InlinePtr #cards 5 size 8 Array Of Cards #cards 12 size 40 Howl #buckets 4 coarsen threshold 1843 Howl Bitmap #cards 512 size 80 coarsen threshold 460 Card regions per heap region 1 cards per card region 2048
 CPUs: 8 total, 8 available
 Memory: 8073M
 Large Page Support: Disabled
 NUMA Support: Disabled
 Compressed Oops: Enabled (32-bit)
 Heap Region Size: 1M
 Heap Min Capacity: 8M
 Heap Initial Capacity: 128M
 Heap Max Capacity: 2020M
 Pre-touch: Disabled
 Parallel Workers: 8
 Concurrent Workers: 2
 Concurrent Refinement Workers: 8
 Periodic GC: Disabled

Heap:
 garbage-first heap   total reserved 2068480K, committed 167936K, used 93783K [0x0000000081c00000, 0x0000000100000000)
  region size 1024K, 20 young (20480K), 9 survivors (9216K)
 Metaspace       used 100427K, committed 101376K, reserved 1179648K
  class space    used 14553K, committed 14976K, reserved 1048576K

Heap Regions: E=young(eden), S=young(survivor), O=old, HS=humongous(starts), HC=humongous(continues), CS=collection set, F=free, TAMS=top-at-mark-start, PB=parsable bottom
|   0|0x0000000081c00000, 0x0000000081d00000, 0x0000000081d00000|100%|HS|  |TAMS 0x0000000081c00000| PB 0x0000000081c00000| Complete |  0
|   1|0x0000000081d00000, 0x0000000081e00000, 0x0000000081e00000|100%|HS|  |TAMS 0x0000000081d00000| PB 0x0000000081d00000| Complete |  0
|   2|0x0000000081e00000, 0x0000000081efffd8, 0x0000000081f00000| 99%| O|  |TAMS 0x0000000081e00000| PB 0x0000000081e00000| Untracked |  0
|   3|0x0000000081f00000, 0x0000000082000000, 0x0000000082000000|100%|HS|  |TAMS 0x0000000081f00000| PB 0x0000000081f00000| Complete |  0
|   4|0x0000000082000000, 0x0000000082100000, 0x0000000082100000|100%| O|  |TAMS 0x0000000082000000| PB 0x0000000082000000| Untracked |  0
|   5|0x0000000082100000, 0x00000000821fff58, 0x0000000082200000| 99%| O|  |TAMS 0x0000000082100000| PB 0x0000000082100000| Untracked |  0
|   6|0x0000000082200000, 0x00000000822fffe8, 0x0000000082300000| 99%| O|  |TAMS 0x0000000082200000| PB 0x0000000082200000| Untracked |  0
|   7|0x0000000082300000, 0x0000000082400000, 0x0000000082400000|100%| O|  |TAMS 0x0000000082300000| PB 0x0000000082300000| Untracked |  0
|   8|0x0000000082400000, 0x0000000082500000, 0x0000000082500000|100%| O|  |TAMS 0x0000000082400000| PB 0x0000000082400000| Untracked |  0
|   9|0x0000000082500000, 0x00000000825ffff0, 0x0000000082600000| 99%| O|  |TAMS 0x0000000082500000| PB 0x0000000082500000| Untracked |  0
|  10|0x0000000082600000, 0x0000000082700000, 0x0000000082700000|100%| O|  |TAMS 0x0000000082600000| PB 0x0000000082600000| Untracked |  0
|  11|0x0000000082700000, 0x00000000827fffc0, 0x0000000082800000| 99%| O|  |TAMS 0x0000000082700000| PB 0x0000000082700000| Untracked |  0
|  12|0x0000000082800000, 0x0000000082900000, 0x0000000082900000|100%| O|  |TAMS 0x0000000082800000| PB 0x0000000082800000| Untracked |  0
|  13|0x0000000082900000, 0x00000000829fffb8, 0x0000000082a00000| 99%| O|  |TAMS 0x0000000082900000| PB 0x0000000082900000| Untracked |  0
|  14|0x0000000082a00000, 0x0000000082b00000, 0x0000000082b00000|100%| O|  |TAMS 0x0000000082a00000| PB 0x0000000082a00000| Untracked |  0
|  15|0x0000000082b00000, 0x0000000082c00000, 0x0000000082c00000|100%| O|  |TAMS 0x0000000082b00000| PB 0x0000000082b00000| Untracked |  0
|  16|0x0000000082c00000, 0x0000000082cfffb8, 0x0000000082d00000| 99%| O|  |TAMS 0x0000000082c00000| PB 0x0000000082c00000| Untracked |  0
|  17|0x0000000082d00000, 0x0000000082e00000, 0x0000000082e00000|100%| O|  |TAMS 0x0000000082d00000| PB 0x0000000082d00000| Untracked |  0
|  18|0x0000000082e00000, 0x0000000082efffe8, 0x0000000082f00000| 99%| O|  |TAMS 0x0000000082e00000| PB 0x0000000082e00000| Untracked |  0
|  19|0x0000000082f00000, 0x0000000082fffff0, 0x0000000083000000| 99%| O|  |TAMS 0x0000000082f00000| PB 0x0000000082f00000| Untracked |  0
|  20|0x0000000083000000, 0x00000000830ffff0, 0x0000000083100000| 99%| O|  |TAMS 0x0000000083000000| PB 0x0000000083000000| Untracked |  0
|  21|0x0000000083100000, 0x0000000083200000, 0x0000000083200000|100%| O|  |TAMS 0x0000000083100000| PB 0x0000000083100000| Untracked |  0
|  22|0x0000000083200000, 0x00000000832fffd8, 0x0000000083300000| 99%| O|  |TAMS 0x0000000083200000| PB 0x0000000083200000| Untracked |  0
|  23|0x0000000083300000, 0x00000000833ffff0, 0x0000000083400000| 99%| O|  |TAMS 0x0000000083300000| PB 0x0000000083300000| Untracked |  0
|  24|0x0000000083400000, 0x00000000834ffff0, 0x0000000083500000| 99%| O|  |TAMS 0x0000000083400000| PB 0x0000000083400000| Untracked |  0
|  25|0x0000000083500000, 0x00000000835ffff8, 0x0000000083600000| 99%| O|  |TAMS 0x0000000083500000| PB 0x0000000083500000| Untracked |  0
|  26|0x0000000083600000, 0x0000000083700000, 0x0000000083700000|100%| O|  |TAMS 0x0000000083600000| PB 0x0000000083600000| Untracked |  0
|  27|0x0000000083700000, 0x00000000837fe9e0, 0x0000000083800000| 99%| O|  |TAMS 0x0000000083700000| PB 0x0000000083700000| Untracked |  0
|  28|0x0000000083800000, 0x00000000838ffff0, 0x0000000083900000| 99%| O|  |TAMS 0x0000000083800000| PB 0x0000000083800000| Untracked |  0
|  29|0x0000000083900000, 0x00000000839ffd40, 0x0000000083a00000| 99%| O|  |TAMS 0x0000000083900000| PB 0x0000000083900000| Untracked |  0
|  30|0x0000000083a00000, 0x0000000083affff8, 0x0000000083b00000| 99%| O|  |TAMS 0x0000000083a00000| PB 0x0000000083a00000| Untracked |  0
|  31|0x0000000083b00000, 0x0000000083c00000, 0x0000000083c00000|100%| O|  |TAMS 0x0000000083b00000| PB 0x0000000083b00000| Untracked |  0
|  32|0x0000000083c00000, 0x0000000083cffff8, 0x0000000083d00000| 99%| O|  |TAMS 0x0000000083c00000| PB 0x0000000083c00000| Untracked |  0
|  33|0x0000000083d00000, 0x0000000083dfffe8, 0x0000000083e00000| 99%| O|  |TAMS 0x0000000083d00000| PB 0x0000000083d00000| Untracked |  0
|  34|0x0000000083e00000, 0x0000000083f00000, 0x0000000083f00000|100%| O|  |TAMS 0x0000000083e00000| PB 0x0000000083e00000| Untracked |  0
|  35|0x0000000083f00000, 0x0000000083fffff0, 0x0000000084000000| 99%| O|  |TAMS 0x0000000083f00000| PB 0x0000000083f00000| Untracked |  0
|  36|0x0000000084000000, 0x00000000840fffe8, 0x0000000084100000| 99%| O|  |TAMS 0x0000000084000000| PB 0x0000000084000000| Untracked |  0
|  37|0x0000000084100000, 0x00000000841fffe8, 0x0000000084200000| 99%| O|  |TAMS 0x0000000084100000| PB 0x0000000084100000| Untracked |  0
|  38|0x0000000084200000, 0x00000000842fffd8, 0x0000000084300000| 99%| O|  |TAMS 0x0000000084200000| PB 0x0000000084200000| Untracked |  0
|  39|0x0000000084300000, 0x00000000843fff60, 0x0000000084400000| 99%| O|  |TAMS 0x0000000084300000| PB 0x0000000084300000| Untracked |  0
|  40|0x0000000084400000, 0x00000000844fffd8, 0x0000000084500000| 99%| O|  |TAMS 0x0000000084400000| PB 0x0000000084400000| Untracked |  0
|  41|0x0000000084500000, 0x00000000845fffd0, 0x0000000084600000| 99%| O|  |TAMS 0x0000000084500000| PB 0x0000000084500000| Untracked |  0
|  42|0x0000000084600000, 0x00000000846ffff0, 0x0000000084700000| 99%| O|  |TAMS 0x0000000084600000| PB 0x0000000084600000| Untracked |  0
|  43|0x0000000084700000, 0x00000000847fffe0, 0x0000000084800000| 99%| O|  |TAMS 0x0000000084700000| PB 0x0000000084700000| Untracked |  0
|  44|0x0000000084800000, 0x00000000848fffe8, 0x0000000084900000| 99%| O|  |TAMS 0x0000000084800000| PB 0x0000000084800000| Untracked |  0
|  45|0x0000000084900000, 0x00000000849ffff0, 0x0000000084a00000| 99%| O|  |TAMS 0x0000000084900000| PB 0x0000000084900000| Untracked |  0
|  46|0x0000000084a00000, 0x0000000084b00000, 0x0000000084b00000|100%| O|  |TAMS 0x0000000084a00000| PB 0x0000000084a00000| Untracked |  0
|  47|0x0000000084b00000, 0x0000000084bfffe8, 0x0000000084c00000| 99%| O|  |TAMS 0x0000000084b00000| PB 0x0000000084b00000| Untracked |  0
|  48|0x0000000084c00000, 0x0000000084cffff0, 0x0000000084d00000| 99%| O|  |TAMS 0x0000000084c00000| PB 0x0000000084c00000| Untracked |  0
|  49|0x0000000084d00000, 0x0000000084dfffe0, 0x0000000084e00000| 99%| O|  |TAMS 0x0000000084d00000| PB 0x0000000084d00000| Untracked |  0
|  50|0x0000000084e00000, 0x0000000084efffe8, 0x0000000084f00000| 99%| O|  |TAMS 0x0000000084e00000| PB 0x0000000084e00000| Untracked |  0
|  51|0x0000000084f00000, 0x0000000085000000, 0x0000000085000000|100%| O|  |TAMS 0x0000000084f00000| PB 0x0000000084f00000| Untracked |  0
|  52|0x0000000085000000, 0x00000000850fffe8, 0x0000000085100000| 99%| O|  |TAMS 0x0000000085000000| PB 0x0000000085000000| Untracked |  0
|  53|0x0000000085100000, 0x00000000851ffff0, 0x0000000085200000| 99%| O|  |TAMS 0x0000000085100000| PB 0x0000000085100000| Untracked |  0
|  54|0x0000000085200000, 0x00000000852fffe8, 0x0000000085300000| 99%| O|  |TAMS 0x0000000085200000| PB 0x0000000085200000| Untracked |  0
|  55|0x0000000085300000, 0x00000000853fffd8, 0x0000000085400000| 99%| O|  |TAMS 0x0000000085300000| PB 0x0000000085300000| Untracked |  0
|  56|0x0000000085400000, 0x00000000854ffff8, 0x0000000085500000| 99%| O|  |TAMS 0x0000000085400000| PB 0x0000000085400000| Untracked |  0
|  57|0x0000000085500000, 0x00000000855ff2a8, 0x0000000085600000| 99%| O|  |TAMS 0x0000000085500000| PB 0x0000000085500000| Untracked |  0
|  58|0x0000000085600000, 0x0000000085700000, 0x0000000085700000|100%| O|  |TAMS 0x0000000085600000| PB 0x0000000085600000| Untracked |  0
|  59|0x0000000085700000, 0x00000000857fffc0, 0x0000000085800000| 99%| O|  |TAMS 0x0000000085700000| PB 0x0000000085700000| Untracked |  0
|  60|0x0000000085800000, 0x0000000085900000, 0x0000000085900000|100%| O|  |TAMS 0x0000000085800000| PB 0x0000000085800000| Untracked |  0
|  61|0x0000000085900000, 0x00000000859fffd8, 0x0000000085a00000| 99%| O|  |TAMS 0x0000000085900000| PB 0x0000000085900000| Untracked |  0
|  62|0x0000000085a00000, 0x0000000085b00000, 0x0000000085b00000|100%| O|  |TAMS 0x0000000085a00000| PB 0x0000000085a00000| Untracked |  0
|  63|0x0000000085b00000, 0x0000000085b6d1e8, 0x0000000085c00000| 42%| O|  |TAMS 0x0000000085b00000| PB 0x0000000085b00000| Untracked |  0
|  64|0x0000000085c00000, 0x0000000085cbfa38, 0x0000000085d00000| 74%| O|  |TAMS 0x0000000085c00000| PB 0x0000000085c00000| Untracked |  0
|  65|0x0000000085d00000, 0x0000000085e00000, 0x0000000085e00000|100%| O|  |TAMS 0x0000000085d00000| PB 0x0000000085d00000| Untracked |  0
|  66|0x0000000085e00000, 0x0000000085e7b530, 0x0000000085f00000| 48%| O|  |TAMS 0x0000000085e00000| PB 0x0000000085e00000| Untracked |  0
|  67|0x0000000085f00000, 0x0000000085f1e078, 0x0000000086000000| 11%| O|  |TAMS 0x0000000085f00000| PB 0x0000000085f00000| Untracked |  0
|  68|0x0000000086000000, 0x0000000086100000, 0x0000000086100000|100%| O|  |TAMS 0x0000000086000000| PB 0x0000000086000000| Untracked |  0
|  69|0x0000000086100000, 0x0000000086100000, 0x0000000086200000|  0%| F|  |TAMS 0x0000000086100000| PB 0x0000000086100000| Untracked |  0
|  70|0x0000000086200000, 0x0000000086300000, 0x0000000086300000|100%| O|  |TAMS 0x0000000086200000| PB 0x0000000086200000| Untracked |  0
|  71|0x0000000086300000, 0x0000000086400000, 0x0000000086400000|100%| O|  |TAMS 0x0000000086300000| PB 0x0000000086300000| Untracked |  0
|  72|0x0000000086400000, 0x0000000086500000, 0x0000000086500000|100%| O|  |TAMS 0x0000000086400000| PB 0x0000000086400000| Untracked |  0
|  73|0x0000000086500000, 0x0000000086600000, 0x0000000086600000|100%| O|  |TAMS 0x0000000086500000| PB 0x0000000086500000| Untracked |  0
|  74|0x0000000086600000, 0x0000000086700000, 0x0000000086700000|100%| O|  |TAMS 0x0000000086600000| PB 0x0000000086600000| Untracked |  0
|  75|0x0000000086700000, 0x0000000086800000, 0x0000000086800000|100%| O|  |TAMS 0x0000000086700000| PB 0x0000000086700000| Untracked |  0
|  76|0x0000000086800000, 0x0000000086800000, 0x0000000086900000|  0%| F|  |TAMS 0x0000000086800000| PB 0x0000000086800000| Untracked |  0
|  77|0x0000000086900000, 0x0000000086900000, 0x0000000086a00000|  0%| F|  |TAMS 0x0000000086900000| PB 0x0000000086900000| Untracked |  0
|  78|0x0000000086a00000, 0x0000000086a00000, 0x0000000086b00000|  0%| F|  |TAMS 0x0000000086a00000| PB 0x0000000086a00000| Untracked |  0
|  79|0x0000000086b00000, 0x0000000086b00000, 0x0000000086c00000|  0%| F|  |TAMS 0x0000000086b00000| PB 0x0000000086b00000| Untracked |  0
|  80|0x0000000086c00000, 0x0000000086cd27c0, 0x0000000086d00000| 82%| S|CS|TAMS 0x0000000086c00000| PB 0x0000000086c00000| Complete |  0
|  81|0x0000000086d00000, 0x0000000086e00000, 0x0000000086e00000|100%| S|CS|TAMS 0x0000000086d00000| PB 0x0000000086d00000| Complete |  0
|  82|0x0000000086e00000, 0x0000000086f00000, 0x0000000086f00000|100%| S|CS|TAMS 0x0000000086e00000| PB 0x0000000086e00000| Complete |  0
|  83|0x0000000086f00000, 0x0000000087000000, 0x0000000087000000|100%| S|CS|TAMS 0x0000000086f00000| PB 0x0000000086f00000| Complete |  0
|  84|0x0000000087000000, 0x0000000087100000, 0x0000000087100000|100%| S|CS|TAMS 0x0000000087000000| PB 0x0000000087000000| Complete |  0
|  85|0x0000000087100000, 0x0000000087200000, 0x0000000087200000|100%| S|CS|TAMS 0x0000000087100000| PB 0x0000000087100000| Complete |  0
|  86|0x0000000087200000, 0x0000000087200000, 0x0000000087300000|  0%| F|  |TAMS 0x0000000087200000| PB 0x0000000087200000| Untracked |  0
|  87|0x0000000087300000, 0x0000000087300000, 0x0000000087400000|  0%| F|  |TAMS 0x0000000087300000| PB 0x0000000087300000| Untracked |  0
|  88|0x0000000087400000, 0x0000000087400000, 0x0000000087500000|  0%| F|  |TAMS 0x0000000087400000| PB 0x0000000087400000| Untracked |  0
|  89|0x0000000087500000, 0x0000000087500000, 0x0000000087600000|  0%| F|  |TAMS 0x0000000087500000| PB 0x0000000087500000| Untracked |  0
|  90|0x0000000087600000, 0x0000000087600000, 0x0000000087700000|  0%| F|  |TAMS 0x0000000087600000| PB 0x0000000087600000| Untracked |  0
|  91|0x0000000087700000, 0x0000000087800000, 0x0000000087800000|100%| S|CS|TAMS 0x0000000087700000| PB 0x0000000087700000| Complete |  0
|  92|0x0000000087800000, 0x0000000087900000, 0x0000000087900000|100%| S|CS|TAMS 0x0000000087800000| PB 0x0000000087800000| Complete |  0
|  93|0x0000000087900000, 0x0000000087a00000, 0x0000000087a00000|100%| S|CS|TAMS 0x0000000087900000| PB 0x0000000087900000| Complete |  0
|  94|0x0000000087a00000, 0x0000000087a00000, 0x0000000087b00000|  0%| F|  |TAMS 0x0000000087a00000| PB 0x0000000087a00000| Untracked |  0
|  95|0x0000000087b00000, 0x0000000087b00000, 0x0000000087c00000|  0%| F|  |TAMS 0x0000000087b00000| PB 0x0000000087b00000| Untracked |  0
|  96|0x0000000087c00000, 0x0000000087c00000, 0x0000000087d00000|  0%| F|  |TAMS 0x0000000087c00000| PB 0x0000000087c00000| Untracked |  0
|  97|0x0000000087d00000, 0x0000000087d00000, 0x0000000087e00000|  0%| F|  |TAMS 0x0000000087d00000| PB 0x0000000087d00000| Untracked |  0
|  98|0x0000000087e00000, 0x0000000087e00000, 0x0000000087f00000|  0%| F|  |TAMS 0x0000000087e00000| PB 0x0000000087e00000| Untracked |  0
|  99|0x0000000087f00000, 0x0000000087f00000, 0x0000000088000000|  0%| F|  |TAMS 0x0000000087f00000| PB 0x0000000087f00000| Untracked |  0
| 100|0x0000000088000000, 0x0000000088000000, 0x0000000088100000|  0%| F|  |TAMS 0x0000000088000000| PB 0x0000000088000000| Untracked |  0
| 101|0x0000000088100000, 0x0000000088100000, 0x0000000088200000|  0%| F|  |TAMS 0x0000000088100000| PB 0x0000000088100000| Untracked |  0
| 102|0x0000000088200000, 0x0000000088200000, 0x0000000088300000|  0%| F|  |TAMS 0x0000000088200000| PB 0x0000000088200000| Untracked |  0
| 103|0x0000000088300000, 0x0000000088300000, 0x0000000088400000|  0%| F|  |TAMS 0x0000000088300000| PB 0x0000000088300000| Untracked |  0
| 104|0x0000000088400000, 0x0000000088400000, 0x0000000088500000|  0%| F|  |TAMS 0x0000000088400000| PB 0x0000000088400000| Untracked |  0
| 105|0x0000000088500000, 0x0000000088500000, 0x0000000088600000|  0%| F|  |TAMS 0x0000000088500000| PB 0x0000000088500000| Untracked |  0
| 106|0x0000000088600000, 0x0000000088600000, 0x0000000088700000|  0%| F|  |TAMS 0x0000000088600000| PB 0x0000000088600000| Untracked |  0
| 107|0x0000000088700000, 0x0000000088700000, 0x0000000088800000|  0%| F|  |TAMS 0x0000000088700000| PB 0x0000000088700000| Untracked |  0
| 108|0x0000000088800000, 0x0000000088800000, 0x0000000088900000|  0%| F|  |TAMS 0x0000000088800000| PB 0x0000000088800000| Untracked |  0
| 109|0x0000000088900000, 0x0000000088900000, 0x0000000088a00000|  0%| F|  |TAMS 0x0000000088900000| PB 0x0000000088900000| Untracked |  0
| 110|0x0000000088a00000, 0x0000000088a00000, 0x0000000088b00000|  0%| F|  |TAMS 0x0000000088a00000| PB 0x0000000088a00000| Untracked |  0
| 111|0x0000000088b00000, 0x0000000088b00000, 0x0000000088c00000|  0%| F|  |TAMS 0x0000000088b00000| PB 0x0000000088b00000| Untracked |  0
| 112|0x0000000088c00000, 0x0000000088c00000, 0x0000000088d00000|  0%| F|  |TAMS 0x0000000088c00000| PB 0x0000000088c00000| Untracked |  0
| 113|0x0000000088d00000, 0x0000000088d00000, 0x0000000088e00000|  0%| F|  |TAMS 0x0000000088d00000| PB 0x0000000088d00000| Untracked |  0
| 114|0x0000000088e00000, 0x0000000088e00000, 0x0000000088f00000|  0%| F|  |TAMS 0x0000000088e00000| PB 0x0000000088e00000| Untracked |  0
| 115|0x0000000088f00000, 0x0000000088f00000, 0x0000000089000000|  0%| F|  |TAMS 0x0000000088f00000| PB 0x0000000088f00000| Untracked |  0
| 116|0x0000000089000000, 0x0000000089000000, 0x0000000089100000|  0%| F|  |TAMS 0x0000000089000000| PB 0x0000000089000000| Untracked |  0
| 117|0x0000000089100000, 0x0000000089100000, 0x0000000089200000|  0%| F|  |TAMS 0x0000000089100000| PB 0x0000000089100000| Untracked |  0
| 118|0x0000000089200000, 0x0000000089200000, 0x0000000089300000|  0%| F|  |TAMS 0x0000000089200000| PB 0x0000000089200000| Untracked |  0
| 119|0x0000000089300000, 0x0000000089300000, 0x0000000089400000|  0%| F|  |TAMS 0x0000000089300000| PB 0x0000000089300000| Untracked |  0
| 120|0x0000000089400000, 0x0000000089400000, 0x0000000089500000|  0%| F|  |TAMS 0x0000000089400000| PB 0x0000000089400000| Untracked |  0
| 121|0x0000000089500000, 0x0000000089500000, 0x0000000089600000|  0%| F|  |TAMS 0x0000000089500000| PB 0x0000000089500000| Untracked |  0
| 122|0x0000000089600000, 0x0000000089600000, 0x0000000089700000|  0%| F|  |TAMS 0x0000000089600000| PB 0x0000000089600000| Untracked |  0
| 123|0x0000000089700000, 0x0000000089700000, 0x0000000089800000|  0%| F|  |TAMS 0x0000000089700000| PB 0x0000000089700000| Untracked |  0
| 124|0x0000000089800000, 0x0000000089800000, 0x0000000089900000|  0%| F|  |TAMS 0x0000000089800000| PB 0x0000000089800000| Untracked |  0
| 125|0x0000000089900000, 0x0000000089900000, 0x0000000089a00000|  0%| F|  |TAMS 0x0000000089900000| PB 0x0000000089900000| Untracked |  0
| 126|0x0000000089a00000, 0x0000000089a00000, 0x0000000089b00000|  0%| F|  |TAMS 0x0000000089a00000| PB 0x0000000089a00000| Untracked |  0
| 127|0x0000000089b00000, 0x0000000089b00000, 0x0000000089c00000|  0%| F|  |TAMS 0x0000000089b00000| PB 0x0000000089b00000| Untracked |  0
| 128|0x0000000089c00000, 0x0000000089c00000, 0x0000000089d00000|  0%| F|  |TAMS 0x0000000089c00000| PB 0x0000000089c00000| Untracked |  0
| 129|0x0000000089d00000, 0x0000000089d00000, 0x0000000089e00000|  0%| F|  |TAMS 0x0000000089d00000| PB 0x0000000089d00000| Untracked |  0
| 130|0x0000000089e00000, 0x0000000089e00000, 0x0000000089f00000|  0%| F|  |TAMS 0x0000000089e00000| PB 0x0000000089e00000| Untracked |  0
| 131|0x0000000089f00000, 0x0000000089f00000, 0x000000008a000000|  0%| F|  |TAMS 0x0000000089f00000| PB 0x0000000089f00000| Untracked |  0
| 132|0x000000008a000000, 0x000000008a000000, 0x000000008a100000|  0%| F|  |TAMS 0x000000008a000000| PB 0x000000008a000000| Untracked |  0
| 133|0x000000008a100000, 0x000000008a100000, 0x000000008a200000|  0%| F|  |TAMS 0x000000008a100000| PB 0x000000008a100000| Untracked |  0
| 134|0x000000008a200000, 0x000000008a200000, 0x000000008a300000|  0%| F|  |TAMS 0x000000008a200000| PB 0x000000008a200000| Untracked |  0
| 135|0x000000008a300000, 0x000000008a300000, 0x000000008a400000|  0%| F|  |TAMS 0x000000008a300000| PB 0x000000008a300000| Untracked |  0
| 136|0x000000008a400000, 0x000000008a400000, 0x000000008a500000|  0%| F|  |TAMS 0x000000008a400000| PB 0x000000008a400000| Untracked |  0
| 137|0x000000008a500000, 0x000000008a500000, 0x000000008a600000|  0%| F|  |TAMS 0x000000008a500000| PB 0x000000008a500000| Untracked |  0
| 138|0x000000008a600000, 0x000000008a600000, 0x000000008a700000|  0%| F|  |TAMS 0x000000008a600000| PB 0x000000008a600000| Untracked |  0
| 139|0x000000008a700000, 0x000000008a700000, 0x000000008a800000|  0%| F|  |TAMS 0x000000008a700000| PB 0x000000008a700000| Untracked |  0
| 140|0x000000008a800000, 0x000000008a800000, 0x000000008a900000|  0%| F|  |TAMS 0x000000008a800000| PB 0x000000008a800000| Untracked |  0
| 141|0x000000008a900000, 0x000000008a900000, 0x000000008aa00000|  0%| F|  |TAMS 0x000000008a900000| PB 0x000000008a900000| Untracked |  0
| 142|0x000000008aa00000, 0x000000008aa00000, 0x000000008ab00000|  0%| F|  |TAMS 0x000000008aa00000| PB 0x000000008aa00000| Untracked |  0
| 143|0x000000008ab00000, 0x000000008ab00000, 0x000000008ac00000|  0%| F|  |TAMS 0x000000008ab00000| PB 0x000000008ab00000| Untracked |  0
| 144|0x000000008ac00000, 0x000000008ac00000, 0x000000008ad00000|  0%| F|  |TAMS 0x000000008ac00000| PB 0x000000008ac00000| Untracked |  0
| 145|0x000000008ad00000, 0x000000008ad00000, 0x000000008ae00000|  0%| F|  |TAMS 0x000000008ad00000| PB 0x000000008ad00000| Untracked |  0
| 146|0x000000008ae00000, 0x000000008ae00000, 0x000000008af00000|  0%| F|  |TAMS 0x000000008ae00000| PB 0x000000008ae00000| Untracked |  0
| 147|0x000000008af00000, 0x000000008af00000, 0x000000008b000000|  0%| F|  |TAMS 0x000000008af00000| PB 0x000000008af00000| Untracked |  0
| 148|0x000000008b000000, 0x000000008b000000, 0x000000008b100000|  0%| F|  |TAMS 0x000000008b000000| PB 0x000000008b000000| Untracked |  0
| 149|0x000000008b100000, 0x000000008b100000, 0x000000008b200000|  0%| F|  |TAMS 0x000000008b100000| PB 0x000000008b100000| Untracked |  0
| 150|0x000000008b200000, 0x000000008b200000, 0x000000008b300000|  0%| F|  |TAMS 0x000000008b200000| PB 0x000000008b200000| Untracked |  0
| 151|0x000000008b300000, 0x000000008b300000, 0x000000008b400000|  0%| F|  |TAMS 0x000000008b300000| PB 0x000000008b300000| Untracked |  0
| 152|0x000000008b400000, 0x000000008b400000, 0x000000008b500000|  0%| F|  |TAMS 0x000000008b400000| PB 0x000000008b400000| Untracked |  0
| 153|0x000000008b500000, 0x000000008b600000, 0x000000008b600000|100%| E|  |TAMS 0x000000008b500000| PB 0x000000008b500000| Complete |  0
| 154|0x000000008b600000, 0x000000008b700000, 0x000000008b700000|100%| E|CS|TAMS 0x000000008b600000| PB 0x000000008b600000| Complete |  0
| 155|0x000000008b700000, 0x000000008b800000, 0x000000008b800000|100%| E|CS|TAMS 0x000000008b700000| PB 0x000000008b700000| Complete |  0
| 156|0x000000008b800000, 0x000000008b900000, 0x000000008b900000|100%| E|CS|TAMS 0x000000008b800000| PB 0x000000008b800000| Complete |  0
|2012|0x00000000ff800000, 0x00000000ff900000, 0x00000000ff900000|100%| E|CS|TAMS 0x00000000ff800000| PB 0x00000000ff800000| Complete |  0
|2013|0x00000000ff900000, 0x00000000ffa00000, 0x00000000ffa00000|100%| E|CS|TAMS 0x00000000ff900000| PB 0x00000000ff900000| Complete |  0
|2014|0x00000000ffa00000, 0x00000000ffb00000, 0x00000000ffb00000|100%| E|CS|TAMS 0x00000000ffa00000| PB 0x00000000ffa00000| Complete |  0
|2015|0x00000000ffb00000, 0x00000000ffc00000, 0x00000000ffc00000|100%| E|CS|TAMS 0x00000000ffb00000| PB 0x00000000ffb00000| Complete |  0
|2016|0x00000000ffc00000, 0x00000000ffd00000, 0x00000000ffd00000|100%| E|CS|TAMS 0x00000000ffc00000| PB 0x00000000ffc00000| Complete |  0
|2017|0x00000000ffd00000, 0x00000000ffe00000, 0x00000000ffe00000|100%| E|CS|TAMS 0x00000000ffd00000| PB 0x00000000ffd00000| Complete |  0
|2018|0x00000000ffe00000, 0x00000000fff00000, 0x00000000fff00000|100%| E|CS|TAMS 0x00000000ffe00000| PB 0x00000000ffe00000| Complete |  0

Card table byte_map: [0x0000021b5eb30000,0x0000021b5ef30000] _byte_map_base: 0x0000021b5e722000

Marking Bits: (CMBitMap*) 0x0000021b51391230
 Bits: [0x0000021b5ef30000, 0x0000021b60ec0000)

Polling page: 0x0000021b513e0000

Metaspace:

Usage:
  Non-class:     83.86 MB used.
      Class:     14.21 MB used.
       Both:     98.07 MB used.

Virtual space:
  Non-class space:      128.00 MB reserved,      84.38 MB ( 66%) committed,  2 nodes.
      Class space:        1.00 GB reserved,      14.62 MB (  1%) committed,  1 nodes.
             Both:        1.12 GB reserved,      99.00 MB (  9%) committed. 

Chunk freelists:
   Non-Class:  11.60 MB
       Class:  1.42 MB
        Both:  13.02 MB

MaxMetaspaceSize: unlimited
CompressedClassSpaceSize: 1.00 GB
Initial GC threshold: 21.00 MB
Current GC threshold: 162.81 MB
CDS: on
 - commit_granule_bytes: 65536.
 - commit_granule_words: 8192.
 - virtual_space_node_default_size: 8388608.
 - enlarge_chunks_in_place: 1.
 - use_allocation_guard: 0.


Internal statistics:

num_allocs_failed_limit: 6.
num_arena_births: 2482.
num_arena_deaths: 1282.
num_vsnodes_births: 3.
num_vsnodes_deaths: 0.
num_space_committed: 1584.
num_space_uncommitted: 0.
num_chunks_returned_to_freelist: 1448.
num_chunks_taken_from_freelist: 6792.
num_chunk_merges: 344.
num_chunk_splits: 4233.
num_chunks_enlarged: 3220.
num_inconsistent_stats: 0.

CodeCache: size=49152Kb used=22930Kb max_used=24648Kb free=26221Kb
 bounds [0x0000021b5ae40000, 0x0000021b5c6b0000, 0x0000021b5de40000]
 total_blobs=12438 nmethods=11649 adapters=711
 compilation: enabled
              stopped_count=0, restarted_count=0
 full_count=0

Compilation events (20 events):
Event: 1587.100 Thread 0x0000021b639c0d30 nmethod 21617 0x0000021b5c076c90 code [0x0000021b5c076e20, 0x0000021b5c076ee8]
Event: 1587.100 Thread 0x0000021b639c0d30 21618       1       javax.management.openmbean.CompositeDataSupport::get (73 bytes)
Event: 1587.100 Thread 0x0000021b639c0d30 nmethod 21618 0x0000021b5be18810 code [0x0000021b5be18a60, 0x0000021b5be18ef8]
Event: 1587.100 Thread 0x0000021b639c0d30 21619       1       sun.management.LazyCompositeData::getLong (28 bytes)
Event: 1587.100 Thread 0x0000021b639c0d30 nmethod 21619 0x0000021b5bba4910 code [0x0000021b5bba4ac0, 0x0000021b5bba4c80]
Event: 1587.100 Thread 0x0000021b639c0d30 21616       1       javax.management.openmbean.OpenType::isAssignableFrom (6 bytes)
Event: 1587.100 Thread 0x0000021b639c0d30 nmethod 21616 0x0000021b5c0ad010 code [0x0000021b5c0ad1a0, 0x0000021b5c0ad290]
Event: 1622.977 Thread 0x0000021b639c0d30 21620       1       io.micrometer.core.instrument.binder.logging.MetricsTurboFilter$$Lambda/0x0000021b01cc9800::run (12 bytes)
Event: 1622.978 Thread 0x0000021b639c0d30 nmethod 21620 0x0000021b5bbca510 code [0x0000021b5bbca6a0, 0x0000021b5bbca798]
Event: 1622.978 Thread 0x0000021b639c0d30 21621       1       io.micrometer.core.instrument.binder.logging.MetricsTurboFilter::lambda$decide$0 (6 bytes)
Event: 1622.978 Thread 0x0000021b639c0d30 nmethod 21621 0x0000021b5c0afd90 code [0x0000021b5c0aff20, 0x0000021b5c0b0000]
Event: 1622.978 Thread 0x0000021b639c0d30 21622       1       io.micrometer.core.instrument.binder.logging.MetricsTurboFilter::recordMetrics (114 bytes)
Event: 1622.978 Thread 0x0000021b639c0d30 nmethod 21622 0x0000021b5c520990 code [0x0000021b5c520b80, 0x0000021b5c520e18]
Event: 1622.980 Thread 0x0000021b639c0d30 21623       1       com.sun.jmx.mbeanserver.Repository::retrieveNamedObject (63 bytes)
Event: 1622.980 Thread 0x0000021b639c0d30 nmethod 21623 0x0000021b5bb40910 code [0x0000021b5bb40b00, 0x0000021b5bb40e28]
Event: 1622.981 Thread 0x0000021b639c0d30 21624       1       java.util.ArrayList$ListItr::previous (59 bytes)
Event: 1622.982 Thread 0x0000021b639c0d30 nmethod 21624 0x0000021b5c21b710 code [0x0000021b5c21b8e0, 0x0000021b5c21bbd8]
Event: 1622.986 Thread 0x0000021b639c0d30 21625   !   1       java.util.concurrent.LinkedBlockingQueue::offer (131 bytes)
Event: 1622.987 Thread 0x0000021b639c0d30 nmethod 21625 0x0000021b5b4a8410 code [0x0000021b5b4a8700, 0x0000021b5b4a9148]
Event: 1622.987 Thread 0x0000021b639c0d30 21627   !   1       java.util.concurrent.ThreadPoolExecutor::tryTerminate (177 bytes)

GC Heap History (20 events):
Event: 1496.188 GC heap after
{Heap after GC invocations=59 (full 4):
 garbage-first heap   total reserved 2068480K, committed 167936K, used 73321K [0x0000000081c00000, 0x0000000100000000)
  region size 1024K, 7 young (7168K), 7 survivors (7168K)
 Metaspace       used 96250K, committed 97280K, reserved 1179648K
  class space    used 14142K, committed 14592K, reserved 1048576K
}
Event: 1508.024 GC heap before
{Heap before GC invocations=60 (full 4):
 garbage-first heap   total reserved 2068480K, committed 167936K, used 149097K [0x0000000081c00000, 0x0000000100000000)
  region size 1024K, 81 young (82944K), 7 survivors (7168K)
 Metaspace       used 96853K, committed 97856K, reserved 1179648K
  class space    used 14215K, committed 14656K, reserved 1048576K
}
Event: 1508.033 GC heap after
{Heap after GC invocations=61 (full 4):
 garbage-first heap   total reserved 2068480K, committed 167936K, used 77371K [0x0000000081c00000, 0x0000000100000000)
  region size 1024K, 5 young (5120K), 5 survivors (5120K)
 Metaspace       used 96853K, committed 97856K, reserved 1179648K
  class space    used 14215K, committed 14656K, reserved 1048576K
}
Event: 1534.508 GC heap before
{Heap before GC invocations=61 (full 4):
 garbage-first heap   total reserved 2068480K, committed 167936K, used 150075K [0x0000000081c00000, 0x0000000100000000)
  region size 1024K, 76 young (77824K), 5 survivors (5120K)
 Metaspace       used 97484K, committed 98496K, reserved 1179648K
  class space    used 14266K, committed 14720K, reserved 1048576K
}
Event: 1534.514 GC heap after
{Heap after GC invocations=62 (full 4):
 garbage-first heap   total reserved 2068480K, committed 167936K, used 82298K [0x0000000081c00000, 0x0000000100000000)
  region size 1024K, 9 young (9216K), 9 survivors (9216K)
 Metaspace       used 97484K, committed 98496K, reserved 1179648K
  class space    used 14266K, committed 14720K, reserved 1048576K
}
Event: 1541.210 GC heap before
{Heap before GC invocations=62 (full 4):
 garbage-first heap   total reserved 2068480K, committed 167936K, used 86394K [0x0000000081c00000, 0x0000000100000000)
  region size 1024K, 14 young (14336K), 9 survivors (9216K)
 Metaspace       used 97487K, committed 98496K, reserved 1179648K
  class space    used 14267K, committed 14720K, reserved 1048576K
}
Event: 1541.287 GC heap after
{Heap after GC invocations=63 (full 5):
 garbage-first heap   total reserved 2068480K, committed 167936K, used 59863K [0x0000000081c00000, 0x0000000100000000)
  region size 1024K, 0 young (0K), 0 survivors (0K)
 Metaspace       used 97156K, committed 98496K, reserved 1179648K
  class space    used 14187K, committed 14720K, reserved 1048576K
}
Event: 1541.935 GC heap before
{Heap before GC invocations=63 (full 5):
 garbage-first heap   total reserved 2068480K, committed 167936K, used 142807K [0x0000000081c00000, 0x0000000100000000)
  region size 1024K, 82 young (83968K), 0 survivors (0K)
 Metaspace       used 97537K, committed 98560K, reserved 1179648K
  class space    used 14232K, committed 14720K, reserved 1048576K
}
Event: 1541.941 GC heap after
{Heap after GC invocations=64 (full 5):
 garbage-first heap   total reserved 2068480K, committed 167936K, used 67500K [0x0000000081c00000, 0x0000000100000000)
  region size 1024K, 8 young (8192K), 8 survivors (8192K)
 Metaspace       used 97537K, committed 98560K, reserved 1179648K
  class space    used 14232K, committed 14720K, reserved 1048576K
}
Event: 1550.978 GC heap before
{Heap before GC invocations=65 (full 5):
 garbage-first heap   total reserved 2068480K, committed 167936K, used 148396K [0x0000000081c00000, 0x0000000100000000)
  region size 1024K, 86 young (88064K), 8 survivors (8192K)
 Metaspace       used 98159K, committed 99136K, reserved 1179648K
  class space    used 14319K, committed 14784K, reserved 1048576K
}
Event: 1550.987 GC heap after
{Heap after GC invocations=66 (full 5):
 garbage-first heap   total reserved 2068480K, committed 167936K, used 71691K [0x0000000081c00000, 0x0000000100000000)
  region size 1024K, 6 young (6144K), 6 survivors (6144K)
 Metaspace       used 98159K, committed 99136K, reserved 1179648K
  class space    used 14319K, committed 14784K, reserved 1048576K
}
Event: 1557.159 GC heap before
{Heap before GC invocations=66 (full 5):
 garbage-first heap   total reserved 2068480K, committed 167936K, used 136203K [0x0000000081c00000, 0x0000000100000000)
  region size 1024K, 70 young (71680K), 6 survivors (6144K)
 Metaspace       used 98795K, committed 99712K, reserved 1179648K
  class space    used 14371K, committed 14784K, reserved 1048576K
}
Event: 1557.295 GC heap after
{Heap after GC invocations=67 (full 6):
 garbage-first heap   total reserved 2068480K, committed 167936K, used 67639K [0x0000000081c00000, 0x0000000100000000)
  region size 1024K, 0 young (0K), 0 survivors (0K)
 Metaspace       used 98795K, committed 99712K, reserved 1179648K
  class space    used 14371K, committed 14784K, reserved 1048576K
}
Event: 1558.860 GC heap before
{Heap before GC invocations=67 (full 6):
 garbage-first heap   total reserved 2068480K, committed 167936K, used 148535K [0x0000000081c00000, 0x0000000100000000)
  region size 1024K, 80 young (81920K), 0 survivors (0K)
 Metaspace       used 99183K, committed 100032K, reserved 1179648K
  class space    used 14424K, committed 14784K, reserved 1048576K
}
Event: 1558.867 GC heap after
{Heap after GC invocations=68 (full 6):
 garbage-first heap   total reserved 2068480K, committed 167936K, used 74304K [0x0000000081c00000, 0x0000000100000000)
  region size 1024K, 7 young (7168K), 7 survivors (7168K)
 Metaspace       used 99183K, committed 100032K, reserved 1179648K
  class space    used 14424K, committed 14784K, reserved 1048576K
}
Event: 1572.004 GC heap before
{Heap before GC invocations=69 (full 6):
 garbage-first heap   total reserved 2068480K, committed 167936K, used 150080K [0x0000000081c00000, 0x0000000100000000)
  region size 1024K, 80 young (81920K), 7 survivors (7168K)
 Metaspace       used 99779K, committed 100672K, reserved 1179648K
  class space    used 14495K, committed 14912K, reserved 1048576K
}
Event: 1572.012 GC heap after
{Heap after GC invocations=70 (full 6):
 garbage-first heap   total reserved 2068480K, committed 167936K, used 78233K [0x0000000081c00000, 0x0000000100000000)
  region size 1024K, 5 young (5120K), 5 survivors (5120K)
 Metaspace       used 99779K, committed 100672K, reserved 1179648K
  class space    used 14495K, committed 14912K, reserved 1048576K
}
Event: 1587.092 GC heap before
{Heap before GC invocations=70 (full 6):
 garbage-first heap   total reserved 2068480K, committed 167936K, used 149913K [0x0000000081c00000, 0x0000000100000000)
  region size 1024K, 75 young (76800K), 5 survivors (5120K)
 Metaspace       used 100424K, committed 101376K, reserved 1179648K
  class space    used 14552K, committed 14976K, reserved 1048576K
}
Event: 1587.099 GC heap after
{Heap after GC invocations=71 (full 6):
 garbage-first heap   total reserved 2068480K, committed 167936K, used 83543K [0x0000000081c00000, 0x0000000100000000)
  region size 1024K, 9 young (9216K), 9 survivors (9216K)
 Metaspace       used 100424K, committed 101376K, reserved 1179648K
  class space    used 14552K, committed 14976K, reserved 1048576K
}
Event: 1622.988 GC heap before
{Heap before GC invocations=71 (full 6):
 garbage-first heap   total reserved 2068480K, committed 167936K, used 93783K [0x0000000081c00000, 0x0000000100000000)
  region size 1024K, 20 young (20480K), 9 survivors (9216K)
 Metaspace       used 100427K, committed 101376K, reserved 1179648K
  class space    used 14553K, committed 14976K, reserved 1048576K
}

Dll operation events (14 events):
Event: 0.013 Loaded shared library C:\Program Files\Java\jdk-22\bin\java.dll
Event: 0.217 Loaded shared library C:\Program Files\Java\jdk-22\bin\zip.dll
Event: 0.220 Loaded shared library C:\Program Files\Java\jdk-22\bin\instrument.dll
Event: 0.225 Loaded shared library C:\Program Files\Java\jdk-22\bin\net.dll
Event: 0.226 Loaded shared library C:\Program Files\Java\jdk-22\bin\nio.dll
Event: 0.230 Loaded shared library C:\Program Files\Java\jdk-22\bin\zip.dll
Event: 0.369 Loaded shared library C:\Program Files\JetBrains\IntelliJ IDEA 2024.2.2\bin\breakgen64.dll
Event: 0.374 Loaded shared library C:\Program Files\Java\jdk-22\bin\jimage.dll
Event: 0.379 Loaded shared library C:\Program Files\Java\jdk-22\bin\extnet.dll
Event: 0.393 Loaded shared library C:\Program Files\Java\jdk-22\bin\management.dll
Event: 0.412 Loaded shared library C:\Program Files\Java\jdk-22\bin\management_ext.dll
Event: 1.627 Loaded shared library C:\Program Files\Java\jdk-22\bin\le.dll
Event: 2.273 Loaded shared library C:\Program Files\Java\jdk-22\bin\sunmscapi.dll
Event: 3.779 Loaded shared library C:\Program Files\Java\jdk-22\bin\verify.dll

Deoptimization events (10 events):
Event: 2.119 Thread 0x0000021b4526e610 DEOPT PACKING pc=0x0000021b5b41af34 sp=0x000000bdc87fdb10
Event: 2.119 Thread 0x0000021b4526e610 DEOPT UNPACKING pc=0x0000021b5ae94e42 sp=0x000000bdc87fd038 mode 0
Event: 3.866 Thread 0x0000021b4526e610 DEOPT PACKING pc=0x0000021b5b7c289c sp=0x000000bdc87fbe20
Event: 3.866 Thread 0x0000021b4526e610 DEOPT UNPACKING pc=0x0000021b5ae94e42 sp=0x000000bdc87fb3c8 mode 0
Event: 3.867 Thread 0x0000021b4526e610 DEOPT PACKING pc=0x0000021b5b75acec sp=0x000000bdc87fc020
Event: 3.867 Thread 0x0000021b4526e610 DEOPT UNPACKING pc=0x0000021b5ae94e42 sp=0x000000bdc87fb4e0 mode 0
Event: 7.132 Thread 0x0000021b4526e610 DEOPT PACKING pc=0x0000021b5ba9f864 sp=0x000000bdc87f9fd0
Event: 7.132 Thread 0x0000021b4526e610 DEOPT UNPACKING pc=0x0000021b5ae94e42 sp=0x000000bdc87f9520 mode 0
Event: 7.132 Thread 0x0000021b4526e610 DEOPT PACKING pc=0x0000021b5ba9e60c sp=0x000000bdc87fa0e0
Event: 7.133 Thread 0x0000021b4526e610 DEOPT UNPACKING pc=0x0000021b5ae94e42 sp=0x000000bdc87f9598 mode 0

Classes loaded (20 events):
Event: 1407.395 Loading class java/util/concurrent/locks/AbstractQueuedSynchronizer$SharedNode
Event: 1407.424 Loading class java/util/concurrent/locks/AbstractQueuedSynchronizer$SharedNode done
Event: 1407.948 Loading class javax/management/NotificationBroadcasterSupport$WildcardListenerInfo
Event: 1407.974 Loading class javax/management/NotificationBroadcasterSupport$WildcardListenerInfo done
Event: 1408.544 Loading class java/util/AbstractMap$2
Event: 1408.551 Loading class java/util/AbstractMap$2 done
Event: 1408.610 Loading class java/util/AbstractMap$ValueIterator
Event: 1408.617 Loading class java/util/AbstractMap$ValueIterator done
Event: 1408.734 Loading class sun/security/ssl/Alert
Event: 1408.768 Loading class sun/security/ssl/Alert done
Event: 1408.776 Loading class sun/security/ssl/Alert$AlertConsumer
Event: 1408.796 Loading class sun/security/ssl/Alert$AlertConsumer done
Event: 1408.797 Loading class sun/security/ssl/Alert$Level
Event: 1408.799 Loading class sun/security/ssl/Alert$Level done
Event: 1409.555 Loading class java/lang/ref/Finalizer$2
Event: 1409.557 Loading class java/lang/ref/Finalizer$2 done
Event: 1409.560 Loading class java/lang/ref/Finalizer$1
Event: 1409.566 Loading class java/lang/ref/Finalizer$1 done
Event: 1426.748 Loading class java/time/DurationEditor
Event: 1426.748 Loading class java/time/DurationEditor done

Classes unloaded (20 events):
Event: 1541.239 Thread 0x0000021b63980e30 Unloading class 0x0000021b0100b400 'java/lang/invoke/LambdaForm$MH+0x0000021b0100b400'
Event: 1541.239 Thread 0x0000021b63980e30 Unloading class 0x0000021b010c0000 'java/lang/invoke/LambdaForm$MH+0x0000021b010c0000'
Event: 1541.239 Thread 0x0000021b63980e30 Unloading class 0x0000021b010c1400 'java/lang/invoke/LambdaForm$MH+0x0000021b010c1400'
Event: 1541.239 Thread 0x0000021b63980e30 Unloading class 0x0000021b010d4c00 'java/lang/invoke/LambdaForm$BMH+0x0000021b010d4c00'
Event: 1541.239 Thread 0x0000021b63980e30 Unloading class 0x0000021b010d8800 'java/lang/invoke/LambdaForm$MH+0x0000021b010d8800'
Event: 1541.239 Thread 0x0000021b63980e30 Unloading class 0x0000021b01111000 'java/lang/invoke/LambdaForm$MH+0x0000021b01111000'
Event: 1541.239 Thread 0x0000021b63980e30 Unloading class 0x0000021b01118c00 'java/lang/invoke/LambdaForm$MH+0x0000021b01118c00'
Event: 1541.239 Thread 0x0000021b63980e30 Unloading class 0x0000021b01119c00 'java/lang/invoke/LambdaForm$MH+0x0000021b01119c00'
Event: 1541.239 Thread 0x0000021b63980e30 Unloading class 0x0000021b01121c00 'java/lang/invoke/LambdaForm$MH+0x0000021b01121c00'
Event: 1541.239 Thread 0x0000021b63980e30 Unloading class 0x0000021b0112a400 'java/lang/invoke/LambdaForm$MH+0x0000021b0112a400'
Event: 1541.239 Thread 0x0000021b63980e30 Unloading class 0x0000021b01130800 'java/lang/invoke/LambdaForm$MH+0x0000021b01130800'
Event: 1541.239 Thread 0x0000021b63980e30 Unloading class 0x0000021b01195000 'java/lang/invoke/LambdaForm$MH+0x0000021b01195000'
Event: 1541.239 Thread 0x0000021b63980e30 Unloading class 0x0000021b011a2400 'java/lang/invoke/LambdaForm$MH+0x0000021b011a2400'
Event: 1541.239 Thread 0x0000021b63980e30 Unloading class 0x0000021b011c5400 'java/lang/invoke/LambdaForm$MH+0x0000021b011c5400'
Event: 1541.239 Thread 0x0000021b63980e30 Unloading class 0x0000021b011c9c00 'java/lang/invoke/LambdaForm$MH+0x0000021b011c9c00'
Event: 1541.239 Thread 0x0000021b63980e30 Unloading class 0x0000021b0150c400 'java/lang/invoke/LambdaForm$MH+0x0000021b0150c400'
Event: 1541.239 Thread 0x0000021b63980e30 Unloading class 0x0000021b0150d400 'java/lang/invoke/LambdaForm$MH+0x0000021b0150d400'
Event: 1541.239 Thread 0x0000021b63980e30 Unloading class 0x0000021b019dc400 'java/lang/invoke/LambdaForm$BMH+0x0000021b019dc400'
Event: 1541.239 Thread 0x0000021b63980e30 Unloading class 0x0000021b01cd6000 'java/lang/invoke/LambdaForm$MH+0x0000021b01cd6000'
Event: 1541.239 Thread 0x0000021b63980e30 Unloading class 0x0000021b014aa000 'java/lang/invoke/LambdaForm$MH+0x0000021b014aa000'

Classes redefined (0 events):
No events

Internal exceptions (20 events):
Event: 1541.295 Thread 0x0000021b49a42ad0 Exception <a 'sun/nio/fs/WindowsException'{0x00000000ffe91cf0}> (0x00000000ffe91cf0) 
thrown [s\open\src\hotspot\share\prims\jni.cpp, line 520]
Event: 1541.843 Thread 0x0000021b49a42ad0 Exception <a 'java/lang/NoClassDefFoundError'{0x0000000087e17200}: org/flywaydb/core/Flyway> (0x0000000087e17200) 
thrown [s\open\src\hotspot\share\oops\constantPool.cpp, line 872]
Event: 1541.843 Thread 0x0000021b49a42ad0 Exception <a 'java/lang/NoClassDefFoundError'{0x0000000087e17860}: liquibase/integration/spring/SpringLiquibase> (0x0000000087e17860) 
thrown [s\open\src\hotspot\share\oops\constantPool.cpp, line 872]
Event: 1541.845 Thread 0x0000021b49a42ad0 Exception <a 'java/lang/NoClassDefFoundError'{0x0000000087e6ff80}: org/jooq/DSLContext> (0x0000000087e6ff80) 
thrown [s\open\src\hotspot\share\oops\constantPool.cpp, line 872]
Event: 1541.851 Thread 0x0000021b49a42ad0 Exception <a 'java/lang/NoClassDefFoundError'{0x0000000087d220e8}: org/springframework/batch/core/repository/JobRepository> (0x0000000087d220e8) 
thrown [s\open\src\hotspot\share\oops\constantPool.cpp, line 872]
Event: 1541.851 Thread 0x0000021b49a42ad0 Exception <a 'java/lang/NoClassDefFoundError'{0x0000000087d22740}: org/quartz/Scheduler> (0x0000000087d22740) 
thrown [s\open\src\hotspot\share\oops\constantPool.cpp, line 872]
Event: 1541.851 Thread 0x0000021b49a42ad0 Exception <a 'java/lang/NoClassDefFoundError'{0x0000000087d22dc0}: org/springframework/session/jdbc/JdbcIndexedSessionRepository> (0x0000000087d22dc0) 
thrown [s\open\src\hotspot\share\oops\constantPool.cpp, line 872]
Event: 1541.922 Thread 0x0000021b49a42ad0 Exception <a 'java/io/FileNotFoundException'{0x000000008704c6c8}> (0x000000008704c6c8) 
thrown [s\open\src\hotspot\share\prims\jni.cpp, line 520]
Event: 1551.002 Thread 0x0000021b49a42ad0 Exception <a 'java/io/FileNotFoundException'{0x00000000ffd3ce88}> (0x00000000ffd3ce88) 
thrown [s\open\src\hotspot\share\prims\jni.cpp, line 520]
Event: 1557.158 Thread 0x0000021b49a437f0 Exception <a 'java/lang/InterruptedException'{0x00000000880a22b8}: sleep interrupted> (0x00000000880a22b8) 
thrown [s\open\src\hotspot\share\prims\jvm.cpp, line 3093]
Event: 1557.331 Thread 0x0000021b47d2c0b0 Exception <a 'sun/nio/fs/WindowsException'{0x00000000ffe92708}> (0x00000000ffe92708) 
thrown [s\open\src\hotspot\share\prims\jni.cpp, line 520]
Event: 1558.744 Thread 0x0000021b47d2c0b0 Exception <a 'java/lang/NoClassDefFoundError'{0x0000000087ea9c38}: org/flywaydb/core/Flyway> (0x0000000087ea9c38) 
thrown [s\open\src\hotspot\share\oops\constantPool.cpp, line 872]
Event: 1558.744 Thread 0x0000021b47d2c0b0 Exception <a 'java/lang/NoClassDefFoundError'{0x0000000087eaa298}: liquibase/integration/spring/SpringLiquibase> (0x0000000087eaa298) 
thrown [s\open\src\hotspot\share\oops\constantPool.cpp, line 872]
Event: 1558.749 Thread 0x0000021b47d2c0b0 Exception <a 'java/lang/NoClassDefFoundError'{0x0000000087d029d0}: org/jooq/DSLContext> (0x0000000087d029d0) 
thrown [s\open\src\hotspot\share\oops\constantPool.cpp, line 872]
Event: 1558.756 Thread 0x0000021b47d2c0b0 Exception <a 'java/lang/NoClassDefFoundError'{0x0000000087db4840}: org/springframework/batch/core/repository/JobRepository> (0x0000000087db4840) 
thrown [s\open\src\hotspot\share\oops\constantPool.cpp, line 872]
Event: 1558.757 Thread 0x0000021b47d2c0b0 Exception <a 'java/lang/NoClassDefFoundError'{0x0000000087db4e98}: org/quartz/Scheduler> (0x0000000087db4e98) 
thrown [s\open\src\hotspot\share\oops\constantPool.cpp, line 872]
Event: 1558.757 Thread 0x0000021b47d2c0b0 Exception <a 'java/lang/NoClassDefFoundError'{0x0000000087db5518}: org/springframework/session/jdbc/JdbcIndexedSessionRepository> (0x0000000087db5518) 
thrown [s\open\src\hotspot\share\oops\constantPool.cpp, line 872]
Event: 1558.858 Thread 0x0000021b47d2c0b0 Exception <a 'java/io/FileNotFoundException'{0x00000000870b7770}> (0x00000000870b7770) 
thrown [s\open\src\hotspot\share\prims\jni.cpp, line 520]
Event: 1572.063 Thread 0x0000021b47d2c0b0 Exception <a 'java/io/FileNotFoundException'{0x000000008b8ba510}> (0x000000008b8ba510) 
thrown [s\open\src\hotspot\share\prims\jni.cpp, line 520]
Event: 1622.987 Thread 0x0000021b47d29fe0 Exception <a 'java/lang/InterruptedException'{0x000000008b5d3ad8}: sleep interrupted> (0x000000008b5d3ad8) 
thrown [s\open\src\hotspot\share\prims\jvm.cpp, line 3093]

ZGC Phase Switch (0 events):
No events

VM Operations (20 events):
Event: 1558.999 Executing VM operation: G1PauseCleanup done
Event: 1560.005 Executing VM operation: Cleanup
Event: 1560.005 Executing VM operation: Cleanup done
Event: 1561.018 Executing VM operation: Cleanup
Event: 1561.018 Executing VM operation: Cleanup done
Event: 1562.029 Executing VM operation: Cleanup
Event: 1562.029 Executing VM operation: Cleanup done
Event: 1563.509 Executing VM operation: HandshakeAllThreads (HandshakeForDeflation)
Event: 1563.509 Executing VM operation: HandshakeAllThreads (HandshakeForDeflation) done
Event: 1563.509 Executing VM operation: RendezvousGCThreads
Event: 1563.509 Executing VM operation: RendezvousGCThreads done
Event: 1565.536 Executing VM operation: Cleanup
Event: 1565.536 Executing VM operation: Cleanup done
Event: 1572.004 Executing VM operation: G1CollectForAllocation (G1 Evacuation Pause)
Event: 1572.012 Executing VM operation: G1CollectForAllocation (G1 Evacuation Pause) done
Event: 1573.015 Executing VM operation: Cleanup
Event: 1573.015 Executing VM operation: Cleanup done
Event: 1587.092 Executing VM operation: G1CollectForAllocation (G1 Evacuation Pause)
Event: 1587.099 Executing VM operation: G1CollectForAllocation (G1 Evacuation Pause) done
Event: 1622.987 Executing VM operation: G1CollectFull (System.gc())

Memory protections (0 events):
No events

Nmethod flushes (20 events):
Event: 1558.966 Thread 0x0000021b63980e30 flushing  nmethod 0x0000021b5c2dd090
Event: 1558.966 Thread 0x0000021b63980e30 flushing  nmethod 0x0000021b5c328010
Event: 1558.966 Thread 0x0000021b63980e30 flushing  nmethod 0x0000021b5c360f10
Event: 1558.966 Thread 0x0000021b63980e30 flushing  nmethod 0x0000021b5c37a710
Event: 1558.966 Thread 0x0000021b63980e30 flushing  nmethod 0x0000021b5c381710
Event: 1558.966 Thread 0x0000021b63980e30 flushing  nmethod 0x0000021b5c3a3890
Event: 1558.966 Thread 0x0000021b63980e30 flushing  nmethod 0x0000021b5c3d0810
Event: 1558.966 Thread 0x0000021b63980e30 flushing  nmethod 0x0000021b5c3d0e10
Event: 1558.966 Thread 0x0000021b63980e30 flushing  nmethod 0x0000021b5c3d5790
Event: 1558.966 Thread 0x0000021b63980e30 flushing  nmethod 0x0000021b5c443010
Event: 1558.966 Thread 0x0000021b63980e30 flushing  nmethod 0x0000021b5c443b90
Event: 1558.966 Thread 0x0000021b63980e30 flushing  nmethod 0x0000021b5c444b90
Event: 1558.966 Thread 0x0000021b63980e30 flushing  nmethod 0x0000021b5c444e90
Event: 1558.966 Thread 0x0000021b63980e30 flushing  nmethod 0x0000021b5c48d210
Event: 1558.966 Thread 0x0000021b63980e30 flushing  nmethod 0x0000021b5c48d910
Event: 1558.966 Thread 0x0000021b63980e30 flushing  nmethod 0x0000021b5c4a5a90
Event: 1558.966 Thread 0x0000021b63980e30 flushing  nmethod 0x0000021b5c4a6410
Event: 1558.966 Thread 0x0000021b63980e30 flushing  nmethod 0x0000021b5c4a7610
Event: 1558.966 Thread 0x0000021b63980e30 flushing  nmethod 0x0000021b5c4da110
Event: 1558.966 Thread 0x0000021b63980e30 flushing  nmethod 0x0000021b5c52a010

Events (20 events):
Event: 1622.974 Thread 0x0000021b49a45f50 Thread added: 0x0000021b49a42ad0
Event: 1622.977 Thread 0x0000021b49a44ba0 Thread exited: 0x0000021b49a44ba0
Event: 1622.977 Thread 0x0000021b49a42ad0 Thread exited: 0x0000021b49a42ad0
Event: 1622.978 Thread 0x0000021b49a43e80 Thread exited: 0x0000021b49a43e80
Event: 1622.978 Thread 0x0000021b47d30250 Thread exited: 0x0000021b47d30250
Event: 1622.978 Thread 0x0000021b47d2eea0 Thread exited: 0x0000021b47d2eea0
Event: 1622.978 Thread 0x0000021b47d2b390 Thread exited: 0x0000021b47d2b390
Event: 1622.978 Thread 0x0000021b49a45230 Thread exited: 0x0000021b49a45230
Event: 1622.978 Thread 0x0000021b47d2ad00 Thread exited: 0x0000021b47d2ad00
Event: 1622.978 Thread 0x0000021b49a437f0 Thread exited: 0x0000021b49a437f0
Event: 1622.978 Thread 0x0000021b47d2e180 Thread exited: 0x0000021b47d2e180
Event: 1622.978 Thread 0x0000021b47d2f530 Thread exited: 0x0000021b47d2f530
Event: 1622.978 Thread 0x0000021b47d28c30 Thread exited: 0x0000021b47d28c30
Event: 1622.978 Thread 0x0000021b49a43160 Thread exited: 0x0000021b49a43160
Event: 1622.983 Thread 0x0000021b49a45f50 Thread added: 0x0000021b49a41090
Event: 1622.983 Thread 0x0000021b47d292c0 Thread exited: 0x0000021b47d292c0
Event: 1622.985 Thread 0x0000021b49a41090 Thread exited: 0x0000021b49a41090
Event: 1622.987 Thread 0x0000021b47d2cdd0 Thread exited: 0x0000021b47d2cdd0
Event: 1622.987 Thread 0x0000021b47d2e810 Thread exited: 0x0000021b47d2e810
Event: 1622.987 Thread 0x0000021b47d29fe0 Thread exited: 0x0000021b47d29fe0


Dynamic libraries:
0x00007ff7bb990000 - 0x00007ff7bb9a0000 	C:\Program Files\Java\jdk-22\bin\java.exe
0x00007fff596b0000 - 0x00007fff598a8000 	C:\WINDOWS\SYSTEM32\ntdll.dll
0x00007fff57bb0000 - 0x00007fff57c72000 	C:\WINDOWS\System32\KERNEL32.DLL
0x00007fff572c0000 - 0x00007fff575b6000 	C:\WINDOWS\System32\KERNELBASE.dll
0x00007fff56f20000 - 0x00007fff57020000 	C:\WINDOWS\System32\ucrtbase.dll
0x00007fff3db30000 - 0x00007fff3db4b000 	C:\Program Files\Java\jdk-22\bin\VCRUNTIME140.dll
0x00007fff53b80000 - 0x00007fff53b97000 	C:\Program Files\Java\jdk-22\bin\jli.dll
0x00007fff58850000 - 0x00007fff589f1000 	C:\WINDOWS\System32\USER32.dll
0x00007fff49af0000 - 0x00007fff49d8b000 	C:\WINDOWS\WinSxS\amd64_microsoft.windows.common-controls_6595b64144ccf1df_6.0.19041.6456_none_60b8a6cb71f64256\COMCTL32.dll
0x00007fff56ef0000 - 0x00007fff56f12000 	C:\WINDOWS\System32\win32u.dll
0x00007fff58d60000 - 0x00007fff58dfe000 	C:\WINDOWS\System32\msvcrt.dll
0x00007fff58450000 - 0x00007fff5847b000 	C:\WINDOWS\System32\GDI32.dll
0x00007fff57020000 - 0x00007fff57139000 	C:\WINDOWS\System32\gdi32full.dll
0x00007fff57170000 - 0x00007fff5720d000 	C:\WINDOWS\System32\msvcp_win.dll
0x00007fff58780000 - 0x00007fff587af000 	C:\WINDOWS\System32\IMM32.DLL
0x00007fff53b70000 - 0x00007fff53b7c000 	C:\Program Files\Java\jdk-22\bin\vcruntime140_1.dll
0x00007fff35ba0000 - 0x00007fff35c2e000 	C:\Program Files\Java\jdk-22\bin\msvcp140.dll
0x00007ffef1b40000 - 0x00007ffef2889000 	C:\Program Files\Java\jdk-22\bin\server\jvm.dll
0x00007fff58550000 - 0x00007fff58601000 	C:\WINDOWS\System32\ADVAPI32.dll
0x00007fff587b0000 - 0x00007fff5884f000 	C:\WINDOWS\System32\sechost.dll
0x00007fff57730000 - 0x00007fff57850000 	C:\WINDOWS\System32\RPCRT4.dll
0x00007fff57140000 - 0x00007fff57167000 	C:\WINDOWS\System32\bcrypt.dll
0x00007fff57b30000 - 0x00007fff57b9b000 	C:\WINDOWS\System32\WS2_32.dll
0x00007fff56640000 - 0x00007fff5668b000 	C:\WINDOWS\SYSTEM32\POWRPROF.dll
0x00007fff4e180000 - 0x00007fff4e1a7000 	C:\WINDOWS\SYSTEM32\WINMM.dll
0x00007fff4e700000 - 0x00007fff4e70a000 	C:\WINDOWS\SYSTEM32\VERSION.dll
0x00007fff565d0000 - 0x00007fff565e2000 	C:\WINDOWS\SYSTEM32\UMPDC.dll
0x00007fff54b70000 - 0x00007fff54b82000 	C:\WINDOWS\SYSTEM32\kernel.appcore.dll
0x00007fff3db20000 - 0x00007fff3db2a000 	C:\Program Files\Java\jdk-22\bin\jimage.dll
0x00007fff477f0000 - 0x00007fff479f1000 	C:\WINDOWS\SYSTEM32\DBGHELP.DLL
0x00007fff46de0000 - 0x00007fff46e14000 	C:\WINDOWS\SYSTEM32\dbgcore.DLL
0x00007fff575c0000 - 0x00007fff57642000 	C:\WINDOWS\System32\bcryptPrimitives.dll
0x00007fff53fa0000 - 0x00007fff53faf000 	C:\Program Files\Java\jdk-22\bin\instrument.dll
0x00007fff35b80000 - 0x00007fff35b9e000 	C:\Program Files\Java\jdk-22\bin\java.dll
0x00007fff57ce0000 - 0x00007fff58450000 	C:\WINDOWS\System32\SHELL32.dll
0x00007fff57850000 - 0x00007fff5797b000 	C:\WINDOWS\System32\ole32.dll
0x00007fff58a00000 - 0x00007fff58d54000 	C:\WINDOWS\System32\combase.dll
0x00007fff54d70000 - 0x00007fff55515000 	C:\WINDOWS\SYSTEM32\windows.storage.dll
0x00007fff56690000 - 0x00007fff566bb000 	C:\WINDOWS\SYSTEM32\Wldp.dll
0x00007fff594c0000 - 0x00007fff5958d000 	C:\WINDOWS\System32\OLEAUT32.dll
0x00007fff58f80000 - 0x00007fff5902d000 	C:\WINDOWS\System32\SHCORE.dll
0x00007fff57c80000 - 0x00007fff57cdb000 	C:\WINDOWS\System32\shlwapi.dll
0x00007fff56c70000 - 0x00007fff56c94000 	C:\WINDOWS\SYSTEM32\profapi.dll
0x00007fff01ec0000 - 0x00007fff01ed7000 	C:\Program Files\Java\jdk-22\bin\zip.dll
0x00007fff3db10000 - 0x00007fff3db20000 	C:\Program Files\Java\jdk-22\bin\net.dll
0x00007fff56400000 - 0x00007fff5646a000 	C:\WINDOWS\system32\mswsock.dll
0x00007fff020b0000 - 0x00007fff020c6000 	C:\Program Files\Java\jdk-22\bin\nio.dll
0x00007fff53ba0000 - 0x00007fff53bba000 	C:\Program Files\JetBrains\IntelliJ IDEA 2024.2.2\bin\breakgen64.dll
0x00007fff30e40000 - 0x00007fff30e49000 	C:\Program Files\Java\jdk-22\bin\extnet.dll
0x00007fff56140000 - 0x00007fff5620a000 	C:\WINDOWS\SYSTEM32\DNSAPI.dll
0x00007fff56100000 - 0x00007fff5613b000 	C:\WINDOWS\SYSTEM32\IPHLPAPI.DLL
0x00007fff57ba0000 - 0x00007fff57ba8000 	C:\WINDOWS\System32\NSI.dll
0x00007fff49d90000 - 0x00007fff49d9a000 	C:\Windows\System32\rasadhlp.dll
0x00007fff4d1b0000 - 0x00007fff4d230000 	C:\WINDOWS\System32\fwpuclnt.dll
0x00007fff53f80000 - 0x00007fff53f8a000 	C:\Program Files\Java\jdk-22\bin\management.dll
0x00007fff53f70000 - 0x00007fff53f7b000 	C:\Program Files\Java\jdk-22\bin\management_ext.dll
0x00007fff58480000 - 0x00007fff58488000 	C:\WINDOWS\System32\PSAPI.DLL
0x00007fff569e0000 - 0x00007fff569f8000 	C:\WINDOWS\SYSTEM32\CRYPTSP.dll
0x00007fff55cd0000 - 0x00007fff55d08000 	C:\WINDOWS\system32\rsaenh.dll
0x00007fff56bf0000 - 0x00007fff56c1e000 	C:\WINDOWS\SYSTEM32\USERENV.dll
0x00007fff56590000 - 0x00007fff5659c000 	C:\WINDOWS\SYSTEM32\CRYPTBASE.dll
0x00007fff3e040000 - 0x00007fff3e057000 	C:\WINDOWS\system32\napinsp.dll
0x00007fff3dfd0000 - 0x00007fff3dfeb000 	C:\WINDOWS\system32\pnrpnsp.dll
0x00007fff52340000 - 0x00007fff5235d000 	C:\WINDOWS\system32\NLAapi.dll
0x00007fff3c860000 - 0x00007fff3c87d000 	C:\WINDOWS\system32\wshbth.dll
0x00007fff3af40000 - 0x00007fff3af52000 	C:\WINDOWS\System32\winrnr.dll
0x00007fff53ac0000 - 0x00007fff53acb000 	C:\Program Files\Java\jdk-22\bin\le.dll
0x00007fff53f60000 - 0x00007fff53f6e000 	C:\Program Files\Java\jdk-22\bin\sunmscapi.dll
0x00007fff56d90000 - 0x00007fff56eed000 	C:\WINDOWS\System32\CRYPT32.dll
0x00007fff56700000 - 0x00007fff56727000 	C:\WINDOWS\SYSTEM32\ncrypt.dll
0x00007fff566c0000 - 0x00007fff566fb000 	C:\WINDOWS\SYSTEM32\NTASN1.dll
0x00007fff2ca10000 - 0x00007fff2ca20000 	C:\Program Files\Java\jdk-22\bin\verify.dll
0x00007fff53f50000 - 0x00007fff53f57000 	C:\WINDOWS\system32\wshunix.dll

dbghelp: loaded successfully - version: 4.0.5 - missing functions: none
symbol engine: initialized successfully - sym options: 0x614 - pdb path: .;C:\Program Files\Java\jdk-22\bin;C:\WINDOWS\SYSTEM32;C:\WINDOWS\WinSxS\amd64_microsoft.windows.common-controls_6595b64144ccf1df_6.0.19041.6456_none_60b8a6cb71f64256;C:\Program Files\Java\jdk-22\bin\server;C:\Program Files\JetBrains\IntelliJ IDEA 2024.2.2\bin

VM Arguments:
jvm_args: -XX:TieredStopAtLevel=1 -Dspring.output.ansi.enabled=always -Dcom.sun.management.jmxremote -Dspring.jmx.enabled=true -Dspring.liveBeansView.mbeanDomain -Dspring.application.admin.enabled=true -Dmanagement.endpoints.jmx.exposure.include=* -javaagent:C:\Program Files\JetBrains\IntelliJ IDEA 2024.2.2\lib\idea_rt.jar=56516:C:\Program Files\JetBrains\IntelliJ IDEA 2024.2.2\bin -Dfile.encoding=UTF-8 -Dsun.stdout.encoding=UTF-8 -Dsun.stderr.encoding=UTF-8 
java_command: vn.fpt.se18.MentorLinking_BackEnd.MentorLinkingBackEndApplication
java_class_path (initial): D:\EXE101\Group02_MentorLink\backend\target\classes;C:\Users\Nguyen Ba Hien\.m2\repository\org\springframework\boot\spring-boot-starter-actuator\3.5.6\spring-boot-starter-actuator-3.5.6.jar;C:\Users\Nguyen Ba Hien\.m2\repository\org\springframework\boot\spring-boot-starter\3.5.6\spring-boot-starter-3.5.6.jar;C:\Users\Nguyen Ba Hien\.m2\repository\org\springframework\boot\spring-boot-starter-logging\3.5.6\spring-boot-starter-logging-3.5.6.jar;C:\Users\Nguyen Ba Hien\.m2\repository\ch\qos\logback\logback-classic\1.5.18\logback-classic-1.5.18.jar;C:\Users\Nguyen Ba Hien\.m2\repository\ch\qos\logback\logback-core\1.5.18\logback-core-1.5.18.jar;C:\Users\Nguyen Ba Hien\.m2\repository\org\apache\logging\log4j\log4j-to-slf4j\2.24.3\log4j-to-slf4j-2.24.3.jar;C:\Users\Nguyen Ba Hien\.m2\repository\org\apache\logging\log4j\log4j-api\2.24.3\log4j-api-2.24.3.jar;C:\Users\Nguyen Ba Hien\.m2\repository\org\slf4j\jul-to-slf4j\2.0.17\jul-to-slf4j-2.0.17.jar;C:\Users\Nguyen Ba Hien\.m2\repository\jakarta\annotation\jakarta.annotation-api\2.1.1\jakarta.annotation-api-2.1.1.jar;C:\Users\Nguyen Ba Hien\.m2\repository\org\yaml\snakeyaml\2.4\snakeyaml-2.4.jar;C:\Users\Nguyen Ba Hien\.m2\repository\org\springframework\boot\spring-boot-actuator-autoconfigure\3.5.6\spring-boot-actuator-autoconfigure-3.5.6.jar;C:\Users\Nguyen Ba Hien\.m2\repository\org\springframework\boot\spring-boot-actuator\3.5.6\spring-boot-actuator-3.5.6.jar;C:\Users\Nguyen Ba Hien\.m2\repository\com\fasterxml\jackson\datatype\jackson-datatype-jsr310\2.19.2\jackson-datatype-jsr310-2.19.2.jar;C:\Users\Nguyen Ba Hien\.m2\repository\io\micrometer\micrometer-observation\1.15.4\micrometer-observation-1.15.4.jar;C:\Users\Nguyen Ba Hien\.m2\repository\io\micrometer\micrometer-commons\1.15.4\micrometer-commons-1.15.4.jar;C:\Users\Nguyen Ba Hien\.m2\repository\io\micrometer\micrometer-jakarta9\1.15.4\micrometer-jakarta9-1.15.4.jar;C:\Users\Nguyen Ba Hien\.m2\repository\io\micrometer\micrometer-core\1.15.4\micrometer-core-1.15.4.jar;C:\Users\Nguyen Ba Hien\.m2\repository\org\hdrhistogram\HdrHistogram\2.2.2\HdrHistogram-2.2.2.jar;C:\Users\Nguyen Ba Hien\.m2\repository\org\latencyutils\LatencyUtils\2.0.3\LatencyUtils-2.0.3.jar;C:\Users\Nguyen Ba Hien\.m2\repository\org\springframework\boot\spring-boot-starter-data-jpa\3.5.6\spring-boot-starter-data-jpa-3.5.6.jar;C:\Users\Nguyen Ba Hien\.m2\repository\org\springframework\boot\spring-boot-starter-jdbc\3.5.6\spring-boot-starter-jdbc-3.5.6.jar;C:\Users\Nguyen Ba Hien\.m2\repository\com\zaxxer\HikariCP\6.3.3\HikariCP-6.3.3.jar;C:\Users\Nguyen Ba Hien\.m2\repository\org\springframework\spring-jdbc\6.2.11\spring-jdbc-6.2.11.jar;C:\Users\Nguyen Ba Hien\.m2\repository\org\hibernate\orm\hibernate-core\6.6.29.Final\hibernate-core-6.6.29.Final.jar;C:\Users\Nguyen Ba Hien\.m2\repository\jakarta\persistence\jakarta.persistence-api\3.1.0\jakarta.persistence-api-3.1.0.jar;C:\Users\Nguyen Ba Hien\.m2\repository\jakarta\transaction\jakarta.transaction-api\2.0.1\jakarta.transaction-api-2.0.1.jar;C:\Users\Nguyen Ba Hien\.m2\repository\org\jboss\logging\jboss-logging\3.6.1.Final\jboss-logging-3.6.1.Final.jar;C:\Users\Nguyen Ba Hien\.m2\repository\org\hibernate\common\hibernate-commons-annotations\7.0.3.Final\hibernate-commons-annotations-7.0.3.Final.jar;C:\Users\Nguyen Ba Hien\.m2\repository\io\smallrye\jandex\3.2.0\jandex-3.2.0.jar;C:\Users\Nguyen Ba Hien\.m2\repository\com\fasterxml\classmate\1.7.0\classmate-1.7.0.jar;C:\Users\Nguyen Ba Hien\.m2\repository\net\bytebuddy\byte-buddy\1.17.7\byte-buddy-1.17.7.jar;C:\Users\Nguyen Ba Hien\.m2\repository\org\glassfish\jaxb\jaxb-runtime\4.0.5\jaxb-runtime-4.0.5.jar;C:\Users\Nguyen Ba Hien\.m2\repository\org\glassfish\jaxb\jaxb-core\4.0.5\jaxb-core-4.0.5.jar;C:\Users\Nguyen Ba Hien\.m2\repository\org\eclipse\angus\angus-activation\2.0.2\angus-activation-2.0.2.jar;C:\Users\Nguyen Ba Hien\.m2\repository\org\glassfish\jaxb\txw2\4.0.5\txw2-4.0.5.jar;C:\Users\Nguyen Ba Hien\.m2\repository\com\sun\istack\istack-commons-runtime\4.1.2\istack-commons-runtime-4.1.2.jar;C:\Users\Nguyen Ba Hien\.m2\repository\jakarta\inject\jakarta.inject-api\2.0.1\jakarta.inject-api-2.0.1.jar;C:\Users\Nguyen Ba Hien\.m2\repository\org\antlr\antlr4-runtime\4.13.0\antlr4-runtime-4.13.0.jar;C:\Users\Nguyen Ba Hien\.m2\repository\org\springframework\data\spring-data-jpa\3.5.4\spring-data-jpa-3.5.4.jar;C:\Users\Nguyen Ba Hien\.m2\repository\org\springframework\data\spring-data-commons\3.5.4\spring-data-commons-3.5.4.jar;C:\Users\Nguyen Ba Hien\.m2\repository\org\springframework\spring-orm\6.2.11\spring-orm-6.2.11.jar;C:\Users\Nguyen Ba Hien\.m2\repository\org\springframework\spring-context\6.2.11\spring-context-6.2.11.jar;C:\Users\Nguyen Ba Hien\.m2\repository\org\springframework\spring-tx\6.2.11\spring-tx-6.2.11.jar;C:\Users\Nguyen Ba Hien\.m2\repository\org\springframework\spring-beans\6.2.11\spring-beans-6.2.11.jar;C:\Users\Nguyen Ba Hien\.m2\repository\org\springframework\spring-aspects\6.2.11\spring-aspects-6.2.11.jar;C:\Users\Nguyen Ba Hien\.m2\repository\org\aspectj\aspectjweaver\1.9.24\aspectjweaver-1.9.24.jar;C:\Users\Nguyen Ba Hien\.m2\repository\org\springframework\boot\spring-boot-starter-security\3.5.6\spring-boot-starter-security-3.5.6.jar;C:\Users\Nguyen Ba Hien\.m2\repository\org\springframework\spring-aop\6.2.11\spring-aop-6.2.11.jar;C:\Users\Nguyen Ba Hien\.m2\repository\org\springframework\security\spring-security-config\6.5.5\spring-security-config-6.5.5.jar;C:\Users\Nguyen Ba Hien\.m2\repository\org\springframework\security\spring-security-web\6.5.5\spring-security-web-6.5.5.jar;C:\Users\Nguyen Ba Hien\.m2\repository\org\springframework\spring-expression\6.2.11\spring-expression-6.2.11.jar;C:\Users\Nguyen Ba Hien\.m2\repository\org\springframework\boot\spring-boot-starter-web\3.5.6\spring-boot-starter-web-3.5.6.jar;C:\Users\Nguyen Ba Hien\.m2\repository\org\springframework\boot\spring-boot-starter-json\3.5.6\spring-boot-starter-json-3.5.6.jar;C:\Users\Nguyen Ba Hien\.m2\repository\com\fasterxml\jackson\datatype\jackson-datatype-jdk8\2.19.2\jackson-datatype-jdk8-2.19.2.jar;C:\Users\Nguyen Ba Hien\.m2\repository\com\fasterxml\jackson\module\jackson-module-parameter-names\2.19.2\jackson-module-parameter-names-2.19.2.jar;C:\Users\Nguyen Ba Hien\.m2\repository\org\springframework\boot\spring-boot-starter-tomcat\3.5.6\spring-boot-starter-tomcat-3.5.6.jar;C:\Users\Nguyen Ba Hien\.m2\repository\org\apache\tomcat\embed\tomcat-embed-core\10.1.46\tomcat-embed-core-10.1.46.jar;C:\Users\Nguyen Ba Hien\.m2\repository\org\apache\tomcat\embed\tomcat-embed-el\10.1.46\tomcat-embed-el-10.1.46.jar;C:\Users\Nguyen Ba Hien\.m2\repository\org\apache\tomcat\embed\tomcat-embed-websocket\10.1.46\tomcat-embed-websocket-10.1.46.jar;C:\Users\Nguyen Ba Hien\.m2\repository\org\springframework\spring-web\6.2.11\spring-web-6.2.11.jar;C:\Users\Nguyen Ba Hien\.m2\repository\org\springframework\spring-webmvc\6.2.11\spring-webmvc-6.2.11.jar;C:\Users\Nguyen Ba Hien\.m2\repository\org\springframework\boot\spring-boot-devtools\3.5.6\spring-boot-devtools-3.5.6.jar;C:\Users\Nguyen Ba Hien\.m2\repository\org\springframework\boot\spring-boot\3.5.6\spring-boot-3.5.6.jar;C:\Users\Nguyen Ba Hien\.m2\repository\org\springframework\boot\spring-boot-autoconfigure\3.5.6\spring-boot-autoconfigure-3.5.6.jar;C:\Users\Nguyen Ba Hien\.m2\repository\com\mysql\mysql-connector-j\9.4.0\mysql-connector-j-9.4.0.jar;C:\Users\Nguyen Ba Hien\.m2\repository\org\projectlombok\lombok\1.18.40\lombok-1.18.40.jar;C:\Users\Nguyen Ba Hien\.m2\repository\org\springdoc\springdoc-openapi-starter-webmvc-ui\2.7.0\springdoc-openapi-starter-webmvc-ui-2.7.0.jar;C:\Users\Nguyen Ba Hien\.m2\repository\org\springdoc\springdoc-openapi-starter-webmvc-api\2.7.0\springdoc-openapi-starter-webmvc-api-2.7.0.jar;C:\Users\Nguyen Ba Hien\.m2\repository\org\springdoc\springdoc-openapi-starter-common\2.7.0\springdoc-openapi-starter-common-2.7.0.jar;C:\Users\Nguyen Ba Hien\.m2\repository\io\swagger\core\v3\swagger-core-jakarta\2.2.25\swagger-core-jakarta-2.2.25.jar;C:\Users\Nguyen Ba Hien\.m2\repository\io\swagger\core\v3\swagger-annotations-jakarta\2.2.25\swagger-annotations-jakarta-2.2.25.jar;C:\Users\Nguyen Ba Hien\.m2\repository\io\swagger\core\v3\swagger-models-jakarta\2.2.25\swagger-models-jakarta-2.2.25.jar;C:\Users\Nguyen Ba Hien\.m2\repository\jakarta\validation\jakarta.validation-api\3.0.2\jakarta.validation-api-3.0.2.jar;C:\Users\Nguyen Ba Hien\.m2\repository\com\fasterxml\jackson\dataformat\jackson-dataformat-yaml\2.19.2\jackson-dataformat-yaml-2.19.2.jar;C:\Users\Nguyen Ba Hien\.m2\repository\org\webjars\swagger-ui\5.18.2\swagger-ui-5.18.2.jar;C:\Users\Nguyen Ba Hien\.m2\repository\org\webjars\webjars-locator-lite\1.1.0\webjars-locator-lite-1.1.0.jar;C:\Users\Nguyen Ba Hien\.m2\repository\org\jspecify\jspecify\1.0.0\jspecify-1.0.0.jar;C:\Users\Nguyen Ba Hien\.m2\repository\jakarta\xml\bind\jakarta.xml.bind-api\4.0.2\jakarta.xml.bind-api-4.0.2.jar;C:\Users\Nguyen Ba Hien\.m2\repository\jakarta\activation\jakarta.activation-api\2.1.4\jakarta.activation-api-2.1.4.jar;C:\Users\Nguyen Ba Hien\.m2\repository\org\springframework\spring-core\6.2.11\spring-core-6.2.11.jar;C:\Users\Nguyen Ba Hien\.m2\repository\org\springframework\spring-jcl\6.2.11\spring-jcl-6.2.11.jar;C:\Users\Nguyen Ba Hien\.m2\repository\org\springframework\security\spring-security-core\6.5.5\spring-security-core-6.5.5.jar;C:\Users\Nguyen Ba Hien\.m2\repository\org\springframework\security\spring-security-crypto\6.5.5\spring-security-crypto-6.5.5.jar;C:\Users\Nguyen Ba Hien\.m2\repository\org\mapstruct\mapstruct\1.5.5.Final\mapstruct-1.5.5.Final.jar;C:\Users\Nguyen Ba Hien\.m2\repository\com\sendgrid\sendgrid-java\4.9.3\sendgrid-java-4.9.3.jar;C:\Users\Nguyen Ba Hien\.m2\repository\com\sendgrid\java-http-client\4.5.0\java-http-client-4.5.0.jar;C:\Users\Nguyen Ba Hien\.m2\repository\org\apache\httpcomponents\httpcore\4.4.16\httpcore-4.4.16.jar;C:\Users\Nguyen Ba Hien\.m2\repository\org\apache\httpcomponents\httpclient\4.5.13\httpclient-4.5.13.jar;C:\Users\Nguyen Ba Hien\.m2\repository\commons-logging\commons-logging\1.2\commons-logging-1.2.jar;C:\Users\Nguyen Ba Hien\.m2\repository\com\fasterxml\jackson\core\jackson-core\2.19.2\jackson-core-2.19.2.jar;C:\Users\Nguyen Ba Hien\.m2\repository\com\fasterxml\jackson\core\jackson-annotations\2.19.2\jackson-annotations-2.19.2.jar;C:\Users\Nguyen Ba Hien\.m2\repository\com\fasterxml\jackson\core\jackson-databind\2.19.2\jackson-databind-2.19.2.jar;C:\Users\Nguyen Ba Hien\.m2\repository\org\bouncycastle\bcprov-jdk15on\1.70\bcprov-jdk15on-1.70.jar;C:\Users\Nguyen Ba Hien\.m2\repository\org\springframework\boot\spring-boot-starter-thymeleaf\3.5.6\spring-boot-starter-thymeleaf-3.5.6.jar;C:\Users\Nguyen Ba Hien\.m2\repository\org\thymeleaf\thymeleaf-spring6\3.1.3.RELEASE\thymeleaf-spring6-3.1.3.RELEASE.jar;C:\Users\Nguyen Ba Hien\.m2\repository\org\thymeleaf\thymeleaf\3.1.3.RELEASE\thymeleaf-3.1.3.RELEASE.jar;C:\Users\Nguyen Ba Hien\.m2\repository\org\attoparser\attoparser\2.0.7.RELEASE\attoparser-2.0.7.RELEASE.jar;C:\Users\Nguyen Ba Hien\.m2\repository\org\unbescape\unbescape\1.1.6.RELEASE\unbescape-1.1.6.RELEASE.jar;C:\Users\Nguyen Ba Hien\.m2\repository\com\google\firebase\firebase-admin\9.3.0\firebase-admin-9.3.0.jar;C:\Users\Nguyen Ba Hien\.m2\repository\com\google\api-client\google-api-client\2.4.0\google-api-client-2.4.0.jar;C:\Users\Nguyen Ba Hien\.m2\repository\commons-codec\commons-codec\1.18.0\commons-codec-1.18.0.jar;C:\Users\Nguyen Ba Hien\.m2\repository\com\google\oauth-client\google-oauth-client\1.35.0\google-oauth-client-1.35.0.jar;C:\Users\Nguyen Ba Hien\.m2\repository\com\google\auth\google-auth-library-credentials\1.23.0\google-auth-library-credentials-1.23.0.jar;C:\Users\Nguyen Ba Hien\.m2\repository\com\google\http-client\google-http-client-gson\1.44.1\google-http-client-gson-1.44.1.jar;C:\Users\Nguyen Ba Hien\.m2\repository\com\google\http-client\google-http-client-apache-v2\1.44.1\google-http-client-apache-v2-1.44.1.jar;C:\Users\Nguyen Ba Hien\.m2\repository\com\google\api-client\google-api-client-gson\2.4.0\google-api-client-gson-2.4.0.jar;C:\Users\Nguyen Ba Hien\.m2\repository\com\google\http-client\google-http-client\1.44.1\google-http-client-1.44.1.jar;C:\Users\Nguyen Ba Hien\.m2\repository\com\google\code\findbugs\jsr305\3.0.2\jsr305-3.0.2.jar;C:\Users\Nguyen Ba Hien\.m2\repository\com\google\errorprone\error_prone_annotations\2.23.0\error_prone_annotations-2.23.0.jar;C:\Users\Nguyen Ba Hien\.m2\repository\com\google\j2objc\j2objc-annotations\2.8\j2objc-annotations-2.8.jar;C:\Users\Nguyen Ba Hien\.m2\repository\io\grpc\grpc-context\1.60.1\grpc-context-1.60.1.jar;C:\Users\Nguyen Ba Hien\.m2\repository\io\opencensus\opencensus-api\0.31.1\opencensus-api-0.31.1.jar;C:\Users\Nguyen Ba Hien\.m2\repository\io\opencensus\opencensus-contrib-http-util\0.31.1\opencensus-contrib-http-util-0.31.1.jar;C:\Users\Nguyen Ba Hien\.m2\repository\com\google\api\api-common\2.31.0\api-common-2.31.0.jar;C:\Users\Nguyen Ba Hien\.m2\repository\com\google\auto\value\auto-value-annotations\1.10.4\auto-value-annotations-1.10.4.jar;C:\Users\Nguyen Ba Hien\.m2\repository\javax\annotation\javax.annotation-api\1.3.2\javax.annotation-api-1.3.2.jar;C:\Users\Nguyen Ba Hien\.m2\repository\com\google\auth\google-auth-library-oauth2-http\1.23.0\google-auth-library-oauth2-http-1.23.0.jar;C:\Users\Nguyen Ba Hien\.m2\repository\com\google\cloud\google-cloud-storage\2.38.0\google-cloud-storage-2.38.0.jar;C:\Users\Nguyen Ba Hien\.m2\repository\com\google\guava\failureaccess\1.0.2\failureaccess-1.0.2.jar;C:\Users\Nguyen Ba Hien\.m2\repository\com\google\guava\listenablefuture\9999.0-empty-to-avoid-conflict-with-guava\listenablefuture-9999.0-empty-to-avoid-conflict-with-guava.jar;C:\Users\Nguyen Ba Hien\.m2\repository\com\google\http-client\google-http-client-jackson2\1.44.1\google-http-client-jackson2-1.44.1.jar;C:\Users\Nguyen Ba Hien\.m2\repository\com\google\apis\google-api-services-storage\v1-rev20240319-2.0.0\google-api-services-storage-v1-rev20240319-2.0.0.jar;C:\Users\Nguyen Ba Hien\.m2\repository\com\google\code\gson\gson\2.13.2\gson-2.13.2.jar;C:\Users\Nguyen Ba Hien\.m2\repository\com\google\cloud\google-cloud-core\2.38.0\google-cloud-core-2.38.0.jar;C:\Users\Nguyen Ba Hien\.m2\repository\com\google\cloud\google-cloud-core-http\2.38.0\google-cloud-core-http-2.38.0.jar;C:\Users\Nguyen Ba Hien\.m2\repository\com\google\http-client\google-http-client-appengine\1.44.1\google-http-client-appengine-1.44.1.jar;C:\Users\Nguyen Ba Hien\.m2\repository\com\google\api\gax-httpjson\2.48.0\gax-httpjson-2.48.0.jar;C:\Users\Nguyen Ba Hien\.m2\repository\com\google\cloud\google-cloud-core-grpc\2.38.0\google-cloud-core-grpc-2.38.0.jar;C:\Users\Nguyen Ba Hien\.m2\repository\com\google\api\gax\2.48.0\gax-2.48.0.jar;C:\Users\Nguyen Ba Hien\.m2\repository\com\google\api\gax-grpc\2.48.0\gax-grpc-2.48.0.jar;C:\Users\Nguyen Ba Hien\.m2\repository\io\grpc\grpc-inprocess\1.62.2\grpc-inprocess-1.62.2.jar;C:\Users\Nguyen Ba Hien\.m2\repository\io\grpc\grpc-alts\1.62.2\grpc-alts-1.62.2.jar;C:\Users\Nguyen Ba Hien\.m2\repository\io\grpc\grpc-grpclb\1.62.2\grpc-grpclb-1.62.2.jar;C:\Users\Nguyen Ba Hien\.m2\repository\org\conscrypt\conscrypt-openjdk-uber\2.5.2\conscrypt-openjdk-uber-2.5.2.jar;C:\Users\Nguyen Ba Hien\.m2\repository\io\grpc\grpc-auth\1.62.2\grpc-auth-1.62.2.jar;C:\Users\Nguyen Ba Hien\.m2\repository\com\google\api\grpc\proto-google-iam-v1\1.34.0\proto-google-iam-v1-1.34.0.jar;C:\Users\Nguyen Ba Hien\.m2\repository\com\google\protobuf\protobuf-java\3.25.3\protobuf-java-3.25.3.jar;C:\Users\Nguyen Ba Hien\.m2\repository\com\google\protobuf\protobuf-java-util\3.25.3\protobuf-java-util-3.25.3.jar;C:\Users\Nguyen Ba Hien\.m2\repository\io\grpc\grpc-core\1.62.2\grpc-core-1.62.2.jar;C:\Users\Nguyen Ba Hien\.m2\repository\com\google\android\annotations\4.1.1.4\annotations-4.1.1.4.jar;C:\Users\Nguyen Ba Hien\.m2\repository\org\codehaus\mojo\animal-sniffer-annotations\1.23\animal-sniffer-annotations-1.23.jar;C:\Users\Nguyen Ba Hien\.m2\repository\io\perfmark\perfmark-api\0.27.0\perfmark-api-0.27.0.jar;C:\Users\Nguyen Ba Hien\.m2\repository\io\grpc\grpc-protobuf\1.62.2\grpc-protobuf-1.62.2.jar;C:\Users\Nguyen Ba Hien\.m2\repository\io\grpc\grpc-protobuf-lite\1.62.2\grpc-protobuf-lite-1.62.2.jar;C:\Users\Nguyen Ba Hien\.m2\repository\com\google\api\grpc\proto-google-common-protos\2.39.0\proto-google-common-protos-2.39.0.jar;C:\Users\Nguyen Ba Hien\.m2\repository\org\threeten\threetenbp\1.6.9\threetenbp-1.6.9.jar;C:\Users\Nguyen Ba Hien\.m2\repository\com\google\api\grpc\proto-google-cloud-storage-v2\2.38.0-alpha\proto-google-cloud-storage-v2-2.38.0-alpha.jar;C:\Users\Nguyen Ba Hien\.m2\repository\com\google\api\grpc\grpc-google-cloud-storage-v2\2.38.0-alpha\grpc-google-cloud-storage-v2-2.38.0-alpha.jar;C:\Users\Nguyen Ba Hien\.m2\repository\com\google\api\grpc\gapic-google-cloud-storage-v2\2.38.0-alpha\gapic-google-cloud-storage-v2-2.38.0-alpha.jar;C:\Users\Nguyen Ba Hien\.m2\repository\io\grpc\grpc-api\1.62.2\grpc-api-1.62.2.jar;C:\Users\Nguyen Ba Hien\.m2\repository\io\grpc\grpc-netty-shaded\1.62.2\grpc-netty-shaded-1.62.2.jar;C:\Users\Nguyen Ba Hien\.m2\repository\io\grpc\grpc-util\1.62.2\grpc-util-1.62.2.jar;C:\Users\Nguyen Ba Hien\.m2\repository\io\grpc\grpc-stub\1.62.2\grpc-stub-1.62.2.jar;C:\Users\Nguyen Ba Hien\.m2\repository\io\grpc\grpc-googleapis\1.62.2\grpc-googleapis-1.62.2.jar;C:\Users\Nguyen Ba Hien\.m2\repository\org\checkerframework\checker-qual\3.42.0\checker-qual-3.42.0.jar;C:\Users\Nguyen Ba Hien\.m2\repository\io\grpc\grpc-xds\1.62.2\grpc-xds-1.62.2.jar;C:\Users\Nguyen Ba Hien\.m2\repository\io\opencensus\opencensus-proto\0.2.0\opencensus-proto-0.2.0.jar;C:\Users\Nguyen Ba Hien\.m2\repository\io\grpc\grpc-services\1.62.2\grpc-services-1.62.2.jar;C:\Users\Nguyen Ba Hien\.m2\repository\com\google\re2j\re2j\1.7\re2j-1.7.jar;C:\Users\Nguyen Ba Hien\.m2\repository\io\grpc\grpc-rls\1.62.2\grpc-rls-1.62.2.jar;C:\Users\Nguyen Ba Hien\.m2\repository\com\google\cloud\google-cloud-firestore\3.21.1\google-cloud-firestore-3.21.1.jar;C:\Users\Nguyen Ba Hien\.m2\repository\com\google\api\grpc\proto-google-cloud-firestore-v1\3.21.1\proto-google-cloud-firestore-v1-3.21.1.jar;C:\Users\Nguyen Ba Hien\.m2\repository\com\google\cloud\proto-google-cloud-firestore-bundle-v1\3.21.1\proto-google-cloud-firestore-bundle-v1-3.21.1.jar;C:\Users\Nguyen Ba Hien\.m2\repository\io\opencensus\opencensus-contrib-grpc-util\0.31.1\opencensus-contrib-grpc-util-0.31.1.jar;C:\Users\Nguyen Ba Hien\.m2\repository\com\google\guava\guava\33.1.0-jre\guava-33.1.0-jre.jar;C:\Users\Nguyen Ba Hien\.m2\repository\org\slf4j\slf4j-api\2.0.17\slf4j-api-2.0.17.jar;C:\Users\Nguyen Ba Hien\.m2\repository\io\netty\netty-codec-http\4.1.127.Final\netty-codec-http-4.1.127.Final.jar;C:\Users\Nguyen Ba Hien\.m2\repository\io\netty\netty-common\4.1.127.Final\netty-common-4.1.127.Final.jar;C:\Users\Nguyen Ba Hien\.m2\repository\io\netty\netty-buffer\4.1.127.Final\netty-buffer-4.1.127.Final.jar;C:\Users\Nguyen Ba Hien\.m2\repository\io\netty\netty-codec\4.1.127.Final\netty-codec-4.1.127.Final.jar;C:\Users\Nguyen Ba Hien\.m2\repository\io\netty\netty-handler\4.1.127.Final\netty-handler-4.1.127.Final.jar;C:\Users\Nguyen Ba Hien\.m2\repository\io\netty\netty-resolver\4.1.127.Final\netty-resolver-4.1.127.Final.jar;C:\Users\Nguyen Ba Hien\.m2\repository\io\netty\netty-transport-native-unix-common\4.1.127.Final\netty-transport-native-unix-common-4.1.127.Final.jar;C:\Users\Nguyen Ba Hien\.m2\repository\io\netty\netty-transport\4.1.127.Final\netty-transport-4.1.127.Final.jar;C:\Users\Nguyen Ba Hien\.m2\repository\io\jsonwebtoken\jjwt-api\0.11.5\jjwt-api-0.11.5.jar;C:\Users\Nguyen Ba Hien\.m2\repository\io\jsonwebtoken\jjwt-impl\0.11.5\jjwt-impl-0.11.5.jar;C:\Users\Nguyen Ba Hien\.m2\repository\io\jsonwebtoken\jjwt-jackson\0.11.5\jjwt-jackson-0.11.5.jar;C:\Users\Nguyen Ba Hien\.m2\repository\org\apache\commons\commons-lang3\3.12.0\commons-lang3-3.12.0.jar
Launcher Type: SUN_STANDARD

[Global flags]
     intx CICompilerCount                          = 4                                         {product} {ergonomic}
     uint ConcGCThreads                            = 2                                         {product} {ergonomic}
     uint G1ConcRefinementThreads                  = 8                                         {product} {ergonomic}
   size_t G1HeapRegionSize                         = 1048576                                   {product} {ergonomic}
   size_t InitialHeapSize                          = 134217728                                 {product} {ergonomic}
     bool ManagementServer                         = true                                      {product} {command line}
   size_t MarkStackSize                            = 4194304                                   {product} {ergonomic}
   size_t MaxHeapSize                              = 2118123520                                {product} {ergonomic}
   size_t MaxNewSize                               = 1270874112                                {product} {ergonomic}
   size_t MinHeapDeltaBytes                        = 1048576                                   {product} {ergonomic}
   size_t MinHeapSize                              = 8388608                                   {product} {ergonomic}
    uintx NonNMethodCodeHeapSize                   = 4096                                   {pd product} {ergonomic}
    uintx NonProfiledCodeHeapSize                  = 0                                      {pd product} {ergonomic}
     bool ProfileInterpreter                       = false                                  {pd product} {command line}
    uintx ProfiledCodeHeapSize                     = 0                                      {pd product} {ergonomic}
   size_t SoftMaxHeapSize                          = 2118123520                             {manageable} {ergonomic}
     intx TieredStopAtLevel                        = 1                                         {product} {command line}
     bool UseCompressedOops                        = true                           {product lp64_product} {ergonomic}
     bool UseG1GC                                  = true                                      {product} {ergonomic}
     bool UseLargePagesIndividualAllocation        = false                                  {pd product} {ergonomic}

Logging:
Log output configuration:
 #0: stdout all=warning uptime,level,tags foldmultilines=false
 #1: stderr all=off uptime,level,tags foldmultilines=false

Environment Variables:
JAVA_HOME=C:\Program Files\Java\jdk-22
PATH=C:\Program Files\Java\jdk-22\bin;C:\Program Files\Apache Software Foundation\apache-maven-3.9.9\bin;C:\Program Files\Common Files\Oracle\Java\javapath;C:\Program Files (x86)\Common Files\Oracle\Java\javapath;C:\WINDOWS\system32;C:\WINDOWS;C:\WINDOWS\System32\Wbem;C:\WINDOWS\System32\WindowsPowerShell\v1.0\;C:\WINDOWS\System32\OpenSSH\;C:\Program Files (x86)\Microsoft SQL Server\160\Tools\Binn\;C:\Program Files\Microsoft SQL Server\160\Tools\Binn\;C:\Program Files\Microsoft SQL Server\Client SDK\ODBC\170\Tools\Binn\;C:\Program Files\Microsoft SQL Server\160\DTS\Binn\;C:\Program Files\Docker\Docker\resources\bin;C:\Program Files\Git\cmd;C:\Program Files\Cloudflare\Cloudflare WARP\;C:\Program Files\nodejs\;C:\Users\Nguyen Ba Hien\AppData\Local\Programs\Python\Python312\Scripts\;C:\Users\Nguyen Ba Hien\AppData\Local\Programs\Python\Python312\;C:\Users\Nguyen Ba Hien\AppData\Local\Programs\Python\Python313\Scripts\;C:\Users\Nguyen Ba Hien\AppData\Local\Programs\Python\Python313\;C:\Program Files\MySQL\MySQL Shell 8.0\bin\;C:\Users\Nguyen Ba Hien\AppData\Local\Microsoft\WindowsApps;C:\Program Files\Azure Data Studio\bin;C:\Users\Nguyen Ba Hien\Desktop\Microsoft VS Code\bin;C:\Users\Nguyen Ba Hien\AppData\Roaming\npm
USERNAME=Nguyen Ba Hien
OS=Windows_NT
PROCESSOR_IDENTIFIER=Intel64 Family 6 Model 60 Stepping 3, GenuineIntel
TMP=C:\Users\NGUYEN~1\AppData\Local\Temp
TEMP=C:\Users\NGUYEN~1\AppData\Local\Temp




Periodic native trim disabled

---------------  S Y S T E M  ---------------

OS:
 Windows 10 , 64 bit Build 19041 (10.0.19041.5915)
OS uptime: 3 days 13:47 hours
Hyper-V role detected

CPU: total 8 (initial active 8) (4 cores per cpu, 2 threads per core) family 6 model 60 stepping 3 microcode 0x27, cx8, cmov, fxsr, ht, mmx, sse, sse2, sse3, ssse3, sse4.1, sse4.2, popcnt, lzcnt, tsc, tscinvbit, avx, avx2, aes, erms, clmul, bmi1, bmi2, fma, vzeroupper, clflush, hv, rdtscp, f16c
Processor Information for all 8 processors :
  Max Mhz: 2801, Current Mhz: 2801, Mhz Limit: 2801

Memory: 4k page, system-wide physical 8073M (468M free)
TotalPageFile size 20285M (AvailPageFile size 6M)
current process WorkingSet (physical memory assigned to process): 355M, peak: 366M
current process commit charge ("private bytes"): 436M, peak: 448M

vm_info: Java HotSpot(TM) 64-Bit Server VM (22.0.2+9-70) for windows-amd64 JRE (22.0.2+9-70), built on 2024-06-04T16:52:23Z by "mach5one" with MS VC++ 17.6 (VS2022)

END.
