#
# There is insufficient memory for the Java Runtime Environment to continue.
# Native memory allocation (malloc) failed to allocate 1128256 bytes. Error detail: Chunk::new
# Possible reasons:
#   The system is out of physical RAM or swap space
#   This process is running with CompressedOops enabled, and the Java Heap may be blocking the growth of the native heap
# Possible solutions:
#   Reduce memory load on the system
#   Increase physical memory or swap space
#   Check if swap backing store is full
#   Decrease Java heap size (-Xmx/-Xms)
#   Decrease number of Java threads
#   Decrease Java thread stack sizes (-Xss)
#   Set larger code cache with -XX:ReservedCodeCacheSize=
#   JVM is running with Unscaled Compressed Oops mode in which the Java heap is
#     placed in the first 4GB address space. The Java Heap base address is the
#     maximum limit for the native heap growth. Please use -XX:HeapBaseMinAddress
#     to set the Java Heap base and to place the Java Heap above 4GB virtual address.
# This output file may be truncated or incomplete.
#
#  Out of Memory Error (arena.cpp:168), pid=10384, tid=3928
#
# JRE version: OpenJDK Runtime Environment Temurin-21.0.8+9 (21.0.8+9) (build 21.0.8+9-LTS)
# Java VM: OpenJDK 64-Bit Server VM Temurin-21.0.8+9 (21.0.8+9-LTS, mixed mode, sharing, tiered, compressed oops, compressed class ptrs, parallel gc, windows-amd64)
# No core dump will be written. Minidumps are not enabled by default on client versions of Windows
#

---------------  S U M M A R Y ------------

Command Line: --add-modules=ALL-SYSTEM --add-opens=java.base/java.util=ALL-UNNAMED --add-opens=java.base/java.lang=ALL-UNNAMED --add-opens=java.base/sun.nio.fs=ALL-UNNAMED -Declipse.application=org.eclipse.jdt.ls.core.id1 -Dosgi.bundles.defaultStartLevel=4 -Declipse.product=org.eclipse.jdt.ls.core.product -Djava.import.generatesMetadataFilesAtProjectRoot=false -DDetectVMInstallationsJob.disabled=true -Dfile.encoding=utf8 -XX:+UseParallelGC -XX:GCTimeRatio=4 -XX:AdaptiveSizePolicyWeight=90 -Dsun.zip.disableMemoryMapping=true -Xmx2G -Xms100m -Xlog:disable -javaagent:c:\Users\Nguyen Ba Hien\.vscode\extensions\redhat.java-1.46.0-win32-x64\lombok\lombok-1.18.39-4050.jar -XX:+HeapDumpOnOutOfMemoryError -XX:HeapDumpPath=c:\Users\Nguyen Ba Hien\AppData\Roaming\Code\User\workspaceStorage\b22da1cfa8377f87c398d74d406c786e\redhat.java -Daether.dependencyCollector.impl=bf c:\Users\Nguyen Ba Hien\.vscode\extensions\redhat.java-1.46.0-win32-x64\server\plugins\org.eclipse.equinox.launcher_1.7.0.v20250519-0528.jar -configuration c:\Users\Nguyen Ba Hien\AppData\Roaming\Code\User\globalStorage\redhat.java\1.46.0\config_win -data c:\Users\Nguyen Ba Hien\AppData\Roaming\Code\User\workspaceStorage\b22da1cfa8377f87c398d74d406c786e\redhat.java\jdt_ws --pipe=\\.\pipe\lsp-3382d4be01793784435025efbe7fcfa3-sock

Host: Intel(R) Core(TM) i7-4810MQ CPU @ 2.80GHz, 8 cores, 7G,  Windows 10 , 64 bit Build 19041 (10.0.19041.5915)
Time: Tue Oct 28 22:21:51 2025 SE Asia Standard Time elapsed time: 768.566687 seconds (0d 0h 12m 48s)

---------------  T H R E A D  ---------------

Current thread (0x000002854930c9b0):  JavaThread "C2 CompilerThread0" daemon [_thread_in_native, id=3928, stack(0x000000a497600000,0x000000a497700000) (1024K)]


Current CompileTask:
C2:768566 18211       4       org.eclipse.jdt.internal.compiler.classfmt.ModuleInfo::readModuleAttribute (1166 bytes)

Stack: [0x000000a497600000,0x000000a497700000]
Native frames: (J=compiled Java code, j=interpreted, Vv=VM code, C=native code)
V  [jvm.dll+0x6d2449]
V  [jvm.dll+0x8ae341]
V  [jvm.dll+0x8b08be]
V  [jvm.dll+0x8b0fa3]
V  [jvm.dll+0x280c96]
V  [jvm.dll+0xc581d]
V  [jvm.dll+0xc5d53]
V  [jvm.dll+0x2f539d]
V  [jvm.dll+0x5fa00a]
V  [jvm.dll+0x252092]
V  [jvm.dll+0x25244f]
V  [jvm.dll+0x24ad14]
V  [jvm.dll+0x2483a4]
V  [jvm.dll+0x1c89ee]
V  [jvm.dll+0x257d4d]
V  [jvm.dll+0x2562ea]
V  [jvm.dll+0x3f2d16]
V  [jvm.dll+0x857e6b]
V  [jvm.dll+0x6d0b0d]
C  [ucrtbase.dll+0x21bb2]
C  [KERNEL32.DLL+0x17374]
C  [ntdll.dll+0x4cc91]


---------------  P R O C E S S  ---------------

Threads class SMR info:
_java_thread_list=0x000002859ea41000, length=45, elements={
0x00000285305f4e90, 0x00000285492ff100, 0x0000028549302760, 0x0000028549304010,
0x0000028549304d20, 0x00000285493068e0, 0x0000028549307b70, 0x000002854930c9b0,
0x0000028549328430, 0x000002853290d770, 0x00000285902ebae0, 0x0000028590af61e0,
0x000002859098c380, 0x000002859098b610, 0x00000285909a6010, 0x0000028591172050,
0x0000028591161a00, 0x0000028590cb2030, 0x0000028591404030, 0x000002859148fc10,
0x0000028591491650, 0x0000028591490930, 0x0000028592ab4170, 0x0000028592ab1380,
0x0000028592ab3ae0, 0x0000028592ab1a10, 0x0000028592ab6f60, 0x0000028592ab20a0,
0x0000028592ab68d0, 0x0000028592ab2730, 0x0000028592ab5bb0, 0x0000028592ab6240,
0x0000028590e40310, 0x0000028590e409a0, 0x0000028590e41d50, 0x0000028590e44b40,
0x0000028590e3ef60, 0x0000028590e444b0, 0x0000028590e3fc80, 0x0000028590e42a70,
0x0000028590e43100, 0x0000028590e43790, 0x0000028590e451d0, 0x000002859e3fc980,
0x00000285936d5e00
}

Java Threads: ( => current thread )
  0x00000285305f4e90 JavaThread "main"                              [_thread_blocked, id=220, stack(0x000000a496c00000,0x000000a496d00000) (1024K)]
  0x00000285492ff100 JavaThread "Reference Handler"          daemon [_thread_blocked, id=17216, stack(0x000000a497000000,0x000000a497100000) (1024K)]
  0x0000028549302760 JavaThread "Finalizer"                  daemon [_thread_blocked, id=11896, stack(0x000000a497100000,0x000000a497200000) (1024K)]
  0x0000028549304010 JavaThread "Signal Dispatcher"          daemon [_thread_blocked, id=15436, stack(0x000000a497200000,0x000000a497300000) (1024K)]
  0x0000028549304d20 JavaThread "Attach Listener"            daemon [_thread_blocked, id=7792, stack(0x000000a497300000,0x000000a497400000) (1024K)]
  0x00000285493068e0 JavaThread "Service Thread"             daemon [_thread_blocked, id=3316, stack(0x000000a497400000,0x000000a497500000) (1024K)]
  0x0000028549307b70 JavaThread "Monitor Deflation Thread"   daemon [_thread_blocked, id=10360, stack(0x000000a497500000,0x000000a497600000) (1024K)]
=>0x000002854930c9b0 JavaThread "C2 CompilerThread0"         daemon [_thread_in_native, id=3928, stack(0x000000a497600000,0x000000a497700000) (1024K)]
  0x0000028549328430 JavaThread "C1 CompilerThread0"         daemon [_thread_blocked, id=16928, stack(0x000000a497700000,0x000000a497800000) (1024K)]
  0x000002853290d770 JavaThread "Common-Cleaner"             daemon [_thread_blocked, id=3320, stack(0x000000a497800000,0x000000a497900000) (1024K)]
  0x00000285902ebae0 JavaThread "Notification Thread"        daemon [_thread_blocked, id=18172, stack(0x000000a497900000,0x000000a497a00000) (1024K)]
  0x0000028590af61e0 JavaThread "Active Thread: Equinox Container: 5a8c2915-a6f6-4d68-8f88-68a4febb1adf"        [_thread_blocked, id=3844, stack(0x000000a498200000,0x000000a498300000) (1024K)]
  0x000002859098c380 JavaThread "Refresh Thread: Equinox Container: 5a8c2915-a6f6-4d68-8f88-68a4febb1adf" daemon [_thread_blocked, id=10392, stack(0x000000a498400000,0x000000a498500000) (1024K)]
  0x000002859098b610 JavaThread "Framework Event Dispatcher: Equinox Container: 5a8c2915-a6f6-4d68-8f88-68a4febb1adf" daemon [_thread_blocked, id=14320, stack(0x000000a498500000,0x000000a498600000) (1024K)]
  0x00000285909a6010 JavaThread "Start Level: Equinox Container: 5a8c2915-a6f6-4d68-8f88-68a4febb1adf" daemon [_thread_blocked, id=5736, stack(0x000000a498600000,0x000000a498700000) (1024K)]
  0x0000028591172050 JavaThread "Bundle File Closer"         daemon [_thread_blocked, id=3540, stack(0x000000a498700000,0x000000a498800000) (1024K)]
  0x0000028591161a00 JavaThread "SCR Component Actor"        daemon [_thread_blocked, id=13448, stack(0x000000a498800000,0x000000a498900000) (1024K)]
  0x0000028590cb2030 JavaThread "Worker-JM"                         [_thread_blocked, id=17004, stack(0x000000a498900000,0x000000a498a00000) (1024K)]
  0x0000028591404030 JavaThread "JNA Cleaner"                daemon [_thread_blocked, id=7288, stack(0x000000a497b00000,0x000000a497c00000) (1024K)]
  0x000002859148fc10 JavaThread "Java indexing"              daemon [_thread_blocked, id=10768, stack(0x000000a498d00000,0x000000a498e00000) (1024K)]
  0x0000028591491650 JavaThread "Thread-1"                   daemon [_thread_in_native, id=1908, stack(0x000000a499200000,0x000000a499300000) (1024K)]
  0x0000028591490930 JavaThread "Thread-2"                   daemon [_thread_in_native, id=2388, stack(0x000000a499300000,0x000000a499400000) (1024K)]
  0x0000028592ab4170 JavaThread "Thread-3"                   daemon [_thread_in_native, id=11504, stack(0x000000a499400000,0x000000a499500000) (1024K)]
  0x0000028592ab1380 JavaThread "Thread-4"                   daemon [_thread_in_native, id=17944, stack(0x000000a499500000,0x000000a499600000) (1024K)]
  0x0000028592ab3ae0 JavaThread "Thread-5"                   daemon [_thread_in_native, id=8756, stack(0x000000a499600000,0x000000a499700000) (1024K)]
  0x0000028592ab1a10 JavaThread "Thread-6"                   daemon [_thread_in_native, id=10840, stack(0x000000a499700000,0x000000a499800000) (1024K)]
  0x0000028592ab6f60 JavaThread "Thread-7"                   daemon [_thread_in_native, id=10160, stack(0x000000a499800000,0x000000a499900000) (1024K)]
  0x0000028592ab20a0 JavaThread "Thread-8"                   daemon [_thread_in_native, id=11336, stack(0x000000a499900000,0x000000a499a00000) (1024K)]
  0x0000028592ab68d0 JavaThread "Thread-9"                   daemon [_thread_in_native, id=6064, stack(0x000000a499a00000,0x000000a499b00000) (1024K)]
  0x0000028592ab2730 JavaThread "pool-2-thread-1"                   [_thread_blocked, id=2752, stack(0x000000a499b00000,0x000000a499c00000) (1024K)]
  0x0000028592ab5bb0 JavaThread "WorkspaceEventsHandler"            [_thread_blocked, id=14780, stack(0x000000a499d00000,0x000000a499e00000) (1024K)]
  0x0000028592ab6240 JavaThread "pool-1-thread-1"                   [_thread_blocked, id=17204, stack(0x000000a499e00000,0x000000a499f00000) (1024K)]
  0x0000028590e40310 JavaThread "Worker-6"                          [_thread_blocked, id=2852, stack(0x000000a496a00000,0x000000a496b00000) (1024K)]
  0x0000028590e409a0 JavaThread "Worker-7"                          [_thread_blocked, id=8884, stack(0x000000a497a00000,0x000000a497b00000) (1024K)]
  0x0000028590e41d50 JavaThread "Worker-8"                          [_thread_blocked, id=8068, stack(0x000000a496b00000,0x000000a496c00000) (1024K)]
  0x0000028590e44b40 JavaThread "Compiler Source File Reader" daemon [_thread_blocked, id=6876, stack(0x000000a498a00000,0x000000a498b00000) (1024K)]
  0x0000028590e3ef60 JavaThread "Compiler Source File Reader" daemon [_thread_blocked, id=14416, stack(0x000000a498b00000,0x000000a498c00000) (1024K)]
  0x0000028590e444b0 JavaThread "Compiler Source File Reader" daemon [_thread_blocked, id=15780, stack(0x000000a498c00000,0x000000a498d00000) (1024K)]
  0x0000028590e3fc80 JavaThread "Compiler Source File Reader" daemon [_thread_blocked, id=4156, stack(0x000000a498e00000,0x000000a498f00000) (1024K)]
  0x0000028590e42a70 JavaThread "Compiler Processing Task"   daemon [_thread_blocked, id=12764, stack(0x000000a498f00000,0x000000a499000000) (1024K)]
  0x0000028590e43100 JavaThread "Worker-9"                          [_thread_blocked, id=32, stack(0x000000a499000000,0x000000a499100000) (1024K)]
  0x0000028590e43790 JavaThread "Worker-10: Publish Diagnostics"        [_thread_blocked, id=1972, stack(0x000000a499100000,0x000000a499200000) (1024K)]
  0x0000028590e451d0 JavaThread "Compiler Source File Reader" daemon [_thread_blocked, id=18244, stack(0x000000a499c00000,0x000000a499d00000) (1024K)]
  0x000002859e3fc980 JavaThread "Compiler Source File Reader" daemon [_thread_blocked, id=984, stack(0x000000a499f00000,0x000000a49a000000) (1024K)]
  0x00000285936d5e00 JavaThread "C2 CompilerThread1"         daemon [_thread_blocked, id=7772, stack(0x000000a496900000,0x000000a496a00000) (1024K)]
Total: 45

Other Threads:
  0x00000285492f2620 VMThread "VM Thread"                           [id=18296, stack(0x000000a496f00000,0x000000a497000000) (1024K)]
  0x000002853290ca60 WatcherThread "VM Periodic Task Thread"        [id=15220, stack(0x000000a496e00000,0x000000a496f00000) (1024K)]
  0x00000285328bd2d0 WorkerThread "GC Thread#0"                     [id=11304, stack(0x000000a496d00000,0x000000a496e00000) (1024K)]
  0x0000028590c00760 WorkerThread "GC Thread#1"                     [id=16660, stack(0x000000a497c00000,0x000000a497d00000) (1024K)]
  0x0000028590c00b00 WorkerThread "GC Thread#2"                     [id=3128, stack(0x000000a497d00000,0x000000a497e00000) (1024K)]
  0x0000028590473fb0 WorkerThread "GC Thread#3"                     [id=4204, stack(0x000000a497e00000,0x000000a497f00000) (1024K)]
  0x0000028590474350 WorkerThread "GC Thread#4"                     [id=11580, stack(0x000000a497f00000,0x000000a498000000) (1024K)]
  0x00000285903a1ac0 WorkerThread "GC Thread#5"                     [id=1372, stack(0x000000a498000000,0x000000a498100000) (1024K)]
  0x00000285903a1e60 WorkerThread "GC Thread#6"                     [id=6864, stack(0x000000a498100000,0x000000a498200000) (1024K)]
  0x00000285909a6b80 WorkerThread "GC Thread#7"                     [id=16780, stack(0x000000a498300000,0x000000a498400000) (1024K)]
Total: 10

Threads with active compile tasks:
C2 CompilerThread0  768803 18211       4       org.eclipse.jdt.internal.compiler.classfmt.ModuleInfo::readModuleAttribute (1166 bytes)
C2 CompilerThread1  768803 18251   !   4       jdk.internal.jrtfs.JrtPath::toUri (169 bytes)
Total: 2

VM state: at safepoint (normal execution)

VM Mutex/Monitor currently owned by a thread:  ([mutex/lock_event])
[0x00007ff9a8d15458] Threads_lock - owner thread: 0x00000285492f2620
[0x00007ff9a8d15558] Heap_lock - owner thread: 0x0000028590e43790

Heap address: 0x0000000080000000, size: 2048 MB, Compressed Oops mode: 32-bit

CDS archive(s) mapped at: [0x000002854a000000-0x000002854aba0000-0x000002854aba0000), size 12189696, SharedBaseAddress: 0x000002854a000000, ArchiveRelocationMode: 1.
Compressed class space mapped at: 0x000002854b000000-0x000002858b000000, reserved size: 1073741824
Narrow klass base: 0x000002854a000000, Narrow klass shift: 0, Narrow klass range: 0x100000000

GC Precious Log:
 CardTable entry size: 512
 CPUs: 8 total, 8 available
 Memory: 8073M
 Large Page Support: Disabled
 NUMA Support: Disabled
 Compressed Oops: Enabled (32-bit)
 Alignments: Space 512K, Generation 512K, Heap 2M
 Heap Min Capacity: 100M
 Heap Initial Capacity: 100M
 Heap Max Capacity: 2G
 Pre-touch: Disabled
 Parallel Workers: 8

Heap:
 PSYoungGen      total 3584K, used 3386K [0x00000000d5580000, 0x00000000d5a00000, 0x0000000100000000)
  eden space 3072K, 100% used [0x00000000d5580000,0x00000000d5880000,0x00000000d5880000)
  from space 512K, 61% used [0x00000000d5980000,0x00000000d59ce900,0x00000000d5a00000)
  to   space 512K, 68% used [0x00000000d5880000,0x00000000d58d8000,0x00000000d5900000)
 ParOldGen       total 502272K, used 502270K [0x0000000080000000, 0x000000009ea80000, 0x00000000d5580000)
  object space 502272K, 99% used [0x0000000080000000,0x000000009ea7fb70,0x000000009ea80000)
 Metaspace       used 71245K, committed 72832K, reserved 1114112K
  class space    used 7164K, committed 7872K, reserved 1048576K

Card table byte_map: [0x0000028532250000,0x0000028532660000] _byte_map_base: 0x0000028531e50000

Marking Bits: (ParMarkBitMap*) 0x00007ff9a8d1a340
 Begin Bits: [0x0000028544d50000, 0x0000028546d50000)
 End Bits:   [0x0000028546d50000, 0x0000028548d50000)

Polling page: 0x0000028530770000

Metaspace:

Usage:
  Non-class:     62.58 MB used.
      Class:      7.00 MB used.
       Both:     69.58 MB used.

Virtual space:
  Non-class space:       64.00 MB reserved,      63.44 MB (>99%) committed,  1 nodes.
      Class space:        1.00 GB reserved,       7.69 MB ( <1%) committed,  1 nodes.
             Both:        1.06 GB reserved,      71.12 MB (  7%) committed. 

Chunk freelists:
   Non-Class:  64.00 KB
       Class:  8.16 MB
        Both:  8.22 MB

MaxMetaspaceSize: unlimited
CompressedClassSpaceSize: 1.00 GB
Initial GC threshold: 21.00 MB
Current GC threshold: 117.62 MB
CDS: on
 - commit_granule_bytes: 65536.
 - commit_granule_words: 8192.
 - virtual_space_node_default_size: 8388608.
 - enlarge_chunks_in_place: 1.
 - use_allocation_guard: 0.


Internal statistics:

num_allocs_failed_limit: 9.
num_arena_births: 1434.
num_arena_deaths: 22.
num_vsnodes_births: 2.
num_vsnodes_deaths: 0.
num_space_committed: 1138.
num_space_uncommitted: 0.
num_chunks_returned_to_freelist: 34.
num_chunks_taken_from_freelist: 4968.
num_chunk_merges: 18.
num_chunk_splits: 2976.
num_chunks_enlarged: 1655.
num_inconsistent_stats: 0.

CodeHeap 'non-profiled nmethods': size=120000Kb used=14181Kb max_used=14181Kb free=105818Kb
 bounds [0x000002853d570000, 0x000002853e350000, 0x0000028544aa0000]
CodeHeap 'profiled nmethods': size=120000Kb used=39157Kb max_used=39753Kb free=80842Kb
 bounds [0x0000028535aa0000, 0x00000285381c0000, 0x000002853cfd0000]
CodeHeap 'non-nmethods': size=5760Kb used=1445Kb max_used=1588Kb free=4314Kb
 bounds [0x000002853cfd0000, 0x000002853d240000, 0x000002853d570000]
CodeCache: size=245760Kb, used=54783Kb, max_used=55522Kb, free=190974Kb
 total_blobs=17300, nmethods=16544, adapters=658, full_count=0
Compilation: enabled, stopped_count=0, restarted_count=0

Compilation events (20 events):
Event: 768.512 Thread 0x0000028549328430 18245   !   3       org.eclipse.jdt.internal.compiler.ast.AbstractMethodDeclaration::resolveJavadoc (154 bytes)
Event: 768.513 Thread 0x00000285936d5e00 nmethod 18238 0x000002853e347110 code [0x000002853e3472a0, 0x000002853e3474e0]
Event: 768.513 Thread 0x00000285936d5e00 18243   !   4       org.eclipse.jdt.internal.core.SearchableEnvironment::findModuleContext (304 bytes)
Event: 768.514 Thread 0x0000028549328430 nmethod 18245 0x000002853669d210 code [0x000002853669d480, 0x000002853669e0e0]
Event: 768.517 Thread 0x0000028549328430 18248       3       org.eclipse.jdt.internal.compiler.lookup.MethodScope::checkUnusedParameters (150 bytes)
Event: 768.520 Thread 0x0000028549328430 nmethod 18248 0x00000285363cc710 code [0x00000285363cc980, 0x00000285363cd558]
Event: 768.521 Thread 0x0000028549328430 18249       3       org.eclipse.jdt.internal.compiler.lookup.MethodBinding::isMain (82 bytes)
Event: 768.521 Thread 0x0000028549328430 nmethod 18249 0x0000028536660a90 code [0x0000028536660c80, 0x00000285366611a0]
Event: 768.521 Thread 0x0000028549328430 18246       3       org.eclipse.jdt.internal.compiler.ast.AllocationExpression::checkCapturedLocalInitializationIfNecessary (115 bytes)
Event: 768.527 Thread 0x0000028549328430 nmethod 18246 0x00000285363cb690 code [0x00000285363cb8e0, 0x00000285363cc328]
Event: 768.527 Thread 0x0000028549328430 18247       3       org.eclipse.jdt.internal.compiler.ast.AllocationExpression::manageSyntheticAccessIfNecessary (115 bytes)
Event: 768.537 Thread 0x0000028549328430 nmethod 18247 0x0000028536a2ae10 code [0x0000028536a2b0a0, 0x0000028536a2bc60]
Event: 768.537 Thread 0x0000028549328430 18252       3       org.eclipse.jdt.internal.core.PackageFragment::getCompilationUnit (31 bytes)
Event: 768.538 Thread 0x0000028549328430 nmethod 18252 0x00000285363cab90 code [0x00000285363cada0, 0x00000285363cb450]
Event: 768.539 Thread 0x0000028549328430 18253       3       org.eclipse.jdt.internal.compiler.ast.TypeDeclaration::createDefaultConstructor (173 bytes)
Event: 768.540 Thread 0x0000028549328430 nmethod 18253 0x0000028536a29d10 code [0x0000028536a29f40, 0x0000028536a2aa98]
Event: 768.541 Thread 0x0000028549328430 18254       3       lombok.eclipse.handlers.SetGeneratedByVisitor::visit (22 bytes)
Event: 768.541 Thread 0x0000028549328430 nmethod 18254 0x000002853669cb10 code [0x000002853669cce0, 0x000002853669cfb0]
Event: 768.541 Thread 0x0000028549328430 18255       3       lombok.eclipse.handlers.EclipseHandlerUtil::injectField (174 bytes)
Event: 768.547 Thread 0x0000028549328430 nmethod 18255 0x0000028535b5a490 code [0x0000028535b5a760, 0x0000028535b5bc68]

GC Heap History (20 events):
Event: 767.743 GC heap after
{Heap after GC invocations=594 (full 4):
 PSYoungGen      total 3584K, used 288K [0x00000000d5580000, 0x00000000d5980000, 0x0000000100000000)
  eden space 3072K, 0% used [0x00000000d5580000,0x00000000d5580000,0x00000000d5880000)
  from space 512K, 56% used [0x00000000d5900000,0x00000000d5948000,0x00000000d5980000)
  to   space 512K, 0% used [0x00000000d5880000,0x00000000d5880000,0x00000000d5900000)
 ParOldGen       total 502272K, used 499422K [0x0000000080000000, 0x000000009ea80000, 0x00000000d5580000)
  object space 502272K, 99% used [0x0000000080000000,0x000000009e7b7988,0x000000009ea80000)
 Metaspace       used 71227K, committed 72832K, reserved 1114112K
  class space    used 7163K, committed 7872K, reserved 1048576K
}
Event: 767.802 GC heap before
{Heap before GC invocations=595 (full 4):
 PSYoungGen      total 3584K, used 3360K [0x00000000d5580000, 0x00000000d5980000, 0x0000000100000000)
  eden space 3072K, 100% used [0x00000000d5580000,0x00000000d5880000,0x00000000d5880000)
  from space 512K, 56% used [0x00000000d5900000,0x00000000d5948000,0x00000000d5980000)
  to   space 512K, 0% used [0x00000000d5880000,0x00000000d5880000,0x00000000d5900000)
 ParOldGen       total 502272K, used 499422K [0x0000000080000000, 0x000000009ea80000, 0x00000000d5580000)
  object space 502272K, 99% used [0x0000000080000000,0x000000009e7b7988,0x000000009ea80000)
 Metaspace       used 71229K, committed 72832K, reserved 1114112K
  class space    used 7163K, committed 7872K, reserved 1048576K
}
Event: 767.805 GC heap after
{Heap after GC invocations=595 (full 4):
 PSYoungGen      total 3584K, used 480K [0x00000000d5580000, 0x00000000d5a80000, 0x0000000100000000)
  eden space 3072K, 0% used [0x00000000d5580000,0x00000000d5580000,0x00000000d5880000)
  from space 512K, 93% used [0x00000000d5880000,0x00000000d58f8020,0x00000000d5900000)
  to   space 1024K, 0% used [0x00000000d5980000,0x00000000d5980000,0x00000000d5a80000)
 ParOldGen       total 502272K, used 499566K [0x0000000080000000, 0x000000009ea80000, 0x00000000d5580000)
  object space 502272K, 99% used [0x0000000080000000,0x000000009e7db988,0x000000009ea80000)
 Metaspace       used 71229K, committed 72832K, reserved 1114112K
  class space    used 7163K, committed 7872K, reserved 1048576K
}
Event: 768.326 GC heap before
{Heap before GC invocations=596 (full 4):
 PSYoungGen      total 3584K, used 3552K [0x00000000d5580000, 0x00000000d5a80000, 0x0000000100000000)
  eden space 3072K, 100% used [0x00000000d5580000,0x00000000d5880000,0x00000000d5880000)
  from space 512K, 93% used [0x00000000d5880000,0x00000000d58f8020,0x00000000d5900000)
  to   space 1024K, 0% used [0x00000000d5980000,0x00000000d5980000,0x00000000d5a80000)
 ParOldGen       total 502272K, used 499566K [0x0000000080000000, 0x000000009ea80000, 0x00000000d5580000)
  object space 502272K, 99% used [0x0000000080000000,0x000000009e7db988,0x000000009ea80000)
 Metaspace       used 71231K, committed 72832K, reserved 1114112K
  class space    used 7164K, committed 7872K, reserved 1048576K
}
Event: 768.329 GC heap after
{Heap after GC invocations=596 (full 4):
 PSYoungGen      total 3584K, used 298K [0x00000000d5580000, 0x00000000d5a00000, 0x0000000100000000)
  eden space 3072K, 0% used [0x00000000d5580000,0x00000000d5580000,0x00000000d5880000)
  from space 512K, 58% used [0x00000000d5980000,0x00000000d59ca910,0x00000000d5a00000)
  to   space 512K, 0% used [0x00000000d5880000,0x00000000d5880000,0x00000000d5900000)
 ParOldGen       total 502272K, used 499950K [0x0000000080000000, 0x000000009ea80000, 0x00000000d5580000)
  object space 502272K, 99% used [0x0000000080000000,0x000000009e83b9c8,0x000000009ea80000)
 Metaspace       used 71231K, committed 72832K, reserved 1114112K
  class space    used 7164K, committed 7872K, reserved 1048576K
}
Event: 768.341 GC heap before
{Heap before GC invocations=597 (full 4):
 PSYoungGen      total 3584K, used 3370K [0x00000000d5580000, 0x00000000d5a00000, 0x0000000100000000)
  eden space 3072K, 100% used [0x00000000d5580000,0x00000000d5880000,0x00000000d5880000)
  from space 512K, 58% used [0x00000000d5980000,0x00000000d59ca910,0x00000000d5a00000)
  to   space 512K, 0% used [0x00000000d5880000,0x00000000d5880000,0x00000000d5900000)
 ParOldGen       total 502272K, used 499950K [0x0000000080000000, 0x000000009ea80000, 0x00000000d5580000)
  object space 502272K, 99% used [0x0000000080000000,0x000000009e83b9c8,0x000000009ea80000)
 Metaspace       used 71234K, committed 72832K, reserved 1114112K
  class space    used 7164K, committed 7872K, reserved 1048576K
}
Event: 768.343 GC heap after
{Heap after GC invocations=597 (full 4):
 PSYoungGen      total 3584K, used 352K [0x00000000d5580000, 0x00000000d5a00000, 0x0000000100000000)
  eden space 3072K, 0% used [0x00000000d5580000,0x00000000d5580000,0x00000000d5880000)
  from space 512K, 68% used [0x00000000d5880000,0x00000000d58d8000,0x00000000d5900000)
  to   space 512K, 0% used [0x00000000d5980000,0x00000000d5980000,0x00000000d5a00000)
 ParOldGen       total 502272K, used 500202K [0x0000000080000000, 0x000000009ea80000, 0x00000000d5580000)
  object space 502272K, 99% used [0x0000000080000000,0x000000009e87abd8,0x000000009ea80000)
 Metaspace       used 71234K, committed 72832K, reserved 1114112K
  class space    used 7164K, committed 7872K, reserved 1048576K
}
Event: 768.367 GC heap before
{Heap before GC invocations=598 (full 4):
 PSYoungGen      total 3584K, used 3424K [0x00000000d5580000, 0x00000000d5a00000, 0x0000000100000000)
  eden space 3072K, 100% used [0x00000000d5580000,0x00000000d5880000,0x00000000d5880000)
  from space 512K, 68% used [0x00000000d5880000,0x00000000d58d8000,0x00000000d5900000)
  to   space 512K, 0% used [0x00000000d5980000,0x00000000d5980000,0x00000000d5a00000)
 ParOldGen       total 502272K, used 500202K [0x0000000080000000, 0x000000009ea80000, 0x00000000d5580000)
  object space 502272K, 99% used [0x0000000080000000,0x000000009e87abd8,0x000000009ea80000)
 Metaspace       used 71237K, committed 72832K, reserved 1114112K
  class space    used 7164K, committed 7872K, reserved 1048576K
}
Event: 768.369 GC heap after
{Heap after GC invocations=598 (full 4):
 PSYoungGen      total 3584K, used 352K [0x00000000d5580000, 0x00000000d5a00000, 0x0000000100000000)
  eden space 3072K, 0% used [0x00000000d5580000,0x00000000d5580000,0x00000000d5880000)
  from space 512K, 68% used [0x00000000d5980000,0x00000000d59d8000,0x00000000d5a00000)
  to   space 512K, 0% used [0x00000000d5880000,0x00000000d5880000,0x00000000d5900000)
 ParOldGen       total 502272K, used 500490K [0x0000000080000000, 0x000000009ea80000, 0x00000000d5580000)
  object space 502272K, 99% used [0x0000000080000000,0x000000009e8c2bf8,0x000000009ea80000)
 Metaspace       used 71237K, committed 72832K, reserved 1114112K
  class space    used 7164K, committed 7872K, reserved 1048576K
}
Event: 768.407 GC heap before
{Heap before GC invocations=599 (full 4):
 PSYoungGen      total 3584K, used 3424K [0x00000000d5580000, 0x00000000d5a00000, 0x0000000100000000)
  eden space 3072K, 100% used [0x00000000d5580000,0x00000000d5880000,0x00000000d5880000)
  from space 512K, 68% used [0x00000000d5980000,0x00000000d59d8000,0x00000000d5a00000)
  to   space 512K, 0% used [0x00000000d5880000,0x00000000d5880000,0x00000000d5900000)
 ParOldGen       total 502272K, used 500490K [0x0000000080000000, 0x000000009ea80000, 0x00000000d5580000)
  object space 502272K, 99% used [0x0000000080000000,0x000000009e8c2bf8,0x000000009ea80000)
 Metaspace       used 71237K, committed 72832K, reserved 1114112K
  class space    used 7164K, committed 7872K, reserved 1048576K
}
Event: 768.410 GC heap after
{Heap after GC invocations=599 (full 4):
 PSYoungGen      total 3584K, used 416K [0x00000000d5580000, 0x00000000d5a00000, 0x0000000100000000)
  eden space 3072K, 0% used [0x00000000d5580000,0x00000000d5580000,0x00000000d5880000)
  from space 512K, 81% used [0x00000000d5880000,0x00000000d58e8000,0x00000000d5900000)
  to   space 512K, 0% used [0x00000000d5980000,0x00000000d5980000,0x00000000d5a00000)
 ParOldGen       total 502272K, used 500706K [0x0000000080000000, 0x000000009ea80000, 0x00000000d5580000)
  object space 502272K, 99% used [0x0000000080000000,0x000000009e8f8bf8,0x000000009ea80000)
 Metaspace       used 71237K, committed 72832K, reserved 1114112K
  class space    used 7164K, committed 7872K, reserved 1048576K
}
Event: 768.429 GC heap before
{Heap before GC invocations=600 (full 4):
 PSYoungGen      total 3584K, used 3488K [0x00000000d5580000, 0x00000000d5a00000, 0x0000000100000000)
  eden space 3072K, 100% used [0x00000000d5580000,0x00000000d5880000,0x00000000d5880000)
  from space 512K, 81% used [0x00000000d5880000,0x00000000d58e8000,0x00000000d5900000)
  to   space 512K, 0% used [0x00000000d5980000,0x00000000d5980000,0x00000000d5a00000)
 ParOldGen       total 502272K, used 500706K [0x0000000080000000, 0x000000009ea80000, 0x00000000d5580000)
  object space 502272K, 99% used [0x0000000080000000,0x000000009e8f8bf8,0x000000009ea80000)
 Metaspace       used 71241K, committed 72832K, reserved 1114112K
  class space    used 7164K, committed 7872K, reserved 1048576K
}
Event: 768.431 GC heap after
{Heap after GC invocations=600 (full 4):
 PSYoungGen      total 3584K, used 288K [0x00000000d5580000, 0x00000000d5a00000, 0x0000000100000000)
  eden space 3072K, 0% used [0x00000000d5580000,0x00000000d5580000,0x00000000d5880000)
  from space 512K, 56% used [0x00000000d5980000,0x00000000d59c8020,0x00000000d5a00000)
  to   space 512K, 0% used [0x00000000d5880000,0x00000000d5880000,0x00000000d5900000)
 ParOldGen       total 502272K, used 500978K [0x0000000080000000, 0x000000009ea80000, 0x00000000d5580000)
  object space 502272K, 99% used [0x0000000080000000,0x000000009e93cbf8,0x000000009ea80000)
 Metaspace       used 71241K, committed 72832K, reserved 1114112K
  class space    used 7164K, committed 7872K, reserved 1048576K
}
Event: 768.460 GC heap before
{Heap before GC invocations=601 (full 4):
 PSYoungGen      total 3584K, used 3360K [0x00000000d5580000, 0x00000000d5a00000, 0x0000000100000000)
  eden space 3072K, 100% used [0x00000000d5580000,0x00000000d5880000,0x00000000d5880000)
  from space 512K, 56% used [0x00000000d5980000,0x00000000d59c8020,0x00000000d5a00000)
  to   space 512K, 0% used [0x00000000d5880000,0x00000000d5880000,0x00000000d5900000)
 ParOldGen       total 502272K, used 500978K [0x0000000080000000, 0x000000009ea80000, 0x00000000d5580000)
  object space 502272K, 99% used [0x0000000080000000,0x000000009e93cbf8,0x000000009ea80000)
 Metaspace       used 71241K, committed 72832K, reserved 1114112K
  class space    used 7164K, committed 7872K, reserved 1048576K
}
Event: 768.462 GC heap after
{Heap after GC invocations=601 (full 4):
 PSYoungGen      total 3584K, used 448K [0x00000000d5580000, 0x00000000d5a00000, 0x0000000100000000)
  eden space 3072K, 0% used [0x00000000d5580000,0x00000000d5580000,0x00000000d5880000)
  from space 512K, 87% used [0x00000000d5880000,0x00000000d58f0020,0x00000000d5900000)
  to   space 512K, 0% used [0x00000000d5980000,0x00000000d5980000,0x00000000d5a00000)
 ParOldGen       total 502272K, used 501154K [0x0000000080000000, 0x000000009ea80000, 0x00000000d5580000)
  object space 502272K, 99% used [0x0000000080000000,0x000000009e968bf8,0x000000009ea80000)
 Metaspace       used 71241K, committed 72832K, reserved 1114112K
  class space    used 7164K, committed 7872K, reserved 1048576K
}
Event: 768.485 GC heap before
{Heap before GC invocations=602 (full 4):
 PSYoungGen      total 3584K, used 3520K [0x00000000d5580000, 0x00000000d5a00000, 0x0000000100000000)
  eden space 3072K, 100% used [0x00000000d5580000,0x00000000d5880000,0x00000000d5880000)
  from space 512K, 87% used [0x00000000d5880000,0x00000000d58f0020,0x00000000d5900000)
  to   space 512K, 0% used [0x00000000d5980000,0x00000000d5980000,0x00000000d5a00000)
 ParOldGen       total 502272K, used 501154K [0x0000000080000000, 0x000000009ea80000, 0x00000000d5580000)
  object space 502272K, 99% used [0x0000000080000000,0x000000009e968bf8,0x000000009ea80000)
 Metaspace       used 71242K, committed 72832K, reserved 1114112K
  class space    used 7164K, committed 7872K, reserved 1048576K
}
Event: 768.488 GC heap after
{Heap after GC invocations=602 (full 4):
 PSYoungGen      total 3584K, used 458K [0x00000000d5580000, 0x00000000d5a00000, 0x0000000100000000)
  eden space 3072K, 0% used [0x00000000d5580000,0x00000000d5580000,0x00000000d5880000)
  from space 512K, 89% used [0x00000000d5980000,0x00000000d59f2930,0x00000000d5a00000)
  to   space 512K, 0% used [0x00000000d5880000,0x00000000d5880000,0x00000000d5900000)
 ParOldGen       total 502272K, used 501431K [0x0000000080000000, 0x000000009ea80000, 0x00000000d5580000)
  object space 502272K, 99% used [0x0000000080000000,0x000000009e9adc28,0x000000009ea80000)
 Metaspace       used 71242K, committed 72832K, reserved 1114112K
  class space    used 7164K, committed 7872K, reserved 1048576K
}
Event: 768.523 GC heap before
{Heap before GC invocations=603 (full 4):
 PSYoungGen      total 3584K, used 3530K [0x00000000d5580000, 0x00000000d5a00000, 0x0000000100000000)
  eden space 3072K, 100% used [0x00000000d5580000,0x00000000d5880000,0x00000000d5880000)
  from space 512K, 89% used [0x00000000d5980000,0x00000000d59f2930,0x00000000d5a00000)
  to   space 512K, 0% used [0x00000000d5880000,0x00000000d5880000,0x00000000d5900000)
 ParOldGen       total 502272K, used 501431K [0x0000000080000000, 0x000000009ea80000, 0x00000000d5580000)
  object space 502272K, 99% used [0x0000000080000000,0x000000009e9adc28,0x000000009ea80000)
 Metaspace       used 71243K, committed 72832K, reserved 1114112K
  class space    used 7164K, committed 7872K, reserved 1048576K
}
Event: 768.526 GC heap after
{Heap after GC invocations=603 (full 4):
 PSYoungGen      total 3584K, used 512K [0x00000000d5580000, 0x00000000d5a00000, 0x0000000100000000)
  eden space 3072K, 0% used [0x00000000d5580000,0x00000000d5580000,0x00000000d5880000)
  from space 512K, 100% used [0x00000000d5880000,0x00000000d5900000,0x00000000d5900000)
  to   space 512K, 0% used [0x00000000d5980000,0x00000000d5980000,0x00000000d5a00000)
 ParOldGen       total 502272K, used 501793K [0x0000000080000000, 0x000000009ea80000, 0x00000000d5580000)
  object space 502272K, 99% used [0x0000000080000000,0x000000009ea086c0,0x000000009ea80000)
 Metaspace       used 71243K, committed 72832K, reserved 1114112K
  class space    used 7164K, committed 7872K, reserved 1048576K
}
Event: 768.548 GC heap before
{Heap before GC invocations=604 (full 4):
 PSYoungGen      total 3584K, used 3584K [0x00000000d5580000, 0x00000000d5a00000, 0x0000000100000000)
  eden space 3072K, 100% used [0x00000000d5580000,0x00000000d5880000,0x00000000d5880000)
  from space 512K, 100% used [0x00000000d5880000,0x00000000d5900000,0x00000000d5900000)
  to   space 512K, 0% used [0x00000000d5980000,0x00000000d5980000,0x00000000d5a00000)
 ParOldGen       total 502272K, used 501793K [0x0000000080000000, 0x000000009ea80000, 0x00000000d5580000)
  object space 502272K, 99% used [0x0000000080000000,0x000000009ea086c0,0x000000009ea80000)
 Metaspace       used 71245K, committed 72832K, reserved 1114112K
  class space    used 7164K, committed 7872K, reserved 1048576K
}

Dll operation events (10 events):
Event: 0.025 Loaded shared library c:\Users\Nguyen Ba Hien\.vscode\extensions\redhat.java-1.46.0-win32-x64\jre\21.0.8-win32-x86_64\bin\java.dll
Event: 0.146 Loaded shared library c:\Users\Nguyen Ba Hien\.vscode\extensions\redhat.java-1.46.0-win32-x64\jre\21.0.8-win32-x86_64\bin\zip.dll
Event: 0.190 Loaded shared library C:\Users\Nguyen Ba Hien\.vscode\extensions\redhat.java-1.46.0-win32-x64\jre\21.0.8-win32-x86_64\bin\instrument.dll
Event: 0.200 Loaded shared library C:\Users\Nguyen Ba Hien\.vscode\extensions\redhat.java-1.46.0-win32-x64\jre\21.0.8-win32-x86_64\bin\net.dll
Event: 0.203 Loaded shared library C:\Users\Nguyen Ba Hien\.vscode\extensions\redhat.java-1.46.0-win32-x64\jre\21.0.8-win32-x86_64\bin\nio.dll
Event: 0.209 Loaded shared library C:\Users\Nguyen Ba Hien\.vscode\extensions\redhat.java-1.46.0-win32-x64\jre\21.0.8-win32-x86_64\bin\zip.dll
Event: 0.240 Loaded shared library C:\Users\Nguyen Ba Hien\.vscode\extensions\redhat.java-1.46.0-win32-x64\jre\21.0.8-win32-x86_64\bin\jimage.dll
Event: 0.401 Loaded shared library c:\Users\Nguyen Ba Hien\.vscode\extensions\redhat.java-1.46.0-win32-x64\jre\21.0.8-win32-x86_64\bin\verify.dll
Event: 2.429 Loaded shared library C:\Users\Nguyen Ba Hien\AppData\Roaming\Code\User\globalStorage\redhat.java\1.46.0\config_win\org.eclipse.equinox.launcher\org.eclipse.equinox.launcher.win32.win32.x86_64_1.2.1400.v20250801-0854\eclipse_11916.dll
Event: 4.398 Loaded shared library C:\Users\Nguyen Ba Hien\AppData\Local\Temp\jna-165784113\jna4375443315863533622.dll

Deoptimization events (20 events):
Event: 766.183 Thread 0x0000028590e40310 DEOPT PACKING pc=0x0000028537d4711b sp=0x000000a496afe0e0
Event: 766.183 Thread 0x0000028590e40310 DEOPT UNPACKING pc=0x000002853d024242 sp=0x000000a496afd558 mode 0
Event: 766.191 Thread 0x000002859148fc10 Uncommon trap: trap_request=0xffffffd6 fr.pc=0x000002853e2ccb08 relative=0x0000000000000d08
Event: 766.191 Thread 0x000002859148fc10 Uncommon trap: reason=array_check action=maybe_recompile pc=0x000002853e2ccb08 method=java.util.TimSort.reverseRange([Ljava/lang/Object;II)V @ 27 c2
Event: 766.192 Thread 0x000002859148fc10 DEOPT PACKING pc=0x000002853e2ccb08 sp=0x000000a498dfecc0
Event: 766.192 Thread 0x000002859148fc10 DEOPT UNPACKING pc=0x000002853d023aa2 sp=0x000000a498dfeb38 mode 2
Event: 766.192 Thread 0x000002859148fc10 Uncommon trap: trap_request=0xffffffd6 fr.pc=0x000002853e2ccb08 relative=0x0000000000000d08
Event: 766.192 Thread 0x000002859148fc10 Uncommon trap: reason=array_check action=maybe_recompile pc=0x000002853e2ccb08 method=java.util.TimSort.reverseRange([Ljava/lang/Object;II)V @ 27 c2
Event: 766.192 Thread 0x000002859148fc10 DEOPT PACKING pc=0x000002853e2ccb08 sp=0x000000a498dfec20
Event: 766.192 Thread 0x000002859148fc10 DEOPT UNPACKING pc=0x000002853d023aa2 sp=0x000000a498dfea98 mode 2
Event: 766.511 Thread 0x0000028590e40310 DEOPT PACKING pc=0x0000028537f3d6d6 sp=0x000000a496afdd30
Event: 766.511 Thread 0x0000028590e40310 DEOPT UNPACKING pc=0x000002853d024242 sp=0x000000a496afd240 mode 0
Event: 766.757 Thread 0x0000028590e43790 DEOPT PACKING pc=0x00000285373a75fd sp=0x000000a4991fda40
Event: 766.757 Thread 0x0000028590e43790 DEOPT UNPACKING pc=0x000002853d024242 sp=0x000000a4991fcf38 mode 0
Event: 766.942 Thread 0x0000028590e43790 Uncommon trap: trap_request=0xffffffc6 fr.pc=0x000002853e026b64 relative=0x0000000000000ec4
Event: 766.942 Thread 0x0000028590e43790 Uncommon trap: reason=bimorphic_or_optimized_type_check action=maybe_recompile pc=0x000002853e026b64 method=org.eclipse.jdt.internal.compiler.parser.Parser.consumeRule(I)V @ 5907 c2
Event: 766.942 Thread 0x0000028590e43790 DEOPT PACKING pc=0x000002853e026b64 sp=0x000000a4991fe930
Event: 766.942 Thread 0x0000028590e43790 DEOPT UNPACKING pc=0x000002853d023aa2 sp=0x000000a4991fe8b8 mode 2
Event: 768.472 Thread 0x0000028590e43790 DEOPT PACKING pc=0x000002853762b556 sp=0x000000a4991fd9c0
Event: 768.472 Thread 0x0000028590e43790 DEOPT UNPACKING pc=0x000002853d024242 sp=0x000000a4991fce50 mode 0

Classes loaded (20 events):
Event: 321.081 Loading class java/util/function/LongFunction
Event: 321.081 Loading class java/util/function/LongFunction done
Event: 321.082 Loading class java/util/stream/Nodes$ConcNode
Event: 321.082 Loading class java/util/stream/Nodes$AbstractConcNode
Event: 321.083 Loading class java/util/stream/Nodes$AbstractConcNode done
Event: 321.083 Loading class java/util/stream/Nodes$ConcNode done
Event: 321.107 Loading class java/util/stream/Nodes$ToArrayTask$OfRef
Event: 321.108 Loading class java/util/stream/Nodes$ToArrayTask
Event: 321.108 Loading class java/util/stream/Nodes$ToArrayTask done
Event: 321.108 Loading class java/util/stream/Nodes$ToArrayTask$OfRef done
Event: 321.112 Loading class java/io/ObjectOutputStream$BlockDataOutputStream
Event: 321.113 Loading class java/io/ObjectOutputStream$BlockDataOutputStream done
Event: 321.113 Loading class java/io/ObjectOutputStream$HandleTable
Event: 321.113 Loading class java/io/ObjectOutputStream$HandleTable done
Event: 321.113 Loading class java/io/ObjectOutputStream$ReplaceTable
Event: 321.114 Loading class java/io/ObjectOutputStream$ReplaceTable done
Event: 762.537 Loading class jdk/internal/module/IllegalAccessLogger
Event: 762.537 Loading class jdk/internal/module/IllegalAccessLogger done
Event: 762.854 Loading class java/util/ArrayDeque$DeqSpliterator
Event: 762.857 Loading class java/util/ArrayDeque$DeqSpliterator done

Classes unloaded (11 events):
Event: 5.260 Thread 0x00000285492f2620 Unloading class 0x000002854b1a4800 'java/lang/invoke/LambdaForm$MH+0x000002854b1a4800'
Event: 5.260 Thread 0x00000285492f2620 Unloading class 0x000002854b1a4400 'java/lang/invoke/LambdaForm$MH+0x000002854b1a4400'
Event: 5.260 Thread 0x00000285492f2620 Unloading class 0x000002854b1a4000 'java/lang/invoke/LambdaForm$MH+0x000002854b1a4000'
Event: 5.260 Thread 0x00000285492f2620 Unloading class 0x000002854b1a3c00 'java/lang/invoke/LambdaForm$MH+0x000002854b1a3c00'
Event: 5.260 Thread 0x00000285492f2620 Unloading class 0x000002854b1a3800 'java/lang/invoke/LambdaForm$BMH+0x000002854b1a3800'
Event: 5.260 Thread 0x00000285492f2620 Unloading class 0x000002854b1a3400 'java/lang/invoke/LambdaForm$DMH+0x000002854b1a3400'
Event: 5.260 Thread 0x00000285492f2620 Unloading class 0x000002854b1a2000 'java/lang/invoke/LambdaForm$DMH+0x000002854b1a2000'
Event: 196.537 Thread 0x00000285492f2620 Unloading class 0x000002854b6ea400 'java/lang/invoke/LambdaForm$DMH+0x000002854b6ea400'
Event: 196.537 Thread 0x00000285492f2620 Unloading class 0x000002854b6ea000 'java/lang/invoke/LambdaForm$DMH+0x000002854b6ea000'
Event: 196.537 Thread 0x00000285492f2620 Unloading class 0x000002854b6e9c00 'java/lang/invoke/LambdaForm$DMH+0x000002854b6e9c00'
Event: 196.537 Thread 0x00000285492f2620 Unloading class 0x000002854b6e9800 'java/lang/invoke/LambdaForm$DMH+0x000002854b6e9800'

Classes redefined (0 events):
No events

Internal exceptions (20 events):
Event: 197.787 Thread 0x000002859148fc10 Exception <a 'java/lang/NullPointerException'{0x00000000d569f510}> (0x00000000d569f510) 
thrown [s\src\hotspot\share\runtime\sharedRuntime.cpp, line 625]
Event: 197.788 Thread 0x000002859148fc10 Implicit null exception at 0x0000028537e5bf1b to 0x0000028537e5f77b
Event: 197.788 Thread 0x000002859148fc10 Exception <a 'java/lang/NullPointerException'{0x00000000d56a1518}> (0x00000000d56a1518) 
thrown [s\src\hotspot\share\runtime\sharedRuntime.cpp, line 625]
Event: 197.788 Thread 0x000002859148fc10 Implicit null exception at 0x0000028537e5bf1b to 0x0000028537e5f77b
Event: 197.788 Thread 0x000002859148fc10 Exception <a 'java/lang/NullPointerException'{0x00000000d56a3230}> (0x00000000d56a3230) 
thrown [s\src\hotspot\share\runtime\sharedRuntime.cpp, line 625]
Event: 197.788 Thread 0x000002859148fc10 Implicit null exception at 0x0000028537e5bf1b to 0x0000028537e5f77b
Event: 197.788 Thread 0x000002859148fc10 Exception <a 'java/lang/NullPointerException'{0x00000000d56a3d20}> (0x00000000d56a3d20) 
thrown [s\src\hotspot\share\runtime\sharedRuntime.cpp, line 625]
Event: 197.788 Thread 0x000002859148fc10 Implicit null exception at 0x0000028537e5bf1b to 0x0000028537e5f77b
Event: 197.788 Thread 0x000002859148fc10 Exception <a 'java/lang/NullPointerException'{0x00000000d56a4718}> (0x00000000d56a4718) 
thrown [s\src\hotspot\share\runtime\sharedRuntime.cpp, line 625]
Event: 197.788 Thread 0x000002859148fc10 Implicit null exception at 0x0000028537e5bf1b to 0x0000028537e5f77b
Event: 197.788 Thread 0x000002859148fc10 Exception <a 'java/lang/NullPointerException'{0x00000000d56a5308}> (0x00000000d56a5308) 
thrown [s\src\hotspot\share\runtime\sharedRuntime.cpp, line 625]
Event: 197.789 Thread 0x000002859148fc10 Implicit null exception at 0x0000028537e5bf1b to 0x0000028537e5f77b
Event: 197.789 Thread 0x000002859148fc10 Exception <a 'java/lang/NullPointerException'{0x00000000d56a6098}> (0x00000000d56a6098) 
thrown [s\src\hotspot\share\runtime\sharedRuntime.cpp, line 625]
Event: 321.103 Thread 0x0000028590e409a0 Exception <a 'sun/nio/fs/WindowsException'{0x00000000d5667a08}> (0x00000000d5667a08) 
thrown [s\src\hotspot\share\prims\jni.cpp, line 520]
Event: 321.103 Thread 0x0000028590e409a0 Exception <a 'sun/nio/fs/WindowsException'{0x00000000d5668560}> (0x00000000d5668560) 
thrown [s\src\hotspot\share\prims\jni.cpp, line 520]
Event: 321.104 Thread 0x0000028590e409a0 Implicit null exception at 0x000002853df34886 to 0x000002853df34b34
Event: 321.137 Thread 0x0000028590e409a0 Exception <a 'java/lang/NoSuchMethodError'{0x00000000d55a8278}: static [J.<clinit>()V> (0x00000000d55a8278) 
thrown [s\src\hotspot\share\prims\jni.cpp, line 1111]
Event: 321.150 Thread 0x0000028590e409a0 Exception <a 'java/lang/NoSuchMethodError'{0x00000000d55e9660}: 'java.lang.Object java.lang.invoke.DirectMethodHandle$Holder.newInvokeSpecial(java.lang.Object, java.lang.Object, java.lang.Object, java.lang.Object, java.lang.Object, java.lang.Object, java.lang.Object, java.lang.Object)'> (0x00000000d55e9660) 
thrown [s\src\hotspot\share\interpreter\linkResolver.cpp, line 773]
Event: 761.152 Thread 0x000002859148fc10 Exception <a 'sun/nio/fs/WindowsException'{0x00000000d55cc580}> (0x00000000d55cc580) 
thrown [s\src\hotspot\share\prims\jni.cpp, line 520]
Event: 762.059 Thread 0x000002859148fc10 Exception <a 'sun/nio/fs/WindowsException'{0x00000000d55ee290}> (0x00000000d55ee290) 
thrown [s\src\hotspot\share\prims\jni.cpp, line 520]

ZGC Phase Switch (0 events):
No events

VM Operations (20 events):
Event: 767.743 Executing VM operation: ParallelGCFailedAllocation (Allocation Failure) done
Event: 767.802 Executing VM operation: ParallelGCFailedAllocation (Allocation Failure)
Event: 767.805 Executing VM operation: ParallelGCFailedAllocation (Allocation Failure) done
Event: 768.326 Executing VM operation: ParallelGCFailedAllocation (Allocation Failure)
Event: 768.329 Executing VM operation: ParallelGCFailedAllocation (Allocation Failure) done
Event: 768.340 Executing VM operation: ParallelGCFailedAllocation (Allocation Failure)
Event: 768.343 Executing VM operation: ParallelGCFailedAllocation (Allocation Failure) done
Event: 768.367 Executing VM operation: ParallelGCFailedAllocation (Allocation Failure)
Event: 768.369 Executing VM operation: ParallelGCFailedAllocation (Allocation Failure) done
Event: 768.407 Executing VM operation: ParallelGCFailedAllocation (Allocation Failure)
Event: 768.410 Executing VM operation: ParallelGCFailedAllocation (Allocation Failure) done
Event: 768.429 Executing VM operation: ParallelGCFailedAllocation (Allocation Failure)
Event: 768.431 Executing VM operation: ParallelGCFailedAllocation (Allocation Failure) done
Event: 768.460 Executing VM operation: ParallelGCFailedAllocation (Allocation Failure)
Event: 768.462 Executing VM operation: ParallelGCFailedAllocation (Allocation Failure) done
Event: 768.485 Executing VM operation: ParallelGCFailedAllocation (Allocation Failure)
Event: 768.488 Executing VM operation: ParallelGCFailedAllocation (Allocation Failure) done
Event: 768.523 Executing VM operation: ParallelGCFailedAllocation (Allocation Failure)
Event: 768.526 Executing VM operation: ParallelGCFailedAllocation (Allocation Failure) done
Event: 768.548 Executing VM operation: ParallelGCFailedAllocation (Allocation Failure)

Memory protections (0 events):
No events

Nmethod flushes (20 events):
Event: 196.617 Thread 0x00000285492f2620 flushing  nmethod 0x0000028536b8d110
Event: 196.617 Thread 0x00000285492f2620 flushing  nmethod 0x0000028536b8fd90
Event: 196.617 Thread 0x00000285492f2620 flushing  nmethod 0x0000028536b90390
Event: 196.617 Thread 0x00000285492f2620 flushing  nmethod 0x0000028536b91310
Event: 196.617 Thread 0x00000285492f2620 flushing  nmethod 0x0000028536b9c090
Event: 196.617 Thread 0x00000285492f2620 flushing  nmethod 0x0000028536b9de90
Event: 196.617 Thread 0x00000285492f2620 flushing  nmethod 0x0000028536b9e290
Event: 196.617 Thread 0x00000285492f2620 flushing  nmethod 0x0000028536ba2710
Event: 196.617 Thread 0x00000285492f2620 flushing  nmethod 0x0000028536ba2b90
Event: 196.617 Thread 0x00000285492f2620 flushing  nmethod 0x0000028536ba3c90
Event: 196.617 Thread 0x00000285492f2620 flushing  nmethod 0x0000028536ba5690
Event: 196.617 Thread 0x00000285492f2620 flushing  nmethod 0x0000028536ba8b90
Event: 196.617 Thread 0x00000285492f2620 flushing  nmethod 0x0000028536bb0690
Event: 196.617 Thread 0x00000285492f2620 flushing  nmethod 0x0000028536bbbf10
Event: 196.617 Thread 0x00000285492f2620 flushing  nmethod 0x0000028536bcc710
Event: 196.617 Thread 0x00000285492f2620 flushing  nmethod 0x0000028536be9a90
Event: 196.617 Thread 0x00000285492f2620 flushing  nmethod 0x0000028536bece10
Event: 196.617 Thread 0x00000285492f2620 flushing  nmethod 0x0000028536c06890
Event: 196.617 Thread 0x00000285492f2620 flushing  nmethod 0x0000028536c0ff10
Event: 196.617 Thread 0x00000285492f2620 flushing  nmethod 0x0000028536c11110

Events (20 events):
Event: 387.727 Thread 0x000002859e3fbc60 Thread exited: 0x000002859e3fbc60
Event: 442.881 Thread 0x0000028592ab8310 Thread exited: 0x0000028592ab8310
Event: 447.733 Thread 0x000002859e3fd6a0 Thread exited: 0x000002859e3fd6a0
Event: 495.284 Thread 0x0000028590e3ef60 Thread exited: 0x0000028590e3ef60
Event: 502.921 Thread 0x0000028592ab0cf0 Thread exited: 0x0000028592ab0cf0
Event: 760.849 Thread 0x0000028549328430 Thread added: 0x0000028593bd35e0
Event: 761.000 Thread 0x0000028590e40310 Thread added: 0x0000028590e41d50
Event: 761.067 Thread 0x0000028549328430 Thread added: 0x0000028592af4480
Event: 761.321 Thread 0x0000028592af4480 Thread exited: 0x0000028592af4480
Event: 761.388 Thread 0x0000028590e40310 Thread added: 0x0000028590e44b40
Event: 761.388 Thread 0x0000028590e40310 Thread added: 0x0000028590e3ef60
Event: 761.389 Thread 0x0000028590e40310 Thread added: 0x0000028590e444b0
Event: 761.389 Thread 0x0000028590e40310 Thread added: 0x0000028590e3fc80
Event: 762.667 Thread 0x0000028590e40310 Thread added: 0x0000028590e42a70
Event: 762.837 Thread 0x0000028590e409a0 Thread added: 0x0000028590e43100
Event: 762.894 Thread 0x0000028590e43100 Thread added: 0x0000028590e43790
Event: 763.278 Thread 0x0000028590e40310 Thread added: 0x0000028590e451d0
Event: 763.278 Thread 0x0000028590e40310 Thread added: 0x000002859e3fc980
Event: 766.719 Thread 0x0000028593bd35e0 Thread exited: 0x0000028593bd35e0
Event: 766.763 Thread 0x0000028549328430 Thread added: 0x00000285936d5e00


Dynamic libraries:
0x00007ff62a560000 - 0x00007ff62a56e000 	c:\Users\Nguyen Ba Hien\.vscode\extensions\redhat.java-1.46.0-win32-x64\jre\21.0.8-win32-x86_64\bin\java.exe
0x00007ffa22790000 - 0x00007ffa22988000 	C:\WINDOWS\SYSTEM32\ntdll.dll
0x00007ffa21dc0000 - 0x00007ffa21e82000 	C:\WINDOWS\System32\KERNEL32.DLL
0x00007ffa1fe20000 - 0x00007ffa20116000 	C:\WINDOWS\System32\KERNELBASE.dll
0x00007ffa20680000 - 0x00007ffa20780000 	C:\WINDOWS\System32\ucrtbase.dll
0x00007ffa026c0000 - 0x00007ffa026d8000 	c:\Users\Nguyen Ba Hien\.vscode\extensions\redhat.java-1.46.0-win32-x64\jre\21.0.8-win32-x86_64\bin\jli.dll
0x00007ffa20840000 - 0x00007ffa209e1000 	C:\WINDOWS\System32\USER32.dll
0x00007ffa20780000 - 0x00007ffa207a2000 	C:\WINDOWS\System32\win32u.dll
0x00007ffa20e70000 - 0x00007ffa20e9b000 	C:\WINDOWS\System32\GDI32.dll
0x00007ffa02630000 - 0x00007ffa0264e000 	c:\Users\Nguyen Ba Hien\.vscode\extensions\redhat.java-1.46.0-win32-x64\jre\21.0.8-win32-x86_64\bin\VCRUNTIME140.dll
0x00007ffa20120000 - 0x00007ffa20239000 	C:\WINDOWS\System32\gdi32full.dll
0x00007ffa12bb0000 - 0x00007ffa12e4b000 	C:\WINDOWS\WinSxS\amd64_microsoft.windows.common-controls_6595b64144ccf1df_6.0.19041.6456_none_60b8a6cb71f64256\COMCTL32.dll
0x00007ffa20320000 - 0x00007ffa203bd000 	C:\WINDOWS\System32\msvcp_win.dll
0x00007ffa21c30000 - 0x00007ffa21cce000 	C:\WINDOWS\System32\msvcrt.dll
0x00007ffa207b0000 - 0x00007ffa207df000 	C:\WINDOWS\System32\IMM32.DLL
0x00007ffa1c830000 - 0x00007ffa1c83c000 	c:\Users\Nguyen Ba Hien\.vscode\extensions\redhat.java-1.46.0-win32-x64\jre\21.0.8-win32-x86_64\bin\vcruntime140_1.dll
0x00007ffa00110000 - 0x00007ffa0019d000 	c:\Users\Nguyen Ba Hien\.vscode\extensions\redhat.java-1.46.0-win32-x64\jre\21.0.8-win32-x86_64\bin\msvcp140.dll
0x00007ff9a8060000 - 0x00007ff9a8df7000 	c:\Users\Nguyen Ba Hien\.vscode\extensions\redhat.java-1.46.0-win32-x64\jre\21.0.8-win32-x86_64\bin\server\jvm.dll
0x00007ffa21150000 - 0x00007ffa21201000 	C:\WINDOWS\System32\ADVAPI32.dll
0x00007ffa20fe0000 - 0x00007ffa2107f000 	C:\WINDOWS\System32\sechost.dll
0x00007ffa21830000 - 0x00007ffa21950000 	C:\WINDOWS\System32\RPCRT4.dll
0x00007ffa20240000 - 0x00007ffa20267000 	C:\WINDOWS\System32\bcrypt.dll
0x00007ffa21f70000 - 0x00007ffa21fdb000 	C:\WINDOWS\System32\WS2_32.dll
0x00007ffa1f6d0000 - 0x00007ffa1f71b000 	C:\WINDOWS\SYSTEM32\POWRPROF.dll
0x00007ffa17990000 - 0x00007ffa179b7000 	C:\WINDOWS\SYSTEM32\WINMM.dll
0x00007ffa18bb0000 - 0x00007ffa18bba000 	C:\WINDOWS\SYSTEM32\VERSION.dll
0x00007ffa1f670000 - 0x00007ffa1f682000 	C:\WINDOWS\SYSTEM32\UMPDC.dll
0x00007ffa1db70000 - 0x00007ffa1db82000 	C:\WINDOWS\SYSTEM32\kernel.appcore.dll
0x00007ffa1c090000 - 0x00007ffa1c09a000 	c:\Users\Nguyen Ba Hien\.vscode\extensions\redhat.java-1.46.0-win32-x64\jre\21.0.8-win32-x86_64\bin\jimage.dll
0x00007ffa10e20000 - 0x00007ffa11021000 	C:\WINDOWS\SYSTEM32\DBGHELP.DLL
0x00007ffa103c0000 - 0x00007ffa103f4000 	C:\WINDOWS\SYSTEM32\dbgcore.DLL
0x00007ffa205a0000 - 0x00007ffa20622000 	C:\WINDOWS\System32\bcryptPrimitives.dll
0x00007ffa1b3d0000 - 0x00007ffa1b3df000 	c:\Users\Nguyen Ba Hien\.vscode\extensions\redhat.java-1.46.0-win32-x64\jre\21.0.8-win32-x86_64\bin\instrument.dll
0x00007ffa02300000 - 0x00007ffa0231f000 	c:\Users\Nguyen Ba Hien\.vscode\extensions\redhat.java-1.46.0-win32-x64\jre\21.0.8-win32-x86_64\bin\java.dll
0x00007ffa21fe0000 - 0x00007ffa22750000 	C:\WINDOWS\System32\SHELL32.dll
0x00007ffa1de50000 - 0x00007ffa1e5f5000 	C:\WINDOWS\SYSTEM32\windows.storage.dll
0x00007ffa20b10000 - 0x00007ffa20e64000 	C:\WINDOWS\System32\combase.dll
0x00007ffa1f770000 - 0x00007ffa1f79b000 	C:\WINDOWS\SYSTEM32\Wldp.dll
0x00007ffa21b60000 - 0x00007ffa21c2d000 	C:\WINDOWS\System32\OLEAUT32.dll
0x00007ffa21080000 - 0x00007ffa2112d000 	C:\WINDOWS\System32\SHCORE.dll
0x00007ffa21b00000 - 0x00007ffa21b5b000 	C:\WINDOWS\System32\shlwapi.dll
0x00007ffa1fd50000 - 0x00007ffa1fd74000 	C:\WINDOWS\SYSTEM32\profapi.dll
0x00007ffa022b0000 - 0x00007ffa022c8000 	c:\Users\Nguyen Ba Hien\.vscode\extensions\redhat.java-1.46.0-win32-x64\jre\21.0.8-win32-x86_64\bin\zip.dll
0x00007ffa026b0000 - 0x00007ffa026c0000 	C:\Users\Nguyen Ba Hien\.vscode\extensions\redhat.java-1.46.0-win32-x64\jre\21.0.8-win32-x86_64\bin\net.dll
0x00007ffa183b0000 - 0x00007ffa184ba000 	C:\WINDOWS\SYSTEM32\WINHTTP.dll
0x00007ffa1f4e0000 - 0x00007ffa1f54a000 	C:\WINDOWS\system32\mswsock.dll
0x00007ffa01290000 - 0x00007ffa012a6000 	C:\Users\Nguyen Ba Hien\.vscode\extensions\redhat.java-1.46.0-win32-x64\jre\21.0.8-win32-x86_64\bin\nio.dll
0x00007ffa02620000 - 0x00007ffa02630000 	c:\Users\Nguyen Ba Hien\.vscode\extensions\redhat.java-1.46.0-win32-x64\jre\21.0.8-win32-x86_64\bin\verify.dll
0x00007ff9f4640000 - 0x00007ff9f4684000 	C:\Users\Nguyen Ba Hien\AppData\Roaming\Code\User\globalStorage\redhat.java\1.46.0\config_win\org.eclipse.equinox.launcher\org.eclipse.equinox.launcher.win32.win32.x86_64_1.2.1400.v20250801-0854\eclipse_11916.dll
0x00007ffa20eb0000 - 0x00007ffa20fdb000 	C:\WINDOWS\System32\ole32.dll
0x00007ffa1fb00000 - 0x00007ffa1fb18000 	C:\WINDOWS\SYSTEM32\CRYPTSP.dll
0x00007ffa1edb0000 - 0x00007ffa1ede8000 	C:\WINDOWS\system32\rsaenh.dll
0x00007ffa1fd10000 - 0x00007ffa1fd3e000 	C:\WINDOWS\SYSTEM32\USERENV.dll
0x00007ffa1f690000 - 0x00007ffa1f69c000 	C:\WINDOWS\SYSTEM32\CRYPTBASE.dll
0x00007ffa1f1e0000 - 0x00007ffa1f21b000 	C:\WINDOWS\SYSTEM32\IPHLPAPI.DLL
0x00007ffa20aa0000 - 0x00007ffa20aa8000 	C:\WINDOWS\System32\NSI.dll
0x00007ff9f43d0000 - 0x00007ff9f4419000 	C:\Users\Nguyen Ba Hien\AppData\Local\Temp\jna-165784113\jna4375443315863533622.dll
0x00007ffa21700000 - 0x00007ffa21708000 	C:\WINDOWS\System32\PSAPI.DLL
0x00007ffa1b9c0000 - 0x00007ffa1b9d7000 	C:\WINDOWS\SYSTEM32\dhcpcsvc6.DLL
0x00007ffa1b8c0000 - 0x00007ffa1b8dd000 	C:\WINDOWS\SYSTEM32\dhcpcsvc.DLL
0x00007ffa1f070000 - 0x00007ffa1f0a3000 	C:\WINDOWS\SYSTEM32\ntmarta.dll

JVMTI agents:
c:\Users\Nguyen Ba Hien\.vscode\extensions\redhat.java-1.46.0-win32-x64\lombok\lombok-1.18.39-4050.jar path:c:\Users\Nguyen Ba Hien\.vscode\extensions\redhat.java-1.46.0-win32-x64\jre\21.0.8-win32-x86_64\bin\instrument.dll, loaded, initialized, instrumentlib options:none

dbghelp: loaded successfully - version: 4.0.5 - missing functions: none
symbol engine: initialized successfully - sym options: 0x614 - pdb path: .;c:\Users\Nguyen Ba Hien\.vscode\extensions\redhat.java-1.46.0-win32-x64\jre\21.0.8-win32-x86_64\bin;C:\WINDOWS\SYSTEM32;C:\WINDOWS\WinSxS\amd64_microsoft.windows.common-controls_6595b64144ccf1df_6.0.19041.6456_none_60b8a6cb71f64256;c:\Users\Nguyen Ba Hien\.vscode\extensions\redhat.java-1.46.0-win32-x64\jre\21.0.8-win32-x86_64\bin\server;C:\Users\Nguyen Ba Hien\AppData\Roaming\Code\User\globalStorage\redhat.java\1.46.0\config_win\org.eclipse.equinox.launcher\org.eclipse.equinox.launcher.win32.win32.x86_64_1.2.1400.v20250801-0854;C:\Users\Nguyen Ba Hien\AppData\Local\Temp\jna-165784113

VM Arguments:
jvm_args: --add-modules=ALL-SYSTEM --add-opens=java.base/java.util=ALL-UNNAMED --add-opens=java.base/java.lang=ALL-UNNAMED --add-opens=java.base/sun.nio.fs=ALL-UNNAMED -Declipse.application=org.eclipse.jdt.ls.core.id1 -Dosgi.bundles.defaultStartLevel=4 -Declipse.product=org.eclipse.jdt.ls.core.product -Djava.import.generatesMetadataFilesAtProjectRoot=false -DDetectVMInstallationsJob.disabled=true -Dfile.encoding=utf8 -XX:+UseParallelGC -XX:GCTimeRatio=4 -XX:AdaptiveSizePolicyWeight=90 -Dsun.zip.disableMemoryMapping=true -Xmx2G -Xms100m -Xlog:disable -javaagent:c:\Users\Nguyen Ba Hien\.vscode\extensions\redhat.java-1.46.0-win32-x64\lombok\lombok-1.18.39-4050.jar -XX:+HeapDumpOnOutOfMemoryError -XX:HeapDumpPath=c:\Users\Nguyen Ba Hien\AppData\Roaming\Code\User\workspaceStorage\b22da1cfa8377f87c398d74d406c786e\redhat.java -Daether.dependencyCollector.impl=bf 
java_command: c:\Users\Nguyen Ba Hien\.vscode\extensions\redhat.java-1.46.0-win32-x64\server\plugins\org.eclipse.equinox.launcher_1.7.0.v20250519-0528.jar -configuration c:\Users\Nguyen Ba Hien\AppData\Roaming\Code\User\globalStorage\redhat.java\1.46.0\config_win -data c:\Users\Nguyen Ba Hien\AppData\Roaming\Code\User\workspaceStorage\b22da1cfa8377f87c398d74d406c786e\redhat.java\jdt_ws --pipe=\\.\pipe\lsp-3382d4be01793784435025efbe7fcfa3-sock
java_class_path (initial): c:\Users\Nguyen Ba Hien\.vscode\extensions\redhat.java-1.46.0-win32-x64\server\plugins\org.eclipse.equinox.launcher_1.7.0.v20250519-0528.jar
Launcher Type: SUN_STANDARD

[Global flags]
    uintx AdaptiveSizePolicyWeight                 = 90                                        {product} {command line}
     intx CICompilerCount                          = 4                                         {product} {ergonomic}
    uintx GCTimeRatio                              = 4                                         {product} {command line}
     bool HeapDumpOnOutOfMemoryError               = true                                   {manageable} {command line}
    ccstr HeapDumpPath                             = c:\Users\Nguyen Ba Hien\AppData\Roaming\Code\User\workspaceStorage\b22da1cfa8377f87c398d74d406c786e\redhat.java         {manageable} {command line}
   size_t InitialHeapSize                          = 104857600                                 {product} {command line}
   size_t MaxHeapSize                              = 2147483648                                {product} {command line}
   size_t MaxNewSize                               = 715653120                                 {product} {ergonomic}
   size_t MinHeapDeltaBytes                        = 524288                                    {product} {ergonomic}
   size_t MinHeapSize                              = 104857600                                 {product} {command line}
   size_t NewSize                                  = 34603008                                  {product} {ergonomic}
    uintx NonNMethodCodeHeapSize                   = 5839372                                {pd product} {ergonomic}
    uintx NonProfiledCodeHeapSize                  = 122909434                              {pd product} {ergonomic}
   size_t OldSize                                  = 70254592                                  {product} {ergonomic}
    uintx ProfiledCodeHeapSize                     = 122909434                              {pd product} {ergonomic}
    uintx ReservedCodeCacheSize                    = 251658240                              {pd product} {ergonomic}
     bool SegmentedCodeCache                       = true                                      {product} {ergonomic}
   size_t SoftMaxHeapSize                          = 2147483648                             {manageable} {ergonomic}
     bool UseCompressedOops                        = true                           {product lp64_product} {ergonomic}
     bool UseLargePagesIndividualAllocation        = false                                  {pd product} {ergonomic}
     bool UseParallelGC                            = true                                      {product} {command line}

Logging:
Log output configuration:
 #0: stdout all=off uptime,level,tags foldmultilines=false
 #1: stderr all=off uptime,level,tags foldmultilines=false

Environment Variables:
JAVA_HOME=C:\Program Files\Java\jdk-22
PATH=C:\Program Files\Java\jdk-22\bin;C:\Program Files\Apache Software Foundation\apache-maven-3.9.9\bin;C:\Program Files\Common Files\Oracle\Java\javapath;C:\Program Files (x86)\Common Files\Oracle\Java\javapath;C:\WINDOWS\system32;C:\WINDOWS;C:\WINDOWS\System32\Wbem;C:\WINDOWS\System32\WindowsPowerShell\v1.0\;C:\WINDOWS\System32\OpenSSH\;C:\Program Files (x86)\Microsoft SQL Server\160\Tools\Binn\;C:\Program Files\Microsoft SQL Server\160\Tools\Binn\;C:\Program Files\Microsoft SQL Server\Client SDK\ODBC\170\Tools\Binn\;C:\Program Files\Microsoft SQL Server\160\DTS\Binn\;C:\Program Files\Docker\Docker\resources\bin;C:\Program Files\Git\cmd;C:\Program Files\Cloudflare\Cloudflare WARP\;C:\Program Files\nodejs\;C:\Users\Nguyen Ba Hien\AppData\Local\Programs\Python\Python312\Scripts\;C:\Users\Nguyen Ba Hien\AppData\Local\Programs\Python\Python312\;C:\Users\Nguyen Ba Hien\AppData\Local\Programs\Python\Python313\Scripts\;C:\Users\Nguyen Ba Hien\AppData\Local\Programs\Python\Python313\;C:\Program Files\MySQL\MySQL Shell 8.0\bin\;C:\Users\Nguyen Ba Hien\AppData\Local\Microsoft\WindowsApps;C:\Program Files\Azure Data Studio\bin;C:\Users\Nguyen Ba Hien\Desktop\Microsoft VS Code\bin;C:\Users\Nguyen Ba Hien\AppData\Roaming\npm
USERNAME=Nguyen Ba Hien
OS=Windows_NT
PROCESSOR_IDENTIFIER=Intel64 Family 6 Model 60 Stepping 3, GenuineIntel
TMP=C:\Users\NGUYEN~1\AppData\Local\Temp
TEMP=C:\Users\NGUYEN~1\AppData\Local\Temp




Periodic native trim disabled

---------------  S Y S T E M  ---------------

OS:
 Windows 10 , 64 bit Build 19041 (10.0.19041.5915)
OS uptime: 0 days 1:01 hours
Hyper-V role detected

CPU: total 8 (initial active 8) (4 cores per cpu, 2 threads per core) family 6 model 60 stepping 3 microcode 0x27, cx8, cmov, fxsr, ht, mmx, sse, sse2, sse3, ssse3, sse4.1, sse4.2, popcnt, lzcnt, tsc, tscinvbit, avx, avx2, aes, erms, clmul, bmi1, bmi2, fma, vzeroupper, clflush, hv, rdtscp, f16c
Processor Information for the first 8 processors :
  Max Mhz: 2801, Current Mhz: 2801, Mhz Limit: 2801

Memory: 4k page, system-wide physical 8073M (418M free)
TotalPageFile size 17020M (AvailPageFile size 0M)
current process WorkingSet (physical memory assigned to process): 413M, peak: 550M
current process commit charge ("private bytes"): 858M, peak: 1733M

vm_info: OpenJDK 64-Bit Server VM (21.0.8+9-LTS) for windows-amd64 JRE (21.0.8+9-LTS), built on 2025-07-15T00:00:00Z by "admin" with MS VC++ 17.7 (VS2022)

END.
