#
# There is insufficient memory for the Java Runtime Environment to continue.
# Native memory allocation (malloc) failed to allocate 1048576 bytes. Error detail: AllocateHeap
# Possible reasons:
#   The system is out of physical RAM or swap space
#   This process is running with CompressedOops enabled, and the Java Heap may be blocking the growth of the native heap
# Possible solutions:
#   Reduce memory load on the system
#   Increase physical memory or swap space
#   Check if swap backing store is full
#   Decrease Java heap size (-Xmx/-Xms)
#   Decrease number of Java threads
#   Decrease Java thread stack sizes (-Xss)
#   Set larger code cache with -XX:ReservedCodeCacheSize=
#   JVM is running with Unscaled Compressed Oops mode in which the Java heap is
#     placed in the first 4GB address space. The Java Heap base address is the
#     maximum limit for the native heap growth. Please use -XX:HeapBaseMinAddress
#     to set the Java Heap base and to place the Java Heap above 4GB virtual address.
# This output file may be truncated or incomplete.
#
#  Out of Memory Error (allocation.cpp:44), pid=16504, tid=11892
#
# JRE version: OpenJDK Runtime Environment Temurin-21.0.8+9 (21.0.8+9) (build 21.0.8+9-LTS)
# Java VM: OpenJDK 64-Bit Server VM Temurin-21.0.8+9 (21.0.8+9-LTS, mixed mode, sharing, tiered, compressed oops, compressed class ptrs, parallel gc, windows-amd64)
# No core dump will be written. Minidumps are not enabled by default on client versions of Windows
#

---------------  S U M M A R Y ------------

Command Line: --add-modules=ALL-SYSTEM --add-opens=java.base/java.util=ALL-UNNAMED --add-opens=java.base/java.lang=ALL-UNNAMED --add-opens=java.base/sun.nio.fs=ALL-UNNAMED -Declipse.application=org.eclipse.jdt.ls.core.id1 -Dosgi.bundles.defaultStartLevel=4 -Declipse.product=org.eclipse.jdt.ls.core.product -Djava.import.generatesMetadataFilesAtProjectRoot=false -DDetectVMInstallationsJob.disabled=true -Dfile.encoding=utf8 -XX:+UseParallelGC -XX:GCTimeRatio=4 -XX:AdaptiveSizePolicyWeight=90 -Dsun.zip.disableMemoryMapping=true -Xmx2G -Xms100m -Xlog:disable -javaagent:c:\Users\Nguyen Ba Hien\.vscode\extensions\redhat.java-1.46.0-win32-x64\lombok\lombok-1.18.39-4050.jar -XX:+HeapDumpOnOutOfMemoryError -XX:HeapDumpPath=c:\Users\Nguyen Ba Hien\AppData\Roaming\Code\User\workspaceStorage\b22da1cfa8377f87c398d74d406c786e\redhat.java -Daether.dependencyCollector.impl=bf c:\Users\Nguyen Ba Hien\.vscode\extensions\redhat.java-1.46.0-win32-x64\server\plugins\org.eclipse.equinox.launcher_1.7.0.v20250519-0528.jar -configuration c:\Users\Nguyen Ba Hien\AppData\Roaming\Code\User\globalStorage\redhat.java\1.46.0\config_win -data c:\Users\Nguyen Ba Hien\AppData\Roaming\Code\User\workspaceStorage\b22da1cfa8377f87c398d74d406c786e\redhat.java\jdt_ws --pipe=\\.\pipe\lsp-b0771d0dae0e93d4402c0365c8e598dd-sock

Host: Intel(R) Core(TM) i7-4810MQ CPU @ 2.80GHz, 8 cores, 7G,  Windows 10 , 64 bit Build 19041 (10.0.19041.5915)
Time: Tue Oct 28 16:54:56 2025 SE Asia Standard Time elapsed time: 2644.250321 seconds (0d 0h 44m 4s)

---------------  T H R E A D  ---------------

Current thread (0x000002a261a64500):  JavaThread "Attach Listener" daemon [_thread_in_vm, id=11892, stack(0x000000e59d100000,0x000000e59d200000) (1024K)]

Stack: [0x000000e59d100000,0x000000e59d200000]
Native frames: (J=compiled Java code, j=interpreted, Vv=VM code, C=native code)
V  [jvm.dll+0x6d2449]
V  [jvm.dll+0x8ae341]
V  [jvm.dll+0x8b08be]
V  [jvm.dll+0x8b0fa3]
V  [jvm.dll+0x280c96]
V  [jvm.dll+0xc0347]
V  [jvm.dll+0x6d2cf9]
V  [jvm.dll+0x131116]
V  [jvm.dll+0x3f2d16]
V  [jvm.dll+0x857e6b]
V  [jvm.dll+0x6d0b0d]
C  [ucrtbase.dll+0x21bb2]
C  [KERNEL32.DLL+0x17374]
C  [ntdll.dll+0x4cc91]


---------------  P R O C E S S  ---------------

Threads class SMR info:
_java_thread_list=0x000002a24d2a7f80, length=55, elements={
0x000002a261af2850, 0x000002a261a5e520, 0x000002a261a5fd80, 0x000002a261a63490,
0x000002a261a64500, 0x000002a261a66ab0, 0x000002a261a76c80, 0x000002a261a78c00,
0x000002a261a7a750, 0x000002a27e087c10, 0x000002a27e33b340, 0x000002a27eb785a0,
0x000002a27ea89bf0, 0x000002a27ea800d0, 0x000002a27ea8a250, 0x000002a27efff7f0,
0x000002a27e052480, 0x000002a27e1be950, 0x000002a27e0fe3b0, 0x000002a27f08d010,
0x000002a27f08f0e0, 0x000002a27f08c2f0, 0x000002a27f08c980, 0x000002a2418dca70,
0x000002a2418db6c0, 0x000002a2418dd790, 0x000002a2418da310, 0x000002a2418dd100,
0x000002a2418dbd50, 0x000002a2418dc3e0, 0x000002a2418d6800, 0x000002a2418dde20,
0x000002a2418d88d0, 0x000002a2418d7520, 0x000002a241f17850, 0x000002a241f17ee0,
0x000002a241f19290, 0x000002a241f136b0, 0x000002a2418d95f0, 0x000002a2418d8240,
0x000002a2418db030, 0x000002a2418d8f60, 0x000002a27f08d6a0, 0x000002a27f08bc60,
0x000002a27f08dd30, 0x000002a27f08e3c0, 0x000002a242d53d80, 0x000002a242d51620,
0x000002a242d4f550, 0x000002a242d4e830, 0x000002a242d4fbe0, 0x000002a242d50270,
0x000002a242d4db10, 0x000002a242d4cdf0, 0x000002a242d4d480
}

Java Threads: ( => current thread )
  0x000002a261af2850 JavaThread "main"                              [_thread_blocked, id=18152, stack(0x000000e59ca00000,0x000000e59cb00000) (1024K)]
  0x000002a261a5e520 JavaThread "Reference Handler"          daemon [_thread_blocked, id=1172, stack(0x000000e59ce00000,0x000000e59cf00000) (1024K)]
  0x000002a261a5fd80 JavaThread "Finalizer"                  daemon [_thread_blocked, id=10688, stack(0x000000e59cf00000,0x000000e59d000000) (1024K)]
  0x000002a261a63490 JavaThread "Signal Dispatcher"          daemon [_thread_blocked, id=1008, stack(0x000000e59d000000,0x000000e59d100000) (1024K)]
=>0x000002a261a64500 JavaThread "Attach Listener"            daemon [_thread_in_vm, id=11892, stack(0x000000e59d100000,0x000000e59d200000) (1024K)]
  0x000002a261a66ab0 JavaThread "Service Thread"             daemon [_thread_blocked, id=15936, stack(0x000000e59d200000,0x000000e59d300000) (1024K)]
  0x000002a261a76c80 JavaThread "Monitor Deflation Thread"   daemon [_thread_blocked, id=16712, stack(0x000000e59d300000,0x000000e59d400000) (1024K)]
  0x000002a261a78c00 JavaThread "C2 CompilerThread0"         daemon [_thread_blocked, id=24060, stack(0x000000e59d400000,0x000000e59d500000) (1024K)]
  0x000002a261a7a750 JavaThread "C1 CompilerThread0"         daemon [_thread_blocked, id=14000, stack(0x000000e59d500000,0x000000e59d600000) (1024K)]
  0x000002a27e087c10 JavaThread "Common-Cleaner"             daemon [_thread_blocked, id=9012, stack(0x000000e59d600000,0x000000e59d700000) (1024K)]
  0x000002a27e33b340 JavaThread "Notification Thread"        daemon [_thread_blocked, id=3684, stack(0x000000e59d700000,0x000000e59d800000) (1024K)]
  0x000002a27eb785a0 JavaThread "Active Thread: Equinox Container: 0332e3bc-e7f4-4ec3-a256-e5392b19633e"        [_thread_blocked, id=14512, stack(0x000000e59de00000,0x000000e59df00000) (1024K)]
  0x000002a27ea89bf0 JavaThread "Refresh Thread: Equinox Container: 0332e3bc-e7f4-4ec3-a256-e5392b19633e" daemon [_thread_blocked, id=22364, stack(0x000000e59e000000,0x000000e59e100000) (1024K)]
  0x000002a27ea800d0 JavaThread "Framework Event Dispatcher: Equinox Container: 0332e3bc-e7f4-4ec3-a256-e5392b19633e" daemon [_thread_blocked, id=17400, stack(0x000000e59e100000,0x000000e59e200000) (1024K)]
  0x000002a27ea8a250 JavaThread "Start Level: Equinox Container: 0332e3bc-e7f4-4ec3-a256-e5392b19633e" daemon [_thread_blocked, id=14988, stack(0x000000e59e200000,0x000000e59e300000) (1024K)]
  0x000002a27efff7f0 JavaThread "Bundle File Closer"         daemon [_thread_blocked, id=29280, stack(0x000000e59e300000,0x000000e59e400000) (1024K)]
  0x000002a27e052480 JavaThread "SCR Component Actor"        daemon [_thread_blocked, id=3256, stack(0x000000e59e400000,0x000000e59e500000) (1024K)]
  0x000002a27e1be950 JavaThread "Worker-JM"                         [_thread_blocked, id=8336, stack(0x000000e59e500000,0x000000e59e600000) (1024K)]
  0x000002a27e0fe3b0 JavaThread "JNA Cleaner"                daemon [_thread_blocked, id=12352, stack(0x000000e59e600000,0x000000e59e700000) (1024K)]
  0x000002a27f08d010 JavaThread "Worker-1"                          [_thread_blocked, id=18196, stack(0x000000e59e900000,0x000000e59ea00000) (1024K)]
  0x000002a27f08f0e0 JavaThread "Java indexing"              daemon [_thread_blocked, id=16488, stack(0x000000e59ea00000,0x000000e59eb00000) (1024K)]
  0x000002a27f08c2f0 JavaThread "Thread-1"                   daemon [_thread_in_native, id=19764, stack(0x000000e59ef00000,0x000000e59f000000) (1024K)]
  0x000002a27f08c980 JavaThread "Thread-2"                   daemon [_thread_in_native, id=16160, stack(0x000000e59f000000,0x000000e59f100000) (1024K)]
  0x000002a2418dca70 JavaThread "Thread-3"                   daemon [_thread_in_native, id=18020, stack(0x000000e59f100000,0x000000e59f200000) (1024K)]
  0x000002a2418db6c0 JavaThread "Thread-4"                   daemon [_thread_in_native, id=8748, stack(0x000000e59f200000,0x000000e59f300000) (1024K)]
  0x000002a2418dd790 JavaThread "Thread-5"                   daemon [_thread_in_native, id=20920, stack(0x000000e59f300000,0x000000e59f400000) (1024K)]
  0x000002a2418da310 JavaThread "Thread-6"                   daemon [_thread_in_native, id=27064, stack(0x000000e59f400000,0x000000e59f500000) (1024K)]
  0x000002a2418dd100 JavaThread "Thread-7"                   daemon [_thread_in_native, id=12056, stack(0x000000e59f500000,0x000000e59f600000) (1024K)]
  0x000002a2418dbd50 JavaThread "Thread-8"                   daemon [_thread_in_native, id=20432, stack(0x000000e59f600000,0x000000e59f700000) (1024K)]
  0x000002a2418dc3e0 JavaThread "Thread-9"                   daemon [_thread_in_native, id=21500, stack(0x000000e59f700000,0x000000e59f800000) (1024K)]
  0x000002a2418d6800 JavaThread "pool-2-thread-1"                   [_thread_blocked, id=28556, stack(0x000000e59f800000,0x000000e59f900000) (1024K)]
  0x000002a2418dde20 JavaThread "WorkspaceEventsHandler"            [_thread_blocked, id=76, stack(0x000000e59f900000,0x000000e59fa00000) (1024K)]
  0x000002a2418d88d0 JavaThread "pool-1-thread-1"                   [_thread_blocked, id=12068, stack(0x000000e59fa00000,0x000000e59fb00000) (1024K)]
  0x000002a2418d7520 JavaThread "Worker-8"                          [_thread_blocked, id=7356, stack(0x000000e59c900000,0x000000e59ca00000) (1024K)]
  0x000002a241f17850 JavaThread "ForkJoinPool.commonPool-worker-12" daemon [_thread_blocked, id=14436, stack(0x000000e59c700000,0x000000e59c800000) (1024K)]
  0x000002a241f17ee0 JavaThread "ForkJoinPool.commonPool-worker-13" daemon [_thread_blocked, id=10860, stack(0x000000e59c800000,0x000000e59c900000) (1024K)]
  0x000002a241f19290 JavaThread "Worker-9"                          [_thread_blocked, id=1064, stack(0x000000e59e700000,0x000000e59e800000) (1024K)]
  0x000002a241f136b0 JavaThread "Worker-10"                         [_thread_blocked, id=21464, stack(0x000000e59e800000,0x000000e59e900000) (1024K)]
  0x000002a2418d95f0 JavaThread "Worker-11"                         [_thread_blocked, id=21864, stack(0x000000e59eb00000,0x000000e59ec00000) (1024K)]
  0x000002a2418d8240 JavaThread "Compiler Source File Reader" daemon [_thread_blocked, id=4956, stack(0x000000e59ec00000,0x000000e59ed00000) (1024K)]
  0x000002a2418db030 JavaThread "Compiler Processing Task"   daemon [_thread_blocked, id=12304, stack(0x000000e59ed00000,0x000000e59ee00000) (1024K)]
  0x000002a2418d8f60 JavaThread "Worker-12"                         [_thread_blocked, id=22676, stack(0x000000e59ee00000,0x000000e59ef00000) (1024K)]
  0x000002a27f08d6a0 JavaThread "Worker-13"                         [_thread_blocked, id=21024, stack(0x000000e59fb00000,0x000000e59fc00000) (1024K)]
  0x000002a27f08bc60 JavaThread "ForkJoinPool.commonPool-worker-14" daemon [_thread_blocked, id=22324, stack(0x000000e59fc00000,0x000000e59fd00000) (1024K)]
  0x000002a27f08dd30 JavaThread "ForkJoinPool.commonPool-worker-15" daemon [_thread_blocked, id=16116, stack(0x000000e59fd00000,0x000000e59fe00000) (1024K)]
  0x000002a27f08e3c0 JavaThread "ForkJoinPool.commonPool-worker-16" daemon [_thread_blocked, id=21928, stack(0x000000e59fe00000,0x000000e59ff00000) (1024K)]
  0x000002a242d53d80 JavaThread "ForkJoinPool.commonPool-worker-17" daemon [_thread_blocked, id=24952, stack(0x000000e59ff00000,0x000000e5a0000000) (1024K)]
  0x000002a242d51620 JavaThread "Compiler Source File Reader" daemon [_thread_blocked, id=14776, stack(0x000000e5a0200000,0x000000e5a0300000) (1024K)]
  0x000002a242d4f550 JavaThread "Compiler Source File Reader" daemon [_thread_blocked, id=14984, stack(0x000000e5a0300000,0x000000e5a0400000) (1024K)]
  0x000002a242d4e830 JavaThread "Cleaner-0"                  daemon [_thread_blocked, id=5308, stack(0x000000e5a0400000,0x000000e5a0500000) (1024K)]
  0x000002a242d4fbe0 JavaThread "Worker-14"                         [_thread_blocked, id=6844, stack(0x000000e5a0100000,0x000000e5a0200000) (1024K)]
  0x000002a242d50270 JavaThread "ForkJoinPool.commonPool-worker-18" daemon [_thread_blocked, id=22164, stack(0x000000e5a0500000,0x000000e5a0600000) (1024K)]
  0x000002a242d4db10 JavaThread "Compiler Source File Reader" daemon [_thread_blocked, id=12012, stack(0x000000e5a0000000,0x000000e5a0100000) (1024K)]
  0x000002a242d4cdf0 JavaThread "Compiler Source File Reader" daemon [_thread_blocked, id=10756, stack(0x000000e5a0600000,0x000000e5a0700000) (1024K)]
  0x000002a242d4d480 JavaThread "Compiler Source File Reader" daemon [_thread_blocked, id=19508, stack(0x000000e5a0700000,0x000000e5a0800000) (1024K)]
Total: 55

Other Threads:
  0x000002a25f8b08d0 VMThread "VM Thread"                           [id=25512, stack(0x000000e59cd00000,0x000000e59ce00000) (1024K)]
  0x000002a261b5cd20 WatcherThread "VM Periodic Task Thread"        [id=3284, stack(0x000000e59cc00000,0x000000e59cd00000) (1024K)]
  0x000002a25f8afdf0 WorkerThread "GC Thread#0"                     [id=5344, stack(0x000000e59cb00000,0x000000e59cc00000) (1024K)]
  0x000002a25f8b1010 WorkerThread "GC Thread#1"                     [id=4544, stack(0x000000e59d800000,0x000000e59d900000) (1024K)]
  0x000002a25f8afa50 WorkerThread "GC Thread#2"                     [id=24564, stack(0x000000e59d900000,0x000000e59da00000) (1024K)]
  0x000002a27e711b40 WorkerThread "GC Thread#3"                     [id=2272, stack(0x000000e59da00000,0x000000e59db00000) (1024K)]
  0x000002a27e711ee0 WorkerThread "GC Thread#4"                     [id=24656, stack(0x000000e59db00000,0x000000e59dc00000) (1024K)]
  0x000002a27e714320 WorkerThread "GC Thread#5"                     [id=9972, stack(0x000000e59dc00000,0x000000e59dd00000) (1024K)]
  0x000002a27e712280 WorkerThread "GC Thread#6"                     [id=23704, stack(0x000000e59dd00000,0x000000e59de00000) (1024K)]
  0x000002a27e7134a0 WorkerThread "GC Thread#7"                     [id=23872, stack(0x000000e59df00000,0x000000e59e000000) (1024K)]
Total: 10

Threads with active compile tasks:
Total: 0

VM state: not at safepoint (normal execution)

VM Mutex/Monitor currently owned by a thread: None

Heap address: 0x0000000080000000, size: 2048 MB, Compressed Oops mode: 32-bit

CDS archive(s) mapped at: [0x000002a200000000-0x000002a200ba0000-0x000002a200ba0000), size 12189696, SharedBaseAddress: 0x000002a200000000, ArchiveRelocationMode: 1.
Compressed class space mapped at: 0x000002a201000000-0x000002a241000000, reserved size: 1073741824
Narrow klass base: 0x000002a200000000, Narrow klass shift: 0, Narrow klass range: 0x100000000

GC Precious Log:
 CardTable entry size: 512
 CPUs: 8 total, 8 available
 Memory: 8073M
 Large Page Support: Disabled
 NUMA Support: Disabled
 Compressed Oops: Enabled (32-bit)
 Alignments: Space 512K, Generation 512K, Heap 2M
 Heap Min Capacity: 100M
 Heap Initial Capacity: 100M
 Heap Max Capacity: 2G
 Pre-touch: Disabled
 Parallel Workers: 8

Heap:
 PSYoungGen      total 6656K, used 6277K [0x00000000d5580000, 0x00000000d5d80000, 0x0000000100000000)
  eden space 5632K, 97% used [0x00000000d5580000,0x00000000d5adc420,0x00000000d5b00000)
  from space 1024K, 77% used [0x00000000d5c80000,0x00000000d5d45200,0x00000000d5d80000)
  to   space 1024K, 0% used [0x00000000d5b80000,0x00000000d5b80000,0x00000000d5c80000)
 ParOldGen       total 1289728K, used 1289674K [0x0000000080000000, 0x00000000ceb80000, 0x00000000d5580000)
  object space 1289728K, 99% used [0x0000000080000000,0x00000000ceb72a28,0x00000000ceb80000)
 Metaspace       used 76642K, committed 78080K, reserved 1179648K
  class space    used 7785K, committed 8448K, reserved 1048576K

Card table byte_map: [0x000002a2614a0000,0x000002a2618b0000] _byte_map_base: 0x000002a2610a0000

Marking Bits: (ParMarkBitMap*) 0x00007ff823a8a340
 Begin Bits: [0x000002a273fa0000, 0x000002a275fa0000)
 End Bits:   [0x000002a275fa0000, 0x000002a277fa0000)

Polling page: 0x000002a25faa0000

Metaspace:

Usage:
  Non-class:     67.24 MB used.
      Class:      7.60 MB used.
       Both:     74.85 MB used.

Virtual space:
  Non-class space:      128.00 MB reserved,      68.00 MB ( 53%) committed,  2 nodes.
      Class space:        1.00 GB reserved,       8.25 MB ( <1%) committed,  1 nodes.
             Both:        1.12 GB reserved,      76.25 MB (  7%) committed. 

Chunk freelists:
   Non-Class:  11.31 MB
       Class:  7.66 MB
        Both:  18.97 MB

MaxMetaspaceSize: unlimited
CompressedClassSpaceSize: 1.00 GB
Initial GC threshold: 21.00 MB
Current GC threshold: 120.12 MB
CDS: on
 - commit_granule_bytes: 65536.
 - commit_granule_words: 8192.
 - virtual_space_node_default_size: 8388608.
 - enlarge_chunks_in_place: 1.
 - use_allocation_guard: 0.


Internal statistics:

num_allocs_failed_limit: 9.
num_arena_births: 1624.
num_arena_deaths: 374.
num_vsnodes_births: 3.
num_vsnodes_deaths: 0.
num_space_committed: 1220.
num_space_uncommitted: 0.
num_chunks_returned_to_freelist: 441.
num_chunks_taken_from_freelist: 5732.
num_chunk_merges: 116.
num_chunk_splits: 3223.
num_chunks_enlarged: 1701.
num_inconsistent_stats: 0.

CodeHeap 'non-profiled nmethods': size=120000Kb used=15911Kb max_used=15911Kb free=104088Kb
 bounds [0x000002a26c7c0000, 0x000002a26d750000, 0x000002a273cf0000]
CodeHeap 'profiled nmethods': size=120000Kb used=40555Kb max_used=40555Kb free=79445Kb
 bounds [0x000002a264cf0000, 0x000002a267490000, 0x000002a26c220000]
CodeHeap 'non-nmethods': size=5760Kb used=1481Kb max_used=1560Kb free=4278Kb
 bounds [0x000002a26c220000, 0x000002a26c490000, 0x000002a26c7c0000]
CodeCache: size=245760Kb, used=57947Kb, max_used=58026Kb, free=187811Kb
 total_blobs=17840, nmethods=17037, adapters=703, full_count=0
Compilation: enabled, stopped_count=0, restarted_count=0

Compilation events (20 events):
Event: 2635.276 Thread 0x000002a261a7a750 18669       3       org.eclipse.jdt.internal.compiler.ast.StringLiteral::source (55 bytes)
Event: 2635.276 Thread 0x000002a261a7a750 nmethod 18669 0x000002a267480010 code [0x000002a267480200, 0x000002a267480888]
Event: 2635.279 Thread 0x000002a261a78c00 18670       4       org.eclipse.jdt.internal.compiler.lookup.ReferenceBinding::binarySearch (180 bytes)
Event: 2635.288 Thread 0x000002a261a78c00 nmethod 18670 0x000002a26d748510 code [0x000002a26d7486c0, 0x000002a26d748cc0]
Event: 2635.289 Thread 0x000002a261a78c00 18671       4       org.eclipse.jdt.internal.compiler.lookup.ReferenceBinding::canBeSeenBy (217 bytes)
Event: 2635.289 Thread 0x000002a261a78c00 nmethod 18671 0x000002a26d749010 code [0x000002a26d7491a0, 0x000002a26d749258]
Event: 2635.291 Thread 0x000002a261a7a750 18672       3       org.eclipse.jdt.internal.compiler.lookup.MethodVerifier::isSubstituteParameterSubsignature (147 bytes)
Event: 2635.292 Thread 0x000002a261a7a750 nmethod 18672 0x000002a267480a10 code [0x000002a267480d20, 0x000002a267481e10]
Event: 2635.292 Thread 0x000002a261a7a750 18674       3       java.util.stream.SpinedBuffer::capacity (38 bytes)
Event: 2635.292 Thread 0x000002a261a7a750 nmethod 18674 0x000002a267482210 code [0x000002a2674823c0, 0x000002a2674825b0]
Event: 2635.292 Thread 0x000002a261a7a750 18673       3       org.eclipse.jdt.internal.compiler.ast.MethodDeclaration::resolveStatements (991 bytes)
Event: 2635.297 Thread 0x000002a261a78c00 18677       4       org.eclipse.jdt.internal.compiler.codegen.OperandStack::push (68 bytes)
Event: 2635.299 Thread 0x000002a261a7a750 nmethod 18673 0x000002a267482710 code [0x000002a267482d40, 0x000002a267486be8]
Event: 2635.300 Thread 0x000002a261a7a750 18675       3       java.util.stream.SpinedBuffer::asArray (46 bytes)
Event: 2635.300 Thread 0x000002a261a7a750 nmethod 18675 0x000002a267488210 code [0x000002a267488400, 0x000002a267488a28]
Event: 2635.300 Thread 0x000002a261a7a750 18676   !   3       org.eclipse.jdt.internal.compiler.ast.AbstractMethodDeclaration::resolveJavadoc (154 bytes)
Event: 2635.301 Thread 0x000002a261a7a750 nmethod 18676 0x000002a267488c10 code [0x000002a267488e80, 0x000002a267489b58]
Event: 2635.303 Thread 0x000002a261a78c00 nmethod 18677 0x000002a26d749310 code [0x000002a26d7494e0, 0x000002a26d7499c0]
Event: 2635.307 Thread 0x000002a261a7a750 18678       3       org.eclipse.core.internal.resources.Marker::checkInfo (54 bytes)
Event: 2635.308 Thread 0x000002a261a7a750 nmethod 18678 0x000002a26748a010 code [0x000002a26748a240, 0x000002a26748a928]

GC Heap History (20 events):
Event: 2632.449 GC heap before
{Heap before GC invocations=939 (full 4):
 PSYoungGen      total 8192K, used 7904K [0x00000000d5580000, 0x00000000d6400000, 0x0000000100000000)
  eden space 4096K, 100% used [0x00000000d5580000,0x00000000d5980000,0x00000000d5980000)
  from space 4096K, 92% used [0x00000000d6000000,0x00000000d63b8000,0x00000000d6400000)
  to   space 4608K, 0% used [0x00000000d5b00000,0x00000000d5b00000,0x00000000d5f80000)
 ParOldGen       total 1274368K, used 1274074K [0x0000000080000000, 0x00000000cdc80000, 0x00000000d5580000)
  object space 1274368K, 99% used [0x0000000080000000,0x00000000cdc36b20,0x00000000cdc80000)
 Metaspace       used 76537K, committed 78016K, reserved 1179648K
  class space    used 7784K, committed 8448K, reserved 1048576K
}
Event: 2632.456 GC heap after
{Heap after GC invocations=939 (full 4):
 PSYoungGen      total 9216K, used 3616K [0x00000000d5580000, 0x00000000d6280000, 0x0000000100000000)
  eden space 5120K, 0% used [0x00000000d5580000,0x00000000d5580000,0x00000000d5a80000)
  from space 4096K, 88% used [0x00000000d5b00000,0x00000000d5e88000,0x00000000d5f00000)
  to   space 3584K, 0% used [0x00000000d5f00000,0x00000000d5f00000,0x00000000d6280000)
 ParOldGen       total 1277952K, used 1277778K [0x0000000080000000, 0x00000000ce000000, 0x00000000d5580000)
  object space 1277952K, 99% used [0x0000000080000000,0x00000000cdfd4b20,0x00000000ce000000)
 Metaspace       used 76537K, committed 78016K, reserved 1179648K
  class space    used 7784K, committed 8448K, reserved 1048576K
}
Event: 2632.506 GC heap before
{Heap before GC invocations=940 (full 4):
 PSYoungGen      total 9216K, used 8736K [0x00000000d5580000, 0x00000000d6280000, 0x0000000100000000)
  eden space 5120K, 100% used [0x00000000d5580000,0x00000000d5a80000,0x00000000d5a80000)
  from space 4096K, 88% used [0x00000000d5b00000,0x00000000d5e88000,0x00000000d5f00000)
  to   space 3584K, 0% used [0x00000000d5f00000,0x00000000d5f00000,0x00000000d6280000)
 ParOldGen       total 1277952K, used 1277778K [0x0000000080000000, 0x00000000ce000000, 0x00000000d5580000)
  object space 1277952K, 99% used [0x0000000080000000,0x00000000cdfd4b20,0x00000000ce000000)
 Metaspace       used 76537K, committed 78016K, reserved 1179648K
  class space    used 7784K, committed 8448K, reserved 1048576K
}
Event: 2632.516 GC heap after
{Heap after GC invocations=940 (full 4):
 PSYoungGen      total 9216K, used 3568K [0x00000000d5580000, 0x00000000d6380000, 0x0000000100000000)
  eden space 5632K, 0% used [0x00000000d5580000,0x00000000d5580000,0x00000000d5b00000)
  from space 3584K, 99% used [0x00000000d5f00000,0x00000000d627c000,0x00000000d6280000)
  to   space 4096K, 0% used [0x00000000d5b00000,0x00000000d5b00000,0x00000000d5f00000)
 ParOldGen       total 1281536K, used 1281314K [0x0000000080000000, 0x00000000ce380000, 0x00000000d5580000)
  object space 1281536K, 99% used [0x0000000080000000,0x00000000ce348b20,0x00000000ce380000)
 Metaspace       used 76537K, committed 78016K, reserved 1179648K
  class space    used 7784K, committed 8448K, reserved 1048576K
}
Event: 2634.628 GC heap before
{Heap before GC invocations=941 (full 4):
 PSYoungGen      total 9216K, used 9200K [0x00000000d5580000, 0x00000000d6380000, 0x0000000100000000)
  eden space 5632K, 100% used [0x00000000d5580000,0x00000000d5b00000,0x00000000d5b00000)
  from space 3584K, 99% used [0x00000000d5f00000,0x00000000d627c000,0x00000000d6280000)
  to   space 4096K, 0% used [0x00000000d5b00000,0x00000000d5b00000,0x00000000d5f00000)
 ParOldGen       total 1281536K, used 1281314K [0x0000000080000000, 0x00000000ce380000, 0x00000000d5580000)
  object space 1281536K, 99% used [0x0000000080000000,0x00000000ce348b20,0x00000000ce380000)
 Metaspace       used 76546K, committed 78016K, reserved 1179648K
  class space    used 7784K, committed 8448K, reserved 1048576K
}
Event: 2634.637 GC heap after
{Heap after GC invocations=941 (full 4):
 PSYoungGen      total 8192K, used 2436K [0x00000000d5580000, 0x00000000d6100000, 0x0000000100000000)
  eden space 5632K, 0% used [0x00000000d5580000,0x00000000d5580000,0x00000000d5b00000)
  from space 2560K, 95% used [0x00000000d5b00000,0x00000000d5d61210,0x00000000d5d80000)
  to   space 3072K, 0% used [0x00000000d5e00000,0x00000000d5e00000,0x00000000d6100000)
 ParOldGen       total 1284096K, used 1284002K [0x0000000080000000, 0x00000000ce600000, 0x00000000d5580000)
  object space 1284096K, 99% used [0x0000000080000000,0x00000000ce5e8b20,0x00000000ce600000)
 Metaspace       used 76546K, committed 78016K, reserved 1179648K
  class space    used 7784K, committed 8448K, reserved 1048576K
}
Event: 2634.660 GC heap before
{Heap before GC invocations=942 (full 4):
 PSYoungGen      total 8192K, used 8068K [0x00000000d5580000, 0x00000000d6100000, 0x0000000100000000)
  eden space 5632K, 100% used [0x00000000d5580000,0x00000000d5b00000,0x00000000d5b00000)
  from space 2560K, 95% used [0x00000000d5b00000,0x00000000d5d61210,0x00000000d5d80000)
  to   space 3072K, 0% used [0x00000000d5e00000,0x00000000d5e00000,0x00000000d6100000)
 ParOldGen       total 1284096K, used 1284002K [0x0000000080000000, 0x00000000ce600000, 0x00000000d5580000)
  object space 1284096K, 99% used [0x0000000080000000,0x00000000ce5e8b20,0x00000000ce600000)
 Metaspace       used 76547K, committed 78016K, reserved 1179648K
  class space    used 7784K, committed 8448K, reserved 1048576K
}
Event: 2634.667 GC heap after
{Heap after GC invocations=942 (full 4):
 PSYoungGen      total 6144K, used 448K [0x00000000d5580000, 0x00000000d5e80000, 0x0000000100000000)
  eden space 5632K, 0% used [0x00000000d5580000,0x00000000d5580000,0x00000000d5b00000)
  from space 512K, 87% used [0x00000000d5e00000,0x00000000d5e70000,0x00000000d5e80000)
  to   space 1536K, 0% used [0x00000000d5b80000,0x00000000d5b80000,0x00000000d5d00000)
 ParOldGen       total 1286656K, used 1286374K [0x0000000080000000, 0x00000000ce880000, 0x00000000d5580000)
  object space 1286656K, 99% used [0x0000000080000000,0x00000000ce839930,0x00000000ce880000)
 Metaspace       used 76547K, committed 78016K, reserved 1179648K
  class space    used 7784K, committed 8448K, reserved 1048576K
}
Event: 2634.858 GC heap before
{Heap before GC invocations=943 (full 4):
 PSYoungGen      total 6144K, used 6080K [0x00000000d5580000, 0x00000000d5e80000, 0x0000000100000000)
  eden space 5632K, 100% used [0x00000000d5580000,0x00000000d5b00000,0x00000000d5b00000)
  from space 512K, 87% used [0x00000000d5e00000,0x00000000d5e70000,0x00000000d5e80000)
  to   space 1536K, 0% used [0x00000000d5b80000,0x00000000d5b80000,0x00000000d5d00000)
 ParOldGen       total 1286656K, used 1286374K [0x0000000080000000, 0x00000000ce880000, 0x00000000d5580000)
  object space 1286656K, 99% used [0x0000000080000000,0x00000000ce839930,0x00000000ce880000)
 Metaspace       used 76574K, committed 78016K, reserved 1179648K
  class space    used 7784K, committed 8448K, reserved 1048576K
}
Event: 2634.872 GC heap after
{Heap after GC invocations=943 (full 4):
 PSYoungGen      total 7168K, used 832K [0x00000000d5580000, 0x00000000d5e80000, 0x0000000100000000)
  eden space 5632K, 0% used [0x00000000d5580000,0x00000000d5580000,0x00000000d5b00000)
  from space 1536K, 54% used [0x00000000d5b80000,0x00000000d5c50000,0x00000000d5d00000)
  to   space 1024K, 0% used [0x00000000d5d80000,0x00000000d5d80000,0x00000000d5e80000)
 ParOldGen       total 1287168K, used 1286798K [0x0000000080000000, 0x00000000ce900000, 0x00000000d5580000)
  object space 1287168K, 99% used [0x0000000080000000,0x00000000ce8a3950,0x00000000ce900000)
 Metaspace       used 76574K, committed 78016K, reserved 1179648K
  class space    used 7784K, committed 8448K, reserved 1048576K
}
Event: 2634.920 GC heap before
{Heap before GC invocations=944 (full 4):
 PSYoungGen      total 7168K, used 6464K [0x00000000d5580000, 0x00000000d5e80000, 0x0000000100000000)
  eden space 5632K, 100% used [0x00000000d5580000,0x00000000d5b00000,0x00000000d5b00000)
  from space 1536K, 54% used [0x00000000d5b80000,0x00000000d5c50000,0x00000000d5d00000)
  to   space 1024K, 0% used [0x00000000d5d80000,0x00000000d5d80000,0x00000000d5e80000)
 ParOldGen       total 1287168K, used 1286798K [0x0000000080000000, 0x00000000ce900000, 0x00000000d5580000)
  object space 1287168K, 99% used [0x0000000080000000,0x00000000ce8a3950,0x00000000ce900000)
 Metaspace       used 76577K, committed 78080K, reserved 1179648K
  class space    used 7785K, committed 8448K, reserved 1048576K
}
Event: 2634.925 GC heap after
{Heap after GC invocations=944 (full 4):
 PSYoungGen      total 6656K, used 692K [0x00000000d5580000, 0x00000000d5e80000, 0x0000000100000000)
  eden space 5632K, 0% used [0x00000000d5580000,0x00000000d5580000,0x00000000d5b00000)
  from space 1024K, 67% used [0x00000000d5d80000,0x00000000d5e2d200,0x00000000d5e80000)
  to   space 1024K, 0% used [0x00000000d5c80000,0x00000000d5c80000,0x00000000d5d80000)
 ParOldGen       total 1287680K, used 1287456K [0x0000000080000000, 0x00000000ce980000, 0x00000000d5580000)
  object space 1287680K, 99% used [0x0000000080000000,0x00000000ce9480e0,0x00000000ce980000)
 Metaspace       used 76577K, committed 78080K, reserved 1179648K
  class space    used 7785K, committed 8448K, reserved 1048576K
}
Event: 2634.947 GC heap before
{Heap before GC invocations=945 (full 4):
 PSYoungGen      total 6656K, used 6324K [0x00000000d5580000, 0x00000000d5e80000, 0x0000000100000000)
  eden space 5632K, 100% used [0x00000000d5580000,0x00000000d5b00000,0x00000000d5b00000)
  from space 1024K, 67% used [0x00000000d5d80000,0x00000000d5e2d200,0x00000000d5e80000)
  to   space 1024K, 0% used [0x00000000d5c80000,0x00000000d5c80000,0x00000000d5d80000)
 ParOldGen       total 1287680K, used 1287456K [0x0000000080000000, 0x00000000ce980000, 0x00000000d5580000)
  object space 1287680K, 99% used [0x0000000080000000,0x00000000ce9480e0,0x00000000ce980000)
 Metaspace       used 76582K, committed 78080K, reserved 1179648K
  class space    used 7785K, committed 8448K, reserved 1048576K
}
Event: 2634.951 GC heap after
{Heap after GC invocations=945 (full 4):
 PSYoungGen      total 6144K, used 448K [0x00000000d5580000, 0x00000000d5e00000, 0x0000000100000000)
  eden space 5632K, 0% used [0x00000000d5580000,0x00000000d5580000,0x00000000d5b00000)
  from space 512K, 87% used [0x00000000d5c80000,0x00000000d5cf0000,0x00000000d5d00000)
  to   space 1024K, 0% used [0x00000000d5d00000,0x00000000d5d00000,0x00000000d5e00000)
 ParOldGen       total 1288192K, used 1288016K [0x0000000080000000, 0x00000000cea00000, 0x00000000d5580000)
  object space 1288192K, 99% used [0x0000000080000000,0x00000000ce9d4188,0x00000000cea00000)
 Metaspace       used 76582K, committed 78080K, reserved 1179648K
  class space    used 7785K, committed 8448K, reserved 1048576K
}
Event: 2635.170 GC heap before
{Heap before GC invocations=946 (full 4):
 PSYoungGen      total 6144K, used 6080K [0x00000000d5580000, 0x00000000d5e00000, 0x0000000100000000)
  eden space 5632K, 100% used [0x00000000d5580000,0x00000000d5b00000,0x00000000d5b00000)
  from space 512K, 87% used [0x00000000d5c80000,0x00000000d5cf0000,0x00000000d5d00000)
  to   space 1024K, 0% used [0x00000000d5d00000,0x00000000d5d00000,0x00000000d5e00000)
 ParOldGen       total 1288192K, used 1288016K [0x0000000080000000, 0x00000000cea00000, 0x00000000d5580000)
  object space 1288192K, 99% used [0x0000000080000000,0x00000000ce9d4188,0x00000000cea00000)
 Metaspace       used 76596K, committed 78080K, reserved 1179648K
  class space    used 7785K, committed 8448K, reserved 1048576K
}
Event: 2635.176 GC heap after
{Heap after GC invocations=946 (full 4):
 PSYoungGen      total 6656K, used 980K [0x00000000d5580000, 0x00000000d5e00000, 0x0000000100000000)
  eden space 5632K, 0% used [0x00000000d5580000,0x00000000d5580000,0x00000000d5b00000)
  from space 1024K, 95% used [0x00000000d5d00000,0x00000000d5df5200,0x00000000d5e00000)
  to   space 1536K, 0% used [0x00000000d5b00000,0x00000000d5b00000,0x00000000d5c80000)
 ParOldGen       total 1288704K, used 1288392K [0x0000000080000000, 0x00000000cea80000, 0x00000000d5580000)
  object space 1288704K, 99% used [0x0000000080000000,0x00000000cea32188,0x00000000cea80000)
 Metaspace       used 76596K, committed 78080K, reserved 1179648K
  class space    used 7785K, committed 8448K, reserved 1048576K
}
Event: 2635.211 GC heap before
{Heap before GC invocations=947 (full 4):
 PSYoungGen      total 6656K, used 6612K [0x00000000d5580000, 0x00000000d5e00000, 0x0000000100000000)
  eden space 5632K, 100% used [0x00000000d5580000,0x00000000d5b00000,0x00000000d5b00000)
  from space 1024K, 95% used [0x00000000d5d00000,0x00000000d5df5200,0x00000000d5e00000)
  to   space 1536K, 0% used [0x00000000d5b00000,0x00000000d5b00000,0x00000000d5c80000)
 ParOldGen       total 1288704K, used 1288392K [0x0000000080000000, 0x00000000cea80000, 0x00000000d5580000)
  object space 1288704K, 99% used [0x0000000080000000,0x00000000cea32188,0x00000000cea80000)
 Metaspace       used 76607K, committed 78080K, reserved 1179648K
  class space    used 7785K, committed 8448K, reserved 1048576K
}
Event: 2635.217 GC heap after
{Heap after GC invocations=947 (full 4):
 PSYoungGen      total 7168K, used 512K [0x00000000d5580000, 0x00000000d5d80000, 0x0000000100000000)
  eden space 5632K, 0% used [0x00000000d5580000,0x00000000d5580000,0x00000000d5b00000)
  from space 1536K, 33% used [0x00000000d5b00000,0x00000000d5b80000,0x00000000d5c80000)
  to   space 1024K, 0% used [0x00000000d5c80000,0x00000000d5c80000,0x00000000d5d80000)
 ParOldGen       total 1289728K, used 1289234K [0x0000000080000000, 0x00000000ceb80000, 0x00000000d5580000)
  object space 1289728K, 99% used [0x0000000080000000,0x00000000ceb04a28,0x00000000ceb80000)
 Metaspace       used 76607K, committed 78080K, reserved 1179648K
  class space    used 7785K, committed 8448K, reserved 1048576K
}
Event: 2635.255 GC heap before
{Heap before GC invocations=948 (full 4):
 PSYoungGen      total 7168K, used 6144K [0x00000000d5580000, 0x00000000d5d80000, 0x0000000100000000)
  eden space 5632K, 100% used [0x00000000d5580000,0x00000000d5b00000,0x00000000d5b00000)
  from space 1536K, 33% used [0x00000000d5b00000,0x00000000d5b80000,0x00000000d5c80000)
  to   space 1024K, 0% used [0x00000000d5c80000,0x00000000d5c80000,0x00000000d5d80000)
 ParOldGen       total 1289728K, used 1289234K [0x0000000080000000, 0x00000000ceb80000, 0x00000000d5580000)
  object space 1289728K, 99% used [0x0000000080000000,0x00000000ceb04a28,0x00000000ceb80000)
 Metaspace       used 76615K, committed 78080K, reserved 1179648K
  class space    used 7785K, committed 8448K, reserved 1048576K
}
Event: 2635.260 GC heap after
{Heap after GC invocations=948 (full 4):
 PSYoungGen      total 6656K, used 788K [0x00000000d5580000, 0x00000000d5d80000, 0x0000000100000000)
  eden space 5632K, 0% used [0x00000000d5580000,0x00000000d5580000,0x00000000d5b00000)
  from space 1024K, 77% used [0x00000000d5c80000,0x00000000d5d45200,0x00000000d5d80000)
  to   space 1024K, 0% used [0x00000000d5b80000,0x00000000d5b80000,0x00000000d5c80000)
 ParOldGen       total 1289728K, used 1289674K [0x0000000080000000, 0x00000000ceb80000, 0x00000000d5580000)
  object space 1289728K, 99% used [0x0000000080000000,0x00000000ceb72a28,0x00000000ceb80000)
 Metaspace       used 76615K, committed 78080K, reserved 1179648K
  class space    used 7785K, committed 8448K, reserved 1048576K
}

Dll operation events (11 events):
Event: 0.011 Loaded shared library c:\Users\Nguyen Ba Hien\.vscode\extensions\redhat.java-1.46.0-win32-x64\jre\21.0.8-win32-x86_64\bin\java.dll
Event: 0.087 Loaded shared library c:\Users\Nguyen Ba Hien\.vscode\extensions\redhat.java-1.46.0-win32-x64\jre\21.0.8-win32-x86_64\bin\zip.dll
Event: 0.107 Loaded shared library C:\Users\Nguyen Ba Hien\.vscode\extensions\redhat.java-1.46.0-win32-x64\jre\21.0.8-win32-x86_64\bin\instrument.dll
Event: 0.112 Loaded shared library C:\Users\Nguyen Ba Hien\.vscode\extensions\redhat.java-1.46.0-win32-x64\jre\21.0.8-win32-x86_64\bin\net.dll
Event: 0.115 Loaded shared library C:\Users\Nguyen Ba Hien\.vscode\extensions\redhat.java-1.46.0-win32-x64\jre\21.0.8-win32-x86_64\bin\nio.dll
Event: 0.119 Loaded shared library C:\Users\Nguyen Ba Hien\.vscode\extensions\redhat.java-1.46.0-win32-x64\jre\21.0.8-win32-x86_64\bin\zip.dll
Event: 0.137 Loaded shared library C:\Users\Nguyen Ba Hien\.vscode\extensions\redhat.java-1.46.0-win32-x64\jre\21.0.8-win32-x86_64\bin\jimage.dll
Event: 0.234 Loaded shared library c:\Users\Nguyen Ba Hien\.vscode\extensions\redhat.java-1.46.0-win32-x64\jre\21.0.8-win32-x86_64\bin\verify.dll
Event: 4.614 Loaded shared library C:\Users\Nguyen Ba Hien\AppData\Roaming\Code\User\globalStorage\redhat.java\1.46.0\config_win\org.eclipse.equinox.launcher\org.eclipse.equinox.launcher.win32.win32.x86_64_1.2.1400.v20250801-0854\eclipse_11916.dll
Event: 9.357 Loaded shared library C:\Users\Nguyen Ba Hien\AppData\Local\Temp\jna-165784113\jna12433875612379395140.dll
Event: 2096.655 Loaded shared library C:\Users\Nguyen Ba Hien\.vscode\extensions\redhat.java-1.46.0-win32-x64\jre\21.0.8-win32-x86_64\bin\sunmscapi.dll

Deoptimization events (20 events):
Event: 2635.159 Thread 0x000002a241f136b0 Uncommon trap: trap_request=0xffffffbe fr.pc=0x000002a26d73af60 relative=0x0000000000000d80
Event: 2635.159 Thread 0x000002a241f136b0 Uncommon trap: reason=profile_predicate action=maybe_recompile pc=0x000002a26d73af60 method=org.eclipse.jdt.internal.compiler.lookup.SplitPackageBinding.combineWithSiblings(Lorg/eclipse/jdt/internal/compiler/lookup/PackageBinding;[CLorg/eclipse/jdt/intern
Event: 2635.159 Thread 0x000002a241f136b0 DEOPT PACKING pc=0x000002a26d73af60 sp=0x000000e59e8fe6f0
Event: 2635.159 Thread 0x000002a241f136b0 DEOPT UNPACKING pc=0x000002a26c273aa2 sp=0x000000e59e8fe698 mode 2
Event: 2635.159 Thread 0x000002a241f136b0 Uncommon trap: trap_request=0xffffffbe fr.pc=0x000002a26d73af60 relative=0x0000000000000d80
Event: 2635.159 Thread 0x000002a241f136b0 Uncommon trap: reason=profile_predicate action=maybe_recompile pc=0x000002a26d73af60 method=org.eclipse.jdt.internal.compiler.lookup.SplitPackageBinding.combineWithSiblings(Lorg/eclipse/jdt/internal/compiler/lookup/PackageBinding;[CLorg/eclipse/jdt/intern
Event: 2635.159 Thread 0x000002a241f136b0 DEOPT PACKING pc=0x000002a26d73af60 sp=0x000000e59e8fe6f0
Event: 2635.159 Thread 0x000002a241f136b0 DEOPT UNPACKING pc=0x000002a26c273aa2 sp=0x000000e59e8fe698 mode 2
Event: 2635.160 Thread 0x000002a241f136b0 Uncommon trap: trap_request=0xffffffbe fr.pc=0x000002a26d73af60 relative=0x0000000000000d80
Event: 2635.160 Thread 0x000002a241f136b0 Uncommon trap: reason=profile_predicate action=maybe_recompile pc=0x000002a26d73af60 method=org.eclipse.jdt.internal.compiler.lookup.SplitPackageBinding.combineWithSiblings(Lorg/eclipse/jdt/internal/compiler/lookup/PackageBinding;[CLorg/eclipse/jdt/intern
Event: 2635.160 Thread 0x000002a241f136b0 DEOPT PACKING pc=0x000002a26d73af60 sp=0x000000e59e8fe6f0
Event: 2635.160 Thread 0x000002a241f136b0 DEOPT UNPACKING pc=0x000002a26c273aa2 sp=0x000000e59e8fe698 mode 2
Event: 2635.249 Thread 0x000002a241f136b0 Uncommon trap: trap_request=0xffffffd6 fr.pc=0x000002a26d748118 relative=0x0000000000000538
Event: 2635.249 Thread 0x000002a241f136b0 Uncommon trap: reason=array_check action=maybe_recompile pc=0x000002a26d748118 method=java.util.TimSort.reverseRange([Ljava/lang/Object;II)V @ 27 c2
Event: 2635.249 Thread 0x000002a241f136b0 DEOPT PACKING pc=0x000002a26d748118 sp=0x000000e59e8fd8e0
Event: 2635.249 Thread 0x000002a241f136b0 DEOPT UNPACKING pc=0x000002a26c273aa2 sp=0x000000e59e8fd7f0 mode 2
Event: 2635.249 Thread 0x000002a241f136b0 Uncommon trap: trap_request=0xffffffd6 fr.pc=0x000002a26d748118 relative=0x0000000000000538
Event: 2635.249 Thread 0x000002a241f136b0 Uncommon trap: reason=array_check action=maybe_recompile pc=0x000002a26d748118 method=java.util.TimSort.reverseRange([Ljava/lang/Object;II)V @ 27 c2
Event: 2635.249 Thread 0x000002a241f136b0 DEOPT PACKING pc=0x000002a26d748118 sp=0x000000e59e8fe600
Event: 2635.249 Thread 0x000002a241f136b0 DEOPT UNPACKING pc=0x000002a26c273aa2 sp=0x000000e59e8fe510 mode 2

Classes loaded (20 events):
Event: 2106.532 Loading class java/util/stream/ReduceOps$5
Event: 2106.534 Loading class java/util/stream/ReduceOps$5 done
Event: 2106.534 Loading class java/util/stream/ReduceOps$CountingSink$OfRef
Event: 2106.534 Loading class java/util/stream/ReduceOps$CountingSink
Event: 2106.534 Loading class java/util/stream/ReduceOps$CountingSink done
Event: 2106.534 Loading class java/util/stream/ReduceOps$CountingSink$OfRef done
Event: 2117.686 Loading class jdk/internal/module/IllegalAccessLogger
Event: 2117.686 Loading class jdk/internal/module/IllegalAccessLogger done
Event: 2598.994 Loading class jdk/internal/module/IllegalAccessLogger
Event: 2598.995 Loading class jdk/internal/module/IllegalAccessLogger done
Event: 2612.245 Loading class jdk/internal/module/IllegalAccessLogger
Event: 2612.245 Loading class jdk/internal/module/IllegalAccessLogger done
Event: 2612.271 Loading class jdk/internal/ref/CleanerImpl$InnocuousThreadFactory
Event: 2612.271 Loading class jdk/internal/ref/CleanerImpl$InnocuousThreadFactory done
Event: 2613.550 Loading class java/util/ArrayDeque$DeqSpliterator
Event: 2613.555 Loading class java/util/ArrayDeque$DeqSpliterator done
Event: 2628.198 Loading class jdk/internal/module/IllegalAccessLogger
Event: 2628.198 Loading class jdk/internal/module/IllegalAccessLogger done
Event: 2632.074 Loading class jdk/internal/module/IllegalAccessLogger
Event: 2632.074 Loading class jdk/internal/module/IllegalAccessLogger done

Classes unloaded (20 events):
Event: 2107.199 Thread 0x000002a25f8b08d0 Unloading class 0x000002a201017400 'java/lang/invoke/LambdaForm$MH+0x000002a201017400'
Event: 2107.199 Thread 0x000002a25f8b08d0 Unloading class 0x000002a201016400 'java/lang/invoke/LambdaForm$MH+0x000002a201016400'
Event: 2107.199 Thread 0x000002a25f8b08d0 Unloading class 0x000002a20100d800 'java/lang/invoke/LambdaForm$MH+0x000002a20100d800'
Event: 2107.199 Thread 0x000002a25f8b08d0 Unloading class 0x000002a20100d400 'java/lang/invoke/LambdaForm$MH+0x000002a20100d400'
Event: 2107.199 Thread 0x000002a25f8b08d0 Unloading class 0x000002a20100d000 'java/lang/invoke/LambdaForm$MH+0x000002a20100d000'
Event: 2107.199 Thread 0x000002a25f8b08d0 Unloading class 0x000002a20100cc00 'java/lang/invoke/LambdaForm$MH+0x000002a20100cc00'
Event: 2107.199 Thread 0x000002a25f8b08d0 Unloading class 0x000002a20100c800 'java/lang/invoke/LambdaForm$BMH+0x000002a20100c800'
Event: 2107.199 Thread 0x000002a25f8b08d0 Unloading class 0x000002a20100c000 'java/lang/invoke/LambdaForm$DMH+0x000002a20100c000'
Event: 2107.199 Thread 0x000002a25f8b08d0 Unloading class 0x000002a201008c00 'java/lang/invoke/LambdaForm$MH+0x000002a201008c00'
Event: 2107.199 Thread 0x000002a25f8b08d0 Unloading class 0x000002a201008800 'java/lang/invoke/LambdaForm$MH+0x000002a201008800'
Event: 2107.199 Thread 0x000002a25f8b08d0 Unloading class 0x000002a201008400 'java/lang/invoke/LambdaForm$MH+0x000002a201008400'
Event: 2107.199 Thread 0x000002a25f8b08d0 Unloading class 0x000002a201007000 'java/lang/invoke/LambdaForm$MH+0x000002a201007000'
Event: 2107.199 Thread 0x000002a25f8b08d0 Unloading class 0x000002a201006c00 'java/lang/invoke/LambdaForm$MH+0x000002a201006c00'
Event: 2107.199 Thread 0x000002a25f8b08d0 Unloading class 0x000002a201006800 'java/lang/invoke/LambdaForm$MH+0x000002a201006800'
Event: 2107.199 Thread 0x000002a25f8b08d0 Unloading class 0x000002a201006400 'java/lang/invoke/LambdaForm$MH+0x000002a201006400'
Event: 2107.199 Thread 0x000002a25f8b08d0 Unloading class 0x000002a201005c00 'java/lang/invoke/LambdaForm$BMH+0x000002a201005c00'
Event: 2107.200 Thread 0x000002a25f8b08d0 Unloading class 0x000002a201004800 'java/lang/invoke/LambdaForm$DMH+0x000002a201004800'
Event: 2107.200 Thread 0x000002a25f8b08d0 Unloading class 0x000002a201002400 'java/lang/invoke/LambdaForm$MH+0x000002a201002400'
Event: 2107.200 Thread 0x000002a25f8b08d0 Unloading class 0x000002a201002000 'java/lang/invoke/LambdaForm$MH+0x000002a201002000'
Event: 2107.200 Thread 0x000002a25f8b08d0 Unloading class 0x000002a201001800 'java/lang/invoke/LambdaForm$MH+0x000002a201001800'

Classes redefined (0 events):
No events

Internal exceptions (20 events):
Event: 2609.563 Thread 0x000002a2418d88d0 Exception <a 'java/lang/IncompatibleClassChangeError'{0x00000000d59b6970}: Found class java.lang.Object, but interface was expected> (0x00000000d59b6970) 
thrown [s\src\hotspot\share\interpreter\linkResolver.cpp, line 840]
Event: 2610.698 Thread 0x000002a2418d88d0 Exception <a 'java/lang/IncompatibleClassChangeError'{0x00000000d5842b20}: Found class java.lang.Object, but interface was expected> (0x00000000d5842b20) 
thrown [s\src\hotspot\share\interpreter\linkResolver.cpp, line 840]
Event: 2610.714 Thread 0x000002a2418d88d0 Exception <a 'java/lang/IncompatibleClassChangeError'{0x00000000d5853598}: Found class java.lang.Object, but interface was expected> (0x00000000d5853598) 
thrown [s\src\hotspot\share\interpreter\linkResolver.cpp, line 840]
Event: 2610.740 Thread 0x000002a2418d88d0 Exception <a 'java/lang/IncompatibleClassChangeError'{0x00000000d588a368}: Found class java.lang.Object, but interface was expected> (0x00000000d588a368) 
thrown [s\src\hotspot\share\interpreter\linkResolver.cpp, line 840]
Event: 2610.841 Thread 0x000002a241f17ee0 Exception <a 'java/lang/NoSuchMethodError'{0x00000000d5c00090}: 'java.lang.Object java.lang.invoke.DirectMethodHandle$Holder.invokeSpecial(java.lang.Object, java.lang.Object, java.lang.Object, java.lang.Object, int, java.lang.Object, java.lang.Object)'> (0x00000000d5c00090) 
thrown [s\src\hotspot\share\interpreter\linkResolver.cpp, line 773]
Event: 2610.961 Thread 0x000002a27f08dd30 Exception <a 'java/lang/ArrayIndexOutOfBoundsException'{0x00000000d582f078}: Index 3941 out of bounds for length 3940> (0x00000000d582f078) 
thrown [s\src\hotspot\share\interpreter\interpreterRuntime.cpp, line 439]
Event: 2611.686 Thread 0x000002a27f08dd30 Implicit null exception at 0x000002a26d0eae7a to 0x000002a26d0eaf34
Event: 2611.686 Thread 0x000002a27f08dd30 Implicit null exception at 0x000002a26d084e48 to 0x000002a26d085894
Event: 2612.022 Thread 0x000002a2418d88d0 Exception <a 'java/lang/ClassNotFoundException'{0x00000000d58b4d90}: sun/util/logging/resources/spi/loggingProvider> (0x00000000d58b4d90) 
thrown [s\src\hotspot\share\classfile\systemDictionary.cpp, line 312]
Event: 2612.156 Thread 0x000002a27f08f0e0 Implicit null exception at 0x000002a26cade964 to 0x000002a26cae0f38
Event: 2612.372 Thread 0x000002a27f08f0e0 Exception <a 'sun/nio/fs/WindowsException'{0x00000000d55ad9f8}> (0x00000000d55ad9f8) 
thrown [s\src\hotspot\share\prims\jni.cpp, line 520]
Event: 2612.840 Thread 0x000002a27f08dd30 Implicit null exception at 0x000002a26c96a886 to 0x000002a26c96a97c
Event: 2612.840 Thread 0x000002a27f08dd30 Implicit null exception at 0x000002a26ca0295a to 0x000002a26ca029e1
Event: 2613.532 Thread 0x000002a27f08dd30 Implicit null exception at 0x000002a26d36a235 to 0x000002a26d36a4c8
Event: 2614.051 Thread 0x000002a27f08f0e0 Exception <a 'sun/nio/fs/WindowsException'{0x00000000d58d6a60}> (0x00000000d58d6a60) 
thrown [s\src\hotspot\share\prims\jni.cpp, line 520]
Event: 2618.600 Thread 0x000002a241f17850 Exception <a 'java/lang/NoSuchMethodError'{0x00000000d579ff80}: 'void java.lang.invoke.DirectMethodHandle$Holder.invokeVirtual(java.lang.Object, java.lang.Object, java.lang.Object, java.lang.Object, java.lang.Object)'> (0x00000000d579ff80) 
thrown [s\src\hotspot\share\interpreter\linkResolver.cpp, line 773]
Event: 2628.193 Thread 0x000002a27f08f0e0 Exception <a 'sun/nio/fs/WindowsException'{0x00000000d5aa1c90}> (0x00000000d5aa1c90) 
thrown [s\src\hotspot\share\prims\jni.cpp, line 520]
Event: 2630.043 Thread 0x000002a27f08f0e0 Exception <a 'sun/nio/fs/WindowsException'{0x00000000d5714670}> (0x00000000d5714670) 
thrown [s\src\hotspot\share\prims\jni.cpp, line 520]
Event: 2631.770 Thread 0x000002a27f08f0e0 Exception <a 'sun/nio/fs/WindowsException'{0x00000000d5682148}> (0x00000000d5682148) 
thrown [s\src\hotspot\share\prims\jni.cpp, line 520]
Event: 2632.719 Thread 0x000002a27f08f0e0 Exception <a 'sun/nio/fs/WindowsException'{0x00000000d587c898}> (0x00000000d587c898) 
thrown [s\src\hotspot\share\prims\jni.cpp, line 520]

ZGC Phase Switch (0 events):
No events

VM Operations (20 events):
Event: 2633.517 Executing VM operation: Cleanup
Event: 2633.517 Executing VM operation: Cleanup done
Event: 2634.628 Executing VM operation: ParallelGCFailedAllocation (Allocation Failure)
Event: 2634.637 Executing VM operation: ParallelGCFailedAllocation (Allocation Failure) done
Event: 2634.660 Executing VM operation: ParallelGCFailedAllocation (Allocation Failure)
Event: 2634.667 Executing VM operation: ParallelGCFailedAllocation (Allocation Failure) done
Event: 2634.858 Executing VM operation: ParallelGCFailedAllocation (Allocation Failure)
Event: 2634.872 Executing VM operation: ParallelGCFailedAllocation (Allocation Failure) done
Event: 2634.920 Executing VM operation: ParallelGCFailedAllocation (Allocation Failure)
Event: 2634.925 Executing VM operation: ParallelGCFailedAllocation (Allocation Failure) done
Event: 2634.947 Executing VM operation: ParallelGCFailedAllocation (Allocation Failure)
Event: 2634.951 Executing VM operation: ParallelGCFailedAllocation (Allocation Failure) done
Event: 2635.170 Executing VM operation: ParallelGCFailedAllocation (Allocation Failure)
Event: 2635.176 Executing VM operation: ParallelGCFailedAllocation (Allocation Failure) done
Event: 2635.211 Executing VM operation: ParallelGCFailedAllocation (Allocation Failure)
Event: 2635.217 Executing VM operation: ParallelGCFailedAllocation (Allocation Failure) done
Event: 2635.255 Executing VM operation: ParallelGCFailedAllocation (Allocation Failure)
Event: 2635.260 Executing VM operation: ParallelGCFailedAllocation (Allocation Failure) done
Event: 2636.264 Executing VM operation: Cleanup
Event: 2636.264 Executing VM operation: Cleanup done

Memory protections (0 events):
No events

Nmethod flushes (20 events):
Event: 2107.785 Thread 0x000002a25f8b08d0 flushing  nmethod 0x000002a265c06b90
Event: 2107.785 Thread 0x000002a25f8b08d0 flushing  nmethod 0x000002a265c07290
Event: 2107.785 Thread 0x000002a25f8b08d0 flushing  nmethod 0x000002a265c08c90
Event: 2107.785 Thread 0x000002a25f8b08d0 flushing  nmethod 0x000002a265c1cc90
Event: 2107.785 Thread 0x000002a25f8b08d0 flushing  nmethod 0x000002a265c1ee90
Event: 2107.785 Thread 0x000002a25f8b08d0 flushing  nmethod 0x000002a265c1f210
Event: 2107.785 Thread 0x000002a25f8b08d0 flushing  nmethod 0x000002a265c29d90
Event: 2107.785 Thread 0x000002a25f8b08d0 flushing  nmethod 0x000002a265c2a410
Event: 2107.785 Thread 0x000002a25f8b08d0 flushing osr nmethod 0x000002a265c64090
Event: 2107.785 Thread 0x000002a25f8b08d0 flushing  nmethod 0x000002a265c92710
Event: 2107.785 Thread 0x000002a25f8b08d0 flushing  nmethod 0x000002a265c98510
Event: 2107.785 Thread 0x000002a25f8b08d0 flushing  nmethod 0x000002a265cb9490
Event: 2107.785 Thread 0x000002a25f8b08d0 flushing  nmethod 0x000002a265cff190
Event: 2107.785 Thread 0x000002a25f8b08d0 flushing  nmethod 0x000002a265cffc10
Event: 2107.785 Thread 0x000002a25f8b08d0 flushing  nmethod 0x000002a265d00310
Event: 2107.785 Thread 0x000002a25f8b08d0 flushing  nmethod 0x000002a265d04690
Event: 2107.785 Thread 0x000002a25f8b08d0 flushing  nmethod 0x000002a265d4d690
Event: 2107.785 Thread 0x000002a25f8b08d0 flushing  nmethod 0x000002a266730490
Event: 2107.785 Thread 0x000002a25f8b08d0 flushing  nmethod 0x000002a266776290
Event: 2107.785 Thread 0x000002a25f8b08d0 flushing  nmethod 0x000002a26689c610

Events (20 events):
Event: 2617.413 Thread 0x000002a261a7a750 Thread added: 0x000002a27ed80220
Event: 2617.983 Thread 0x000002a27ed80220 Thread exited: 0x000002a27ed80220
Event: 2618.704 Thread 0x000002a242d53d80 Thread added: 0x000002a242d50270
Event: 2619.024 Thread 0x000002a261a7a750 Thread added: 0x000002a27ed7e010
Event: 2619.908 Thread 0x000002a27ed7e010 Thread exited: 0x000002a27ed7e010
Event: 2620.032 Thread 0x000002a261a7a750 Thread added: 0x000002a27ed7edb0
Event: 2625.807 Thread 0x000002a27ed7edb0 Thread exited: 0x000002a27ed7edb0
Event: 2628.127 Thread 0x000002a2418d7520 Thread added: 0x000002a242d4db10
Event: 2628.718 Thread 0x000002a261a7a750 Thread added: 0x000002a27ed7e010
Event: 2628.928 Thread 0x000002a27ed7e010 Thread added: 0x000002a27ed80220
Event: 2630.216 Thread 0x000002a27ed80220 Thread exited: 0x000002a27ed80220
Event: 2630.489 Thread 0x000002a27ed7e010 Thread exited: 0x000002a27ed7e010
Event: 2630.544 Thread 0x000002a261a7a750 Thread added: 0x000002a27ed80220
Event: 2631.702 Thread 0x000002a27ed80220 Thread exited: 0x000002a27ed80220
Event: 2631.891 Thread 0x000002a2418d95f0 Thread added: 0x000002a242d4cdf0
Event: 2631.891 Thread 0x000002a2418d95f0 Thread added: 0x000002a242d4d480
Event: 2632.053 Thread 0x000002a261a7a750 Thread added: 0x000002a27ed7e6e0
Event: 2634.621 Thread 0x000002a27ed7e6e0 Thread exited: 0x000002a27ed7e6e0
Event: 2634.985 Thread 0x000002a261a7a750 Thread added: 0x000002a27ed7e6e0
Event: 2635.195 Thread 0x000002a27ed7e6e0 Thread exited: 0x000002a27ed7e6e0


Dynamic libraries:
0x00007ff70e7b0000 - 0x00007ff70e7be000 	c:\Users\Nguyen Ba Hien\.vscode\extensions\redhat.java-1.46.0-win32-x64\jre\21.0.8-win32-x86_64\bin\java.exe
0x00007ff86dc50000 - 0x00007ff86de48000 	C:\WINDOWS\SYSTEM32\ntdll.dll
0x00007ff86bc70000 - 0x00007ff86bd32000 	C:\WINDOWS\System32\KERNEL32.DLL
0x00007ff86b970000 - 0x00007ff86bc66000 	C:\WINDOWS\System32\KERNELBASE.dll
0x00007ff86b4c0000 - 0x00007ff86b5c0000 	C:\WINDOWS\System32\ucrtbase.dll
0x00007ff857490000 - 0x00007ff8574ae000 	c:\Users\Nguyen Ba Hien\.vscode\extensions\redhat.java-1.46.0-win32-x64\jre\21.0.8-win32-x86_64\bin\VCRUNTIME140.dll
0x00007ff84c3c0000 - 0x00007ff84c3d8000 	c:\Users\Nguyen Ba Hien\.vscode\extensions\redhat.java-1.46.0-win32-x64\jre\21.0.8-win32-x86_64\bin\jli.dll
0x00007ff86cd20000 - 0x00007ff86cec1000 	C:\WINDOWS\System32\USER32.dll
0x00007ff86b940000 - 0x00007ff86b962000 	C:\WINDOWS\System32\win32u.dll
0x00007ff85e180000 - 0x00007ff85e41b000 	C:\WINDOWS\WinSxS\amd64_microsoft.windows.common-controls_6595b64144ccf1df_6.0.19041.6456_none_60b8a6cb71f64256\COMCTL32.dll
0x00007ff86c230000 - 0x00007ff86c25b000 	C:\WINDOWS\System32\GDI32.dll
0x00007ff86d9b0000 - 0x00007ff86da4e000 	C:\WINDOWS\System32\msvcrt.dll
0x00007ff86b820000 - 0x00007ff86b939000 	C:\WINDOWS\System32\gdi32full.dll
0x00007ff86b700000 - 0x00007ff86b79d000 	C:\WINDOWS\System32\msvcp_win.dll
0x00007ff86d980000 - 0x00007ff86d9af000 	C:\WINDOWS\System32\IMM32.DLL
0x00007ff867500000 - 0x00007ff86750c000 	c:\Users\Nguyen Ba Hien\.vscode\extensions\redhat.java-1.46.0-win32-x64\jre\21.0.8-win32-x86_64\bin\vcruntime140_1.dll
0x00007ff840df0000 - 0x00007ff840e7d000 	c:\Users\Nguyen Ba Hien\.vscode\extensions\redhat.java-1.46.0-win32-x64\jre\21.0.8-win32-x86_64\bin\msvcp140.dll
0x00007ff822dd0000 - 0x00007ff823b67000 	c:\Users\Nguyen Ba Hien\.vscode\extensions\redhat.java-1.46.0-win32-x64\jre\21.0.8-win32-x86_64\bin\server\jvm.dll
0x00007ff86c110000 - 0x00007ff86c1c1000 	C:\WINDOWS\System32\ADVAPI32.dll
0x00007ff86da60000 - 0x00007ff86daff000 	C:\WINDOWS\System32\sechost.dll
0x00007ff86be20000 - 0x00007ff86bf40000 	C:\WINDOWS\System32\RPCRT4.dll
0x00007ff86b490000 - 0x00007ff86b4b7000 	C:\WINDOWS\System32\bcrypt.dll
0x00007ff86d640000 - 0x00007ff86d6ab000 	C:\WINDOWS\System32\WS2_32.dll
0x00007ff862930000 - 0x00007ff862957000 	C:\WINDOWS\SYSTEM32\WINMM.dll
0x00007ff8637b0000 - 0x00007ff8637ba000 	C:\WINDOWS\SYSTEM32\VERSION.dll
0x00007ff86aa30000 - 0x00007ff86aa7b000 	C:\WINDOWS\SYSTEM32\POWRPROF.dll
0x00007ff86aa10000 - 0x00007ff86aa22000 	C:\WINDOWS\SYSTEM32\UMPDC.dll
0x00007ff869030000 - 0x00007ff869042000 	C:\WINDOWS\SYSTEM32\kernel.appcore.dll
0x00007ff8519a0000 - 0x00007ff8519aa000 	c:\Users\Nguyen Ba Hien\.vscode\extensions\redhat.java-1.46.0-win32-x64\jre\21.0.8-win32-x86_64\bin\jimage.dll
0x00007ff85bc80000 - 0x00007ff85be81000 	C:\WINDOWS\SYSTEM32\DBGHELP.DLL
0x00007ff85b300000 - 0x00007ff85b334000 	C:\WINDOWS\SYSTEM32\dbgcore.DLL
0x00007ff86b5c0000 - 0x00007ff86b642000 	C:\WINDOWS\System32\bcryptPrimitives.dll
0x00007ff8510c0000 - 0x00007ff8510cf000 	c:\Users\Nguyen Ba Hien\.vscode\extensions\redhat.java-1.46.0-win32-x64\jre\21.0.8-win32-x86_64\bin\instrument.dll
0x00007ff84a330000 - 0x00007ff84a34f000 	c:\Users\Nguyen Ba Hien\.vscode\extensions\redhat.java-1.46.0-win32-x64\jre\21.0.8-win32-x86_64\bin\java.dll
0x00007ff86ced0000 - 0x00007ff86d640000 	C:\WINDOWS\System32\SHELL32.dll
0x00007ff869310000 - 0x00007ff869ab5000 	C:\WINDOWS\SYSTEM32\windows.storage.dll
0x00007ff86c2c0000 - 0x00007ff86c614000 	C:\WINDOWS\System32\combase.dll
0x00007ff86ac30000 - 0x00007ff86ac5b000 	C:\WINDOWS\SYSTEM32\Wldp.dll
0x00007ff86ca90000 - 0x00007ff86cb5d000 	C:\WINDOWS\System32\OLEAUT32.dll
0x00007ff86d8d0000 - 0x00007ff86d97d000 	C:\WINDOWS\System32\SHCORE.dll
0x00007ff86c1d0000 - 0x00007ff86c22b000 	C:\WINDOWS\System32\shlwapi.dll
0x00007ff86b210000 - 0x00007ff86b234000 	C:\WINDOWS\SYSTEM32\profapi.dll
0x00007ff849960000 - 0x00007ff849978000 	c:\Users\Nguyen Ba Hien\.vscode\extensions\redhat.java-1.46.0-win32-x64\jre\21.0.8-win32-x86_64\bin\zip.dll
0x00007ff84d840000 - 0x00007ff84d850000 	C:\Users\Nguyen Ba Hien\.vscode\extensions\redhat.java-1.46.0-win32-x64\jre\21.0.8-win32-x86_64\bin\net.dll
0x00007ff862ed0000 - 0x00007ff862fda000 	C:\WINDOWS\SYSTEM32\WINHTTP.dll
0x00007ff86a9a0000 - 0x00007ff86aa0a000 	C:\WINDOWS\system32\mswsock.dll
0x00007ff848480000 - 0x00007ff848496000 	C:\Users\Nguyen Ba Hien\.vscode\extensions\redhat.java-1.46.0-win32-x64\jre\21.0.8-win32-x86_64\bin\nio.dll
0x00007ff84d6c0000 - 0x00007ff84d6d0000 	c:\Users\Nguyen Ba Hien\.vscode\extensions\redhat.java-1.46.0-win32-x64\jre\21.0.8-win32-x86_64\bin\verify.dll
0x00007ff841160000 - 0x00007ff8411a4000 	C:\Users\Nguyen Ba Hien\AppData\Roaming\Code\User\globalStorage\redhat.java\1.46.0\config_win\org.eclipse.equinox.launcher\org.eclipse.equinox.launcher.win32.win32.x86_64_1.2.1400.v20250801-0854\eclipse_11916.dll
0x00007ff86d730000 - 0x00007ff86d85b000 	C:\WINDOWS\System32\ole32.dll
0x00007ff86af80000 - 0x00007ff86af98000 	C:\WINDOWS\SYSTEM32\CRYPTSP.dll
0x00007ff86a260000 - 0x00007ff86a298000 	C:\WINDOWS\system32\rsaenh.dll
0x00007ff86b190000 - 0x00007ff86b1be000 	C:\WINDOWS\SYSTEM32\USERENV.dll
0x00007ff86aba0000 - 0x00007ff86abac000 	C:\WINDOWS\SYSTEM32\CRYPTBASE.dll
0x00007ff86a6a0000 - 0x00007ff86a6db000 	C:\WINDOWS\SYSTEM32\IPHLPAPI.DLL
0x00007ff86da50000 - 0x00007ff86da58000 	C:\WINDOWS\System32\NSI.dll
0x00007ff83f8b0000 - 0x00007ff83f8f9000 	C:\Users\Nguyen Ba Hien\AppData\Local\Temp\jna-165784113\jna12433875612379395140.dll
0x00007ff86d860000 - 0x00007ff86d868000 	C:\WINDOWS\System32\PSAPI.DLL
0x00007ff866710000 - 0x00007ff866727000 	C:\WINDOWS\SYSTEM32\dhcpcsvc6.DLL
0x00007ff8666f0000 - 0x00007ff86670d000 	C:\WINDOWS\SYSTEM32\dhcpcsvc.DLL
0x00007ff84c5e0000 - 0x00007ff84c5ee000 	C:\Users\Nguyen Ba Hien\.vscode\extensions\redhat.java-1.46.0-win32-x64\jre\21.0.8-win32-x86_64\bin\sunmscapi.dll
0x00007ff86b330000 - 0x00007ff86b48d000 	C:\WINDOWS\System32\CRYPT32.dll
0x00007ff86aca0000 - 0x00007ff86acc7000 	C:\WINDOWS\SYSTEM32\ncrypt.dll
0x00007ff86ac60000 - 0x00007ff86ac9b000 	C:\WINDOWS\SYSTEM32\NTASN1.dll

JVMTI agents:
c:\Users\Nguyen Ba Hien\.vscode\extensions\redhat.java-1.46.0-win32-x64\lombok\lombok-1.18.39-4050.jar path:c:\Users\Nguyen Ba Hien\.vscode\extensions\redhat.java-1.46.0-win32-x64\jre\21.0.8-win32-x86_64\bin\instrument.dll, loaded, initialized, instrumentlib options:none

dbghelp: loaded successfully - version: 4.0.5 - missing functions: none
symbol engine: initialized successfully - sym options: 0x614 - pdb path: .;c:\Users\Nguyen Ba Hien\.vscode\extensions\redhat.java-1.46.0-win32-x64\jre\21.0.8-win32-x86_64\bin;C:\WINDOWS\SYSTEM32;C:\WINDOWS\WinSxS\amd64_microsoft.windows.common-controls_6595b64144ccf1df_6.0.19041.6456_none_60b8a6cb71f64256;c:\Users\Nguyen Ba Hien\.vscode\extensions\redhat.java-1.46.0-win32-x64\jre\21.0.8-win32-x86_64\bin\server;C:\Users\Nguyen Ba Hien\AppData\Roaming\Code\User\globalStorage\redhat.java\1.46.0\config_win\org.eclipse.equinox.launcher\org.eclipse.equinox.launcher.win32.win32.x86_64_1.2.1400.v20250801-0854;C:\Users\Nguyen Ba Hien\AppData\Local\Temp\jna-165784113

VM Arguments:
jvm_args: --add-modules=ALL-SYSTEM --add-opens=java.base/java.util=ALL-UNNAMED --add-opens=java.base/java.lang=ALL-UNNAMED --add-opens=java.base/sun.nio.fs=ALL-UNNAMED -Declipse.application=org.eclipse.jdt.ls.core.id1 -Dosgi.bundles.defaultStartLevel=4 -Declipse.product=org.eclipse.jdt.ls.core.product -Djava.import.generatesMetadataFilesAtProjectRoot=false -DDetectVMInstallationsJob.disabled=true -Dfile.encoding=utf8 -XX:+UseParallelGC -XX:GCTimeRatio=4 -XX:AdaptiveSizePolicyWeight=90 -Dsun.zip.disableMemoryMapping=true -Xmx2G -Xms100m -Xlog:disable -javaagent:c:\Users\Nguyen Ba Hien\.vscode\extensions\redhat.java-1.46.0-win32-x64\lombok\lombok-1.18.39-4050.jar -XX:+HeapDumpOnOutOfMemoryError -XX:HeapDumpPath=c:\Users\Nguyen Ba Hien\AppData\Roaming\Code\User\workspaceStorage\b22da1cfa8377f87c398d74d406c786e\redhat.java -Daether.dependencyCollector.impl=bf 
java_command: c:\Users\Nguyen Ba Hien\.vscode\extensions\redhat.java-1.46.0-win32-x64\server\plugins\org.eclipse.equinox.launcher_1.7.0.v20250519-0528.jar -configuration c:\Users\Nguyen Ba Hien\AppData\Roaming\Code\User\globalStorage\redhat.java\1.46.0\config_win -data c:\Users\Nguyen Ba Hien\AppData\Roaming\Code\User\workspaceStorage\b22da1cfa8377f87c398d74d406c786e\redhat.java\jdt_ws --pipe=\\.\pipe\lsp-b0771d0dae0e93d4402c0365c8e598dd-sock
java_class_path (initial): c:\Users\Nguyen Ba Hien\.vscode\extensions\redhat.java-1.46.0-win32-x64\server\plugins\org.eclipse.equinox.launcher_1.7.0.v20250519-0528.jar
Launcher Type: SUN_STANDARD

[Global flags]
    uintx AdaptiveSizePolicyWeight                 = 90                                        {product} {command line}
     intx CICompilerCount                          = 4                                         {product} {ergonomic}
    uintx GCTimeRatio                              = 4                                         {product} {command line}
     bool HeapDumpOnOutOfMemoryError               = true                                   {manageable} {command line}
    ccstr HeapDumpPath                             = c:\Users\Nguyen Ba Hien\AppData\Roaming\Code\User\workspaceStorage\b22da1cfa8377f87c398d74d406c786e\redhat.java         {manageable} {command line}
   size_t InitialHeapSize                          = 104857600                                 {product} {command line}
   size_t MaxHeapSize                              = 2147483648                                {product} {command line}
   size_t MaxNewSize                               = 715653120                                 {product} {ergonomic}
   size_t MinHeapDeltaBytes                        = 524288                                    {product} {ergonomic}
   size_t MinHeapSize                              = 104857600                                 {product} {command line}
   size_t NewSize                                  = 34603008                                  {product} {ergonomic}
    uintx NonNMethodCodeHeapSize                   = 5839372                                {pd product} {ergonomic}
    uintx NonProfiledCodeHeapSize                  = 122909434                              {pd product} {ergonomic}
   size_t OldSize                                  = 70254592                                  {product} {ergonomic}
    uintx ProfiledCodeHeapSize                     = 122909434                              {pd product} {ergonomic}
    uintx ReservedCodeCacheSize                    = 251658240                              {pd product} {ergonomic}
     bool SegmentedCodeCache                       = true                                      {product} {ergonomic}
   size_t SoftMaxHeapSize                          = 2147483648                             {manageable} {ergonomic}
     bool UseCompressedOops                        = true                           {product lp64_product} {ergonomic}
     bool UseLargePagesIndividualAllocation        = false                                  {pd product} {ergonomic}
     bool UseParallelGC                            = true                                      {product} {command line}

Logging:
Log output configuration:
 #0: stdout all=off uptime,level,tags foldmultilines=false
 #1: stderr all=off uptime,level,tags foldmultilines=false

Environment Variables:
JAVA_HOME=C:\Program Files\Java\jdk-22
PATH=C:\Program Files\Java\jdk-22\bin;C:\Program Files\Apache Software Foundation\apache-maven-3.9.9\bin;C:\Program Files\Common Files\Oracle\Java\javapath;C:\Program Files (x86)\Common Files\Oracle\Java\javapath;C:\WINDOWS\system32;C:\WINDOWS;C:\WINDOWS\System32\Wbem;C:\WINDOWS\System32\WindowsPowerShell\v1.0\;C:\WINDOWS\System32\OpenSSH\;C:\Program Files (x86)\Microsoft SQL Server\160\Tools\Binn\;C:\Program Files\Microsoft SQL Server\160\Tools\Binn\;C:\Program Files\Microsoft SQL Server\Client SDK\ODBC\170\Tools\Binn\;C:\Program Files\Microsoft SQL Server\160\DTS\Binn\;C:\Program Files\Docker\Docker\resources\bin;C:\Program Files\Git\cmd;C:\Program Files\Cloudflare\Cloudflare WARP\;C:\Program Files\nodejs\;C:\Users\Nguyen Ba Hien\AppData\Local\Programs\Python\Python312\Scripts\;C:\Users\Nguyen Ba Hien\AppData\Local\Programs\Python\Python312\;C:\Users\Nguyen Ba Hien\AppData\Local\Programs\Python\Python313\Scripts\;C:\Users\Nguyen Ba Hien\AppData\Local\Programs\Python\Python313\;C:\Program Files\MySQL\MySQL Shell 8.0\bin\;C:\Users\Nguyen Ba Hien\AppData\Local\Microsoft\WindowsApps;C:\Program Files\Azure Data Studio\bin;C:\Users\Nguyen Ba Hien\Desktop\Microsoft VS Code\bin;C:\Users\Nguyen Ba Hien\AppData\Roaming\npm
USERNAME=Nguyen Ba Hien
OS=Windows_NT
PROCESSOR_IDENTIFIER=Intel64 Family 6 Model 60 Stepping 3, GenuineIntel
TMP=C:\Users\NGUYEN~1\AppData\Local\Temp
TEMP=C:\Users\NGUYEN~1\AppData\Local\Temp




Periodic native trim disabled

---------------  S Y S T E M  ---------------

OS:
 Windows 10 , 64 bit Build 19041 (10.0.19041.5915)
OS uptime: 1 days 19:59 hours
Hyper-V role detected

CPU: total 8 (initial active 8) (4 cores per cpu, 2 threads per core) family 6 model 60 stepping 3 microcode 0x27, cx8, cmov, fxsr, ht, mmx, sse, sse2, sse3, ssse3, sse4.1, sse4.2, popcnt, lzcnt, tsc, tscinvbit, avx, avx2, aes, erms, clmul, bmi1, bmi2, fma, vzeroupper, clflush, hv, rdtscp, f16c
Processor Information for the first 8 processors :
  Max Mhz: 2801, Current Mhz: 2801, Mhz Limit: 2801

Memory: 4k page, system-wide physical 8073M (459M free)
TotalPageFile size 20285M (AvailPageFile size 4M)
current process WorkingSet (physical memory assigned to process): 688M, peak: 1105M
current process commit charge ("private bytes"): 1623M, peak: 1625M

vm_info: OpenJDK 64-Bit Server VM (21.0.8+9-LTS) for windows-amd64 JRE (21.0.8+9-LTS), built on 2025-07-15T00:00:00Z by "admin" with MS VC++ 17.7 (VS2022)

END.
